#
# There is insufficient memory for the Java Runtime Environment to continue.
# Native memory allocation (malloc) failed to allocate 1059008 bytes. Error detail: Chunk::new
# Possible reasons:
#   The system is out of physical RAM or swap space
#   This process is running with CompressedOops enabled, and the Java Heap may be blocking the growth of the native heap
# Possible solutions:
#   Reduce memory load on the system
#   Increase physical memory or swap space
#   Check if swap backing store is full
#   Decrease Java heap size (-Xmx/-Xms)
#   Decrease number of Java threads
#   Decrease Java thread stack sizes (-Xss)
#   Set larger code cache with -XX:ReservedCodeCacheSize=
#   JVM is running with Zero Based Compressed Oops mode in which the Java heap is
#     placed in the first 32GB address space. The Java Heap base address is the
#     maximum limit for the native heap growth. Please use -XX:HeapBaseMinAddress
#     to set the Java Heap base and to place the Java Heap above 32GB virtual address.
# This output file may be truncated or incomplete.
#
#  Out of Memory Error (arena.cpp:149), pid=18932, tid=4260
#
# JRE version: Java(TM) SE Runtime Environment (23.0.1+11) (build 23.0.1+11-39)
# Java VM: Java HotSpot(TM) 64-Bit Server VM (23.0.1+11-39, mixed mode, sharing, tiered, compressed oops, compressed class ptrs, g1 gc, windows-amd64)
# No core dump will be written. Minidumps are not enabled by default on client versions of Windows
#

---------------  S U M M A R Y ------------

Command Line: --enable-preview -javaagent:C:\Program Files\JetBrains\IntelliJ IDEA 2024.2.3\lib\idea_rt.jar=61338:C:\Program Files\JetBrains\IntelliJ IDEA 2024.2.3\bin -Dfile.encoding=UTF-8 -Dsun.stdout.encoding=UTF-8 -Dsun.stderr.encoding=UTF-8 Main

Host: 12th Gen Intel(R) Core(TM) i7-12700H, 20 cores, 15G,  Windows 11 , 64 bit Build 26100 (10.0.26100.3323)
Time: Wed Mar 19 06:03:16 2025 Türkiye Standart Saati elapsed time: 13.056018 seconds (0d 0h 0m 13s)

---------------  T H R E A D  ---------------

Current thread (0x000001f0239e4250):  JavaThread "C2 CompilerThread0" daemon [_thread_in_native, id=4260, stack(0x000000be79300000,0x000000be79400000) (1024K)]


Current CompileTask:
C2:13056 2347       4       sun.security.ec.ECOperations::setDouble (463 bytes)

Stack: [0x000000be79300000,0x000000be79400000]
Native frames: (J=compiled Java code, j=interpreted, Vv=VM code, C=native code)
V  [jvm.dll+0x6e08b9]  (no source info available)
V  [jvm.dll+0x87dc83]  (no source info available)
V  [jvm.dll+0x88010e]  (no source info available)
V  [jvm.dll+0x8807e3]  (no source info available)
V  [jvm.dll+0x27aee6]  (no source info available)
V  [jvm.dll+0xbc06f]  (no source info available)
V  [jvm.dll+0xbc2cb]  (no source info available)
V  [jvm.dll+0x3b3a9c]  (no source info available)
V  [jvm.dll+0x38a42b]  (no source info available)
V  [jvm.dll+0x38989a]  (no source info available)
V  [jvm.dll+0x244aa1]  (no source info available)
V  [jvm.dll+0x243dff]  (no source info available)
V  [jvm.dll+0x1c33a0]  (no source info available)
V  [jvm.dll+0x253cf1]  (no source info available)
V  [jvm.dll+0x251faa]  (no source info available)
V  [jvm.dll+0x3ee036]  (no source info available)
V  [jvm.dll+0x824f8b]  (no source info available)
V  [jvm.dll+0x6df065]  (no source info available)
C  [ucrtbase.dll+0x37b0]  (no source info available)
C  [KERNEL32.DLL+0x2e8d7]  (no source info available)
C  [ntdll.dll+0xbbf6c]  (no source info available)

Lock stack of current Java thread (top to bottom):


---------------  P R O C E S S  ---------------

Threads class SMR info:
_java_thread_list=0x000001f071663090, length=22, elements={
0x000001f0010c8630, 0x000001f023046910, 0x000001f023047570, 0x000001f02304e760,
0x000001f0239e0470, 0x000001f0239e1360, 0x000001f0239e2f00, 0x000001f0239e4250,
0x000001f0239e50b0, 0x000001f023b830b0, 0x000001f023cfd140, 0x000001f023c73810,
0x000001f06905ab10, 0x000001f069070580, 0x000001f069073a70, 0x000001f06907e960,
0x000001f07136b9b0, 0x000001f071368bc0, 0x000001f0713698e0, 0x000001f071368530,
0x000001f06a1e8c10, 0x000001f07136ac90
}

Java Threads: ( => current thread )
  0x000001f0010c8630 JavaThread "main"                              [_thread_in_native, id=16808, stack(0x000000be78500000,0x000000be78600000) (1024K)]
  0x000001f023046910 JavaThread "Reference Handler"          daemon [_thread_blocked, id=17524, stack(0x000000be78d00000,0x000000be78e00000) (1024K)]
  0x000001f023047570 JavaThread "Finalizer"                  daemon [_thread_blocked, id=35960, stack(0x000000be78e00000,0x000000be78f00000) (1024K)]
  0x000001f02304e760 JavaThread "Signal Dispatcher"          daemon [_thread_blocked, id=7608, stack(0x000000be78f00000,0x000000be79000000) (1024K)]
  0x000001f0239e0470 JavaThread "Attach Listener"            daemon [_thread_blocked, id=33496, stack(0x000000be79000000,0x000000be79100000) (1024K)]
  0x000001f0239e1360 JavaThread "Service Thread"             daemon [_thread_blocked, id=10708, stack(0x000000be79100000,0x000000be79200000) (1024K)]
  0x000001f0239e2f00 JavaThread "Monitor Deflation Thread"   daemon [_thread_blocked, id=33048, stack(0x000000be79200000,0x000000be79300000) (1024K)]
=>0x000001f0239e4250 JavaThread "C2 CompilerThread0"         daemon [_thread_in_native, id=4260, stack(0x000000be79300000,0x000000be79400000) (1024K)]
  0x000001f0239e50b0 JavaThread "C1 CompilerThread0"         daemon [_thread_blocked, id=26136, stack(0x000000be79400000,0x000000be79500000) (1024K)]
  0x000001f023b830b0 JavaThread "Common-Cleaner"             daemon [_thread_blocked, id=27732, stack(0x000000be79600000,0x000000be79700000) (1024K)]
  0x000001f023cfd140 JavaThread "Monitor Ctrl-Break"         daemon [_thread_in_native, id=36408, stack(0x000000be79a00000,0x000000be79b00000) (1024K)]
  0x000001f023c73810 JavaThread "Notification Thread"        daemon [_thread_blocked, id=29776, stack(0x000000be79b00000,0x000000be79c00000) (1024K)]
  0x000001f06905ab10 JavaThread "Java2D Disposer"            daemon [_thread_blocked, id=15956, stack(0x000000be79c00000,0x000000be79d00000) (1024K)]
  0x000001f069070580 JavaThread "AWT-Shutdown"                      [_thread_blocked, id=15984, stack(0x000000be79d00000,0x000000be79e00000) (1024K)]
  0x000001f069073a70 JavaThread "AWT-Windows"                daemon [_thread_in_native, id=41372, stack(0x000000be79e00000,0x000000be79f00000) (1024K)]
  0x000001f06907e960 JavaThread "AWT-EventQueue-0"                  [_thread_blocked, id=34260, stack(0x000000be79f00000,0x000000be7a000000) (1024K)]
  0x000001f07136b9b0 JavaThread "RMI TCP Accept-0"           daemon [_thread_in_native, id=9176, stack(0x000000be7b5b0000,0x000000be7b6b0000) (1024K)]
  0x000001f071368bc0 JavaThread "RMI TCP Connection(1)-192.168.1.4" daemon [_thread_in_native, id=16928, stack(0x000000be7b6b0000,0x000000be7b7b0000) (1024K)]
  0x000001f0713698e0 JavaThread "RMI Scheduler(0)"           daemon [_thread_blocked, id=33404, stack(0x000000be7a300000,0x000000be7a400000) (1024K)]
  0x000001f071368530 JavaThread "JMX server connection timeout 53" daemon [_thread_blocked, id=27728, stack(0x000000be79800000,0x000000be79900000) (1024K)]
  0x000001f06a1e8c10 JavaThread "C2 CompilerThread1"         daemon [_thread_blocked, id=13620, stack(0x000000be7a100000,0x000000be7a200000) (1024K)]
  0x000001f07136ac90 JavaThread "D3D Screen Updater"         daemon [_thread_in_native, id=41900, stack(0x000000be7a200000,0x000000be7a300000) (1024K)]
Total: 22

Other Threads:
  0x000001f02302eec0 VMThread "VM Thread"                           [id=5964, stack(0x000000be78c00000,0x000000be78d00000) (1024K)]
  0x000001f023019070 WatcherThread "VM Periodic Task Thread"        [id=12252, stack(0x000000be78b00000,0x000000be78c00000) (1024K)]
  0x000001f0035e38b0 WorkerThread "GC Thread#0"                     [id=21264, stack(0x000000be78600000,0x000000be78700000) (1024K)]
  0x000001f07151f6a0 WorkerThread "GC Thread#1"                     [id=35356, stack(0x000000be7a7b0000,0x000000be7a8b0000) (1024K)]
  0x000001f07151fa50 WorkerThread "GC Thread#2"                     [id=35112, stack(0x000000be7a8b0000,0x000000be7a9b0000) (1024K)]
  0x000001f06ac0e580 WorkerThread "GC Thread#3"                     [id=4572, stack(0x000000be7a9b0000,0x000000be7aab0000) (1024K)]
  0x000001f06a55ead0 WorkerThread "GC Thread#4"                     [id=39368, stack(0x000000be7aab0000,0x000000be7abb0000) (1024K)]
  0x000001f06951d200 WorkerThread "GC Thread#5"                     [id=7736, stack(0x000000be7abb0000,0x000000be7acb0000) (1024K)]
  0x000001f06951bf90 WorkerThread "GC Thread#6"                     [id=16944, stack(0x000000be7acb0000,0x000000be7adb0000) (1024K)]
  0x000001f06951caa0 WorkerThread "GC Thread#7"                     [id=27456, stack(0x000000be7adb0000,0x000000be7aeb0000) (1024K)]
  0x000001f06951d5b0 WorkerThread "GC Thread#8"                     [id=25164, stack(0x000000be7aeb0000,0x000000be7afb0000) (1024K)]
  0x000001f06951c340 WorkerThread "GC Thread#9"                     [id=23576, stack(0x000000be7afb0000,0x000000be7b0b0000) (1024K)]
  0x000001f06951c6f0 WorkerThread "GC Thread#10"                    [id=37632, stack(0x000000be7b0b0000,0x000000be7b1b0000) (1024K)]
  0x000001f06951ce50 WorkerThread "GC Thread#11"                    [id=5644, stack(0x000000be7b1b0000,0x000000be7b2b0000) (1024K)]
  0x000001f06951d960 WorkerThread "GC Thread#12"                    [id=30484, stack(0x000000be7b2b0000,0x000000be7b3b0000) (1024K)]
  0x000001f0715aa600 WorkerThread "GC Thread#13"                    [id=25280, stack(0x000000be7b3b0000,0x000000be7b4b0000) (1024K)]
  0x000001f0715abc20 WorkerThread "GC Thread#14"                    [id=35916, stack(0x000000be7b4b0000,0x000000be7b5b0000) (1024K)]
  0x000001f0035f82d0 ConcurrentGCThread "G1 Main Marker"            [id=17072, stack(0x000000be78700000,0x000000be78800000) (1024K)]
  0x000001f0035fac70 WorkerThread "G1 Conc#0"                       [id=24636, stack(0x000000be78800000,0x000000be78900000) (1024K)]
  0x000001f022ee3080 ConcurrentGCThread "G1 Refine#0"               [id=31052, stack(0x000000be78900000,0x000000be78a00000) (1024K)]
  0x000001f022ee4ab0 ConcurrentGCThread "G1 Service"                [id=31144, stack(0x000000be78a00000,0x000000be78b00000) (1024K)]
Total: 21

Threads with active compile tasks:
C2 CompilerThread0  14109 2347       4       sun.security.ec.ECOperations::setDouble (463 bytes)
Total: 1

VM state: not at safepoint (normal execution)

VM Mutex/Monitor currently owned by a thread: None

Heap address: 0x0000000704e00000, size: 4018 MB, Compressed Oops mode: Zero based, Oop shift amount: 3

CDS archive(s) mapped at: [0x000001f024000000-0x000001f024d70000-0x000001f024d70000), size 14090240, SharedBaseAddress: 0x000001f024000000, ArchiveRelocationMode: 1.
Compressed class space mapped at: 0x000001f025000000-0x000001f065000000, reserved size: 1073741824
Narrow klass base: 0x000001f024000000, Narrow klass shift: 0, Narrow klass range: 0x41000000

GC Precious Log:
 CardTable entry size: 512
 Card Set container configuration: InlinePtr #cards 4 size 8 Array Of Cards #cards 16 size 48 Howl #buckets 8 coarsen threshold 3686 Howl Bitmap #cards 512 size 80 coarsen threshold 460 Card regions per heap region 1 cards per card region 4096
 CPUs: 20 total, 20 available
 Memory: 16068M
 Large Page Support: Disabled
 NUMA Support: Disabled
 Compressed Oops: Enabled (Zero based)
 Heap Region Size: 2M
 Heap Min Capacity: 8M
 Heap Initial Capacity: 252M
 Heap Max Capacity: 4018M
 Pre-touch: Disabled
 Parallel Workers: 15
 Concurrent Workers: 4
 Concurrent Refinement Workers: 15
 Periodic GC: Disabled

Heap:
 garbage-first heap   total reserved 4114432K, committed 258048K, used 15076K [0x0000000704e00000, 0x0000000800000000)
  region size 2048K, 8 young (16384K), 2 survivors (4096K)
 Metaspace       used 18759K, committed 19136K, reserved 1114112K
  class space    used 2130K, committed 2304K, reserved 1048576K

Heap Regions: E=young(eden), S=young(survivor), O=old, HS=humongous(starts), HC=humongous(continues), CS=collection set, F=free, TAMS=top-at-mark-start, PB=parsable bottom
|   0|0x0000000704e00000, 0x0000000704eb9000, 0x0000000705000000| 36%| O|  |TAMS 0x0000000704e00000| PB 0x0000000704e00000| Untracked |  0
|   1|0x0000000705000000, 0x0000000705000000, 0x0000000705200000|  0%| F|  |TAMS 0x0000000705000000| PB 0x0000000705000000| Untracked |  0
|   2|0x0000000705200000, 0x0000000705200000, 0x0000000705400000|  0%| F|  |TAMS 0x0000000705200000| PB 0x0000000705200000| Untracked |  0
|   3|0x0000000705400000, 0x0000000705400000, 0x0000000705600000|  0%| F|  |TAMS 0x0000000705400000| PB 0x0000000705400000| Untracked |  0
|   4|0x0000000705600000, 0x0000000705600000, 0x0000000705800000|  0%| F|  |TAMS 0x0000000705600000| PB 0x0000000705600000| Untracked |  0
|   5|0x0000000705800000, 0x0000000705800000, 0x0000000705a00000|  0%| F|  |TAMS 0x0000000705800000| PB 0x0000000705800000| Untracked |  0
|   6|0x0000000705a00000, 0x0000000705a00000, 0x0000000705c00000|  0%| F|  |TAMS 0x0000000705a00000| PB 0x0000000705a00000| Untracked |  0
|   7|0x0000000705c00000, 0x0000000705c00000, 0x0000000705e00000|  0%| F|  |TAMS 0x0000000705c00000| PB 0x0000000705c00000| Untracked |  0
|   8|0x0000000705e00000, 0x0000000705e00000, 0x0000000706000000|  0%| F|  |TAMS 0x0000000705e00000| PB 0x0000000705e00000| Untracked |  0
|   9|0x0000000706000000, 0x0000000706000000, 0x0000000706200000|  0%| F|  |TAMS 0x0000000706000000| PB 0x0000000706000000| Untracked |  0
|  10|0x0000000706200000, 0x0000000706200000, 0x0000000706400000|  0%| F|  |TAMS 0x0000000706200000| PB 0x0000000706200000| Untracked |  0
|  11|0x0000000706400000, 0x0000000706400000, 0x0000000706600000|  0%| F|  |TAMS 0x0000000706400000| PB 0x0000000706400000| Untracked |  0
|  12|0x0000000706600000, 0x0000000706600000, 0x0000000706800000|  0%| F|  |TAMS 0x0000000706600000| PB 0x0000000706600000| Untracked |  0
|  13|0x0000000706800000, 0x0000000706800000, 0x0000000706a00000|  0%| F|  |TAMS 0x0000000706800000| PB 0x0000000706800000| Untracked |  0
|  14|0x0000000706a00000, 0x0000000706a00000, 0x0000000706c00000|  0%| F|  |TAMS 0x0000000706a00000| PB 0x0000000706a00000| Untracked |  0
|  15|0x0000000706c00000, 0x0000000706c00000, 0x0000000706e00000|  0%| F|  |TAMS 0x0000000706c00000| PB 0x0000000706c00000| Untracked |  0
|  16|0x0000000706e00000, 0x0000000706e00000, 0x0000000707000000|  0%| F|  |TAMS 0x0000000706e00000| PB 0x0000000706e00000| Untracked |  0
|  17|0x0000000707000000, 0x0000000707000000, 0x0000000707200000|  0%| F|  |TAMS 0x0000000707000000| PB 0x0000000707000000| Untracked |  0
|  18|0x0000000707200000, 0x0000000707200000, 0x0000000707400000|  0%| F|  |TAMS 0x0000000707200000| PB 0x0000000707200000| Untracked |  0
|  19|0x0000000707400000, 0x0000000707400000, 0x0000000707600000|  0%| F|  |TAMS 0x0000000707400000| PB 0x0000000707400000| Untracked |  0
|  20|0x0000000707600000, 0x0000000707600000, 0x0000000707800000|  0%| F|  |TAMS 0x0000000707600000| PB 0x0000000707600000| Untracked |  0
|  21|0x0000000707800000, 0x0000000707800000, 0x0000000707a00000|  0%| F|  |TAMS 0x0000000707800000| PB 0x0000000707800000| Untracked |  0
|  22|0x0000000707a00000, 0x0000000707a00000, 0x0000000707c00000|  0%| F|  |TAMS 0x0000000707a00000| PB 0x0000000707a00000| Untracked |  0
|  23|0x0000000707c00000, 0x0000000707c00000, 0x0000000707e00000|  0%| F|  |TAMS 0x0000000707c00000| PB 0x0000000707c00000| Untracked |  0
|  24|0x0000000707e00000, 0x0000000707e00000, 0x0000000708000000|  0%| F|  |TAMS 0x0000000707e00000| PB 0x0000000707e00000| Untracked |  0
|  25|0x0000000708000000, 0x0000000708000000, 0x0000000708200000|  0%| F|  |TAMS 0x0000000708000000| PB 0x0000000708000000| Untracked |  0
|  26|0x0000000708200000, 0x0000000708200000, 0x0000000708400000|  0%| F|  |TAMS 0x0000000708200000| PB 0x0000000708200000| Untracked |  0
|  27|0x0000000708400000, 0x0000000708400000, 0x0000000708600000|  0%| F|  |TAMS 0x0000000708400000| PB 0x0000000708400000| Untracked |  0
|  28|0x0000000708600000, 0x0000000708600000, 0x0000000708800000|  0%| F|  |TAMS 0x0000000708600000| PB 0x0000000708600000| Untracked |  0
|  29|0x0000000708800000, 0x0000000708800000, 0x0000000708a00000|  0%| F|  |TAMS 0x0000000708800000| PB 0x0000000708800000| Untracked |  0
|  30|0x0000000708a00000, 0x0000000708a00000, 0x0000000708c00000|  0%| F|  |TAMS 0x0000000708a00000| PB 0x0000000708a00000| Untracked |  0
|  31|0x0000000708c00000, 0x0000000708c00000, 0x0000000708e00000|  0%| F|  |TAMS 0x0000000708c00000| PB 0x0000000708c00000| Untracked |  0
|  32|0x0000000708e00000, 0x0000000708e00000, 0x0000000709000000|  0%| F|  |TAMS 0x0000000708e00000| PB 0x0000000708e00000| Untracked |  0
|  33|0x0000000709000000, 0x0000000709000000, 0x0000000709200000|  0%| F|  |TAMS 0x0000000709000000| PB 0x0000000709000000| Untracked |  0
|  34|0x0000000709200000, 0x0000000709200000, 0x0000000709400000|  0%| F|  |TAMS 0x0000000709200000| PB 0x0000000709200000| Untracked |  0
|  35|0x0000000709400000, 0x0000000709400000, 0x0000000709600000|  0%| F|  |TAMS 0x0000000709400000| PB 0x0000000709400000| Untracked |  0
|  36|0x0000000709600000, 0x0000000709600000, 0x0000000709800000|  0%| F|  |TAMS 0x0000000709600000| PB 0x0000000709600000| Untracked |  0
|  37|0x0000000709800000, 0x0000000709800000, 0x0000000709a00000|  0%| F|  |TAMS 0x0000000709800000| PB 0x0000000709800000| Untracked |  0
|  38|0x0000000709a00000, 0x0000000709a00000, 0x0000000709c00000|  0%| F|  |TAMS 0x0000000709a00000| PB 0x0000000709a00000| Untracked |  0
|  39|0x0000000709c00000, 0x0000000709c00000, 0x0000000709e00000|  0%| F|  |TAMS 0x0000000709c00000| PB 0x0000000709c00000| Untracked |  0
|  40|0x0000000709e00000, 0x0000000709e00000, 0x000000070a000000|  0%| F|  |TAMS 0x0000000709e00000| PB 0x0000000709e00000| Untracked |  0
|  41|0x000000070a000000, 0x000000070a000000, 0x000000070a200000|  0%| F|  |TAMS 0x000000070a000000| PB 0x000000070a000000| Untracked |  0
|  42|0x000000070a200000, 0x000000070a200000, 0x000000070a400000|  0%| F|  |TAMS 0x000000070a200000| PB 0x000000070a200000| Untracked |  0
|  43|0x000000070a400000, 0x000000070a400000, 0x000000070a600000|  0%| F|  |TAMS 0x000000070a400000| PB 0x000000070a400000| Untracked |  0
|  44|0x000000070a600000, 0x000000070a600000, 0x000000070a800000|  0%| F|  |TAMS 0x000000070a600000| PB 0x000000070a600000| Untracked |  0
|  45|0x000000070a800000, 0x000000070a800000, 0x000000070aa00000|  0%| F|  |TAMS 0x000000070a800000| PB 0x000000070a800000| Untracked |  0
|  46|0x000000070aa00000, 0x000000070aa00000, 0x000000070ac00000|  0%| F|  |TAMS 0x000000070aa00000| PB 0x000000070aa00000| Untracked |  0
|  47|0x000000070ac00000, 0x000000070ac00000, 0x000000070ae00000|  0%| F|  |TAMS 0x000000070ac00000| PB 0x000000070ac00000| Untracked |  0
|  48|0x000000070ae00000, 0x000000070ae00000, 0x000000070b000000|  0%| F|  |TAMS 0x000000070ae00000| PB 0x000000070ae00000| Untracked |  0
|  49|0x000000070b000000, 0x000000070b000000, 0x000000070b200000|  0%| F|  |TAMS 0x000000070b000000| PB 0x000000070b000000| Untracked |  0
|  50|0x000000070b200000, 0x000000070b200000, 0x000000070b400000|  0%| F|  |TAMS 0x000000070b200000| PB 0x000000070b200000| Untracked |  0
|  51|0x000000070b400000, 0x000000070b400000, 0x000000070b600000|  0%| F|  |TAMS 0x000000070b400000| PB 0x000000070b400000| Untracked |  0
|  52|0x000000070b600000, 0x000000070b600000, 0x000000070b800000|  0%| F|  |TAMS 0x000000070b600000| PB 0x000000070b600000| Untracked |  0
|  53|0x000000070b800000, 0x000000070b800000, 0x000000070ba00000|  0%| F|  |TAMS 0x000000070b800000| PB 0x000000070b800000| Untracked |  0
|  54|0x000000070ba00000, 0x000000070ba00000, 0x000000070bc00000|  0%| F|  |TAMS 0x000000070ba00000| PB 0x000000070ba00000| Untracked |  0
|  55|0x000000070bc00000, 0x000000070bc00000, 0x000000070be00000|  0%| F|  |TAMS 0x000000070bc00000| PB 0x000000070bc00000| Untracked |  0
|  56|0x000000070be00000, 0x000000070be00000, 0x000000070c000000|  0%| F|  |TAMS 0x000000070be00000| PB 0x000000070be00000| Untracked |  0
|  57|0x000000070c000000, 0x000000070c000000, 0x000000070c200000|  0%| F|  |TAMS 0x000000070c000000| PB 0x000000070c000000| Untracked |  0
|  58|0x000000070c200000, 0x000000070c200000, 0x000000070c400000|  0%| F|  |TAMS 0x000000070c200000| PB 0x000000070c200000| Untracked |  0
|  59|0x000000070c400000, 0x000000070c400000, 0x000000070c600000|  0%| F|  |TAMS 0x000000070c400000| PB 0x000000070c400000| Untracked |  0
|  60|0x000000070c600000, 0x000000070c600000, 0x000000070c800000|  0%| F|  |TAMS 0x000000070c600000| PB 0x000000070c600000| Untracked |  0
|  61|0x000000070c800000, 0x000000070c800000, 0x000000070ca00000|  0%| F|  |TAMS 0x000000070c800000| PB 0x000000070c800000| Untracked |  0
|  62|0x000000070ca00000, 0x000000070ca00000, 0x000000070cc00000|  0%| F|  |TAMS 0x000000070ca00000| PB 0x000000070ca00000| Untracked |  0
|  63|0x000000070cc00000, 0x000000070cc00000, 0x000000070ce00000|  0%| F|  |TAMS 0x000000070cc00000| PB 0x000000070cc00000| Untracked |  0
|  64|0x000000070ce00000, 0x000000070ce00000, 0x000000070d000000|  0%| F|  |TAMS 0x000000070ce00000| PB 0x000000070ce00000| Untracked |  0
|  65|0x000000070d000000, 0x000000070d000000, 0x000000070d200000|  0%| F|  |TAMS 0x000000070d000000| PB 0x000000070d000000| Untracked |  0
|  66|0x000000070d200000, 0x000000070d200000, 0x000000070d400000|  0%| F|  |TAMS 0x000000070d200000| PB 0x000000070d200000| Untracked |  0
|  67|0x000000070d400000, 0x000000070d400000, 0x000000070d600000|  0%| F|  |TAMS 0x000000070d400000| PB 0x000000070d400000| Untracked |  0
|  68|0x000000070d600000, 0x000000070d600000, 0x000000070d800000|  0%| F|  |TAMS 0x000000070d600000| PB 0x000000070d600000| Untracked |  0
|  69|0x000000070d800000, 0x000000070d800000, 0x000000070da00000|  0%| F|  |TAMS 0x000000070d800000| PB 0x000000070d800000| Untracked |  0
|  70|0x000000070da00000, 0x000000070da00000, 0x000000070dc00000|  0%| F|  |TAMS 0x000000070da00000| PB 0x000000070da00000| Untracked |  0
|  71|0x000000070dc00000, 0x000000070dc00000, 0x000000070de00000|  0%| F|  |TAMS 0x000000070dc00000| PB 0x000000070dc00000| Untracked |  0
|  72|0x000000070de00000, 0x000000070de00000, 0x000000070e000000|  0%| F|  |TAMS 0x000000070de00000| PB 0x000000070de00000| Untracked |  0
|  73|0x000000070e000000, 0x000000070e000000, 0x000000070e200000|  0%| F|  |TAMS 0x000000070e000000| PB 0x000000070e000000| Untracked |  0
|  74|0x000000070e200000, 0x000000070e200000, 0x000000070e400000|  0%| F|  |TAMS 0x000000070e200000| PB 0x000000070e200000| Untracked |  0
|  75|0x000000070e400000, 0x000000070e400000, 0x000000070e600000|  0%| F|  |TAMS 0x000000070e400000| PB 0x000000070e400000| Untracked |  0
|  76|0x000000070e600000, 0x000000070e600000, 0x000000070e800000|  0%| F|  |TAMS 0x000000070e600000| PB 0x000000070e600000| Untracked |  0
|  77|0x000000070e800000, 0x000000070e800000, 0x000000070ea00000|  0%| F|  |TAMS 0x000000070e800000| PB 0x000000070e800000| Untracked |  0
|  78|0x000000070ea00000, 0x000000070ea00000, 0x000000070ec00000|  0%| F|  |TAMS 0x000000070ea00000| PB 0x000000070ea00000| Untracked |  0
|  79|0x000000070ec00000, 0x000000070ec00000, 0x000000070ee00000|  0%| F|  |TAMS 0x000000070ec00000| PB 0x000000070ec00000| Untracked |  0
|  80|0x000000070ee00000, 0x000000070ee00000, 0x000000070f000000|  0%| F|  |TAMS 0x000000070ee00000| PB 0x000000070ee00000| Untracked |  0
|  81|0x000000070f000000, 0x000000070f000000, 0x000000070f200000|  0%| F|  |TAMS 0x000000070f000000| PB 0x000000070f000000| Untracked |  0
|  82|0x000000070f200000, 0x000000070f200000, 0x000000070f400000|  0%| F|  |TAMS 0x000000070f200000| PB 0x000000070f200000| Untracked |  0
|  83|0x000000070f400000, 0x000000070f400000, 0x000000070f600000|  0%| F|  |TAMS 0x000000070f400000| PB 0x000000070f400000| Untracked |  0
|  84|0x000000070f600000, 0x000000070f600000, 0x000000070f800000|  0%| F|  |TAMS 0x000000070f600000| PB 0x000000070f600000| Untracked |  0
|  85|0x000000070f800000, 0x000000070f800000, 0x000000070fa00000|  0%| F|  |TAMS 0x000000070f800000| PB 0x000000070f800000| Untracked |  0
|  86|0x000000070fa00000, 0x000000070fa00000, 0x000000070fc00000|  0%| F|  |TAMS 0x000000070fa00000| PB 0x000000070fa00000| Untracked |  0
|  87|0x000000070fc00000, 0x000000070fc00000, 0x000000070fe00000|  0%| F|  |TAMS 0x000000070fc00000| PB 0x000000070fc00000| Untracked |  0
|  88|0x000000070fe00000, 0x000000070fe00000, 0x0000000710000000|  0%| F|  |TAMS 0x000000070fe00000| PB 0x000000070fe00000| Untracked |  0
|  89|0x0000000710000000, 0x0000000710000000, 0x0000000710200000|  0%| F|  |TAMS 0x0000000710000000| PB 0x0000000710000000| Untracked |  0
|  90|0x0000000710200000, 0x0000000710200000, 0x0000000710400000|  0%| F|  |TAMS 0x0000000710200000| PB 0x0000000710200000| Untracked |  0
|  91|0x0000000710400000, 0x0000000710400000, 0x0000000710600000|  0%| F|  |TAMS 0x0000000710400000| PB 0x0000000710400000| Untracked |  0
|  92|0x0000000710600000, 0x0000000710600000, 0x0000000710800000|  0%| F|  |TAMS 0x0000000710600000| PB 0x0000000710600000| Untracked |  0
|  93|0x0000000710800000, 0x0000000710800000, 0x0000000710a00000|  0%| F|  |TAMS 0x0000000710800000| PB 0x0000000710800000| Untracked |  0
|  94|0x0000000710a00000, 0x0000000710a00000, 0x0000000710c00000|  0%| F|  |TAMS 0x0000000710a00000| PB 0x0000000710a00000| Untracked |  0
|  95|0x0000000710c00000, 0x0000000710c00000, 0x0000000710e00000|  0%| F|  |TAMS 0x0000000710c00000| PB 0x0000000710c00000| Untracked |  0
|  96|0x0000000710e00000, 0x0000000710e00000, 0x0000000711000000|  0%| F|  |TAMS 0x0000000710e00000| PB 0x0000000710e00000| Untracked |  0
|  97|0x0000000711000000, 0x0000000711000000, 0x0000000711200000|  0%| F|  |TAMS 0x0000000711000000| PB 0x0000000711000000| Untracked |  0
|  98|0x0000000711200000, 0x0000000711200000, 0x0000000711400000|  0%| F|  |TAMS 0x0000000711200000| PB 0x0000000711200000| Untracked |  0
|  99|0x0000000711400000, 0x0000000711400000, 0x0000000711600000|  0%| F|  |TAMS 0x0000000711400000| PB 0x0000000711400000| Untracked |  0
| 100|0x0000000711600000, 0x0000000711600000, 0x0000000711800000|  0%| F|  |TAMS 0x0000000711600000| PB 0x0000000711600000| Untracked |  0
| 101|0x0000000711800000, 0x0000000711800000, 0x0000000711a00000|  0%| F|  |TAMS 0x0000000711800000| PB 0x0000000711800000| Untracked |  0
| 102|0x0000000711a00000, 0x0000000711a00000, 0x0000000711c00000|  0%| F|  |TAMS 0x0000000711a00000| PB 0x0000000711a00000| Untracked |  0
| 103|0x0000000711c00000, 0x0000000711c00000, 0x0000000711e00000|  0%| F|  |TAMS 0x0000000711c00000| PB 0x0000000711c00000| Untracked |  0
| 104|0x0000000711e00000, 0x0000000711e00000, 0x0000000712000000|  0%| F|  |TAMS 0x0000000711e00000| PB 0x0000000711e00000| Untracked |  0
| 105|0x0000000712000000, 0x0000000712000000, 0x0000000712200000|  0%| F|  |TAMS 0x0000000712000000| PB 0x0000000712000000| Untracked |  0
| 106|0x0000000712200000, 0x0000000712200000, 0x0000000712400000|  0%| F|  |TAMS 0x0000000712200000| PB 0x0000000712200000| Untracked |  0
| 107|0x0000000712400000, 0x0000000712400000, 0x0000000712600000|  0%| F|  |TAMS 0x0000000712400000| PB 0x0000000712400000| Untracked |  0
| 108|0x0000000712600000, 0x0000000712600000, 0x0000000712800000|  0%| F|  |TAMS 0x0000000712600000| PB 0x0000000712600000| Untracked |  0
| 109|0x0000000712800000, 0x0000000712800000, 0x0000000712a00000|  0%| F|  |TAMS 0x0000000712800000| PB 0x0000000712800000| Untracked |  0
| 110|0x0000000712a00000, 0x0000000712a00000, 0x0000000712c00000|  0%| F|  |TAMS 0x0000000712a00000| PB 0x0000000712a00000| Untracked |  0
| 111|0x0000000712c00000, 0x0000000712c00000, 0x0000000712e00000|  0%| F|  |TAMS 0x0000000712c00000| PB 0x0000000712c00000| Untracked |  0
| 112|0x0000000712e00000, 0x0000000713000000, 0x0000000713000000|100%| S|CS|TAMS 0x0000000712e00000| PB 0x0000000712e00000| Complete |  0
| 113|0x0000000713000000, 0x0000000713200000, 0x0000000713200000|100%| S|CS|TAMS 0x0000000713000000| PB 0x0000000713000000| Complete |  0
| 114|0x0000000713200000, 0x0000000713200000, 0x0000000713400000|  0%| F|  |TAMS 0x0000000713200000| PB 0x0000000713200000| Untracked |  0
| 115|0x0000000713400000, 0x0000000713400000, 0x0000000713600000|  0%| F|  |TAMS 0x0000000713400000| PB 0x0000000713400000| Untracked |  0
| 116|0x0000000713600000, 0x0000000713600000, 0x0000000713800000|  0%| F|  |TAMS 0x0000000713600000| PB 0x0000000713600000| Untracked |  0
| 117|0x0000000713800000, 0x0000000713800000, 0x0000000713a00000|  0%| F|  |TAMS 0x0000000713800000| PB 0x0000000713800000| Untracked |  0
| 118|0x0000000713a00000, 0x0000000713a00000, 0x0000000713c00000|  0%| F|  |TAMS 0x0000000713a00000| PB 0x0000000713a00000| Untracked |  0
| 119|0x0000000713c00000, 0x0000000713c00000, 0x0000000713e00000|  0%| F|  |TAMS 0x0000000713c00000| PB 0x0000000713c00000| Untracked |  0
| 120|0x0000000713e00000, 0x0000000713e1a708, 0x0000000714000000|  5%| E|  |TAMS 0x0000000713e00000| PB 0x0000000713e00000| Complete |  0
| 121|0x0000000714000000, 0x0000000714200000, 0x0000000714200000|100%| E|CS|TAMS 0x0000000714000000| PB 0x0000000714000000| Complete |  0
| 122|0x0000000714200000, 0x0000000714400000, 0x0000000714400000|100%| E|CS|TAMS 0x0000000714200000| PB 0x0000000714200000| Complete |  0
| 123|0x0000000714400000, 0x0000000714600000, 0x0000000714600000|100%| E|CS|TAMS 0x0000000714400000| PB 0x0000000714400000| Complete |  0
| 124|0x0000000714600000, 0x0000000714800000, 0x0000000714800000|100%| E|CS|TAMS 0x0000000714600000| PB 0x0000000714600000| Complete |  0
| 125|0x0000000714800000, 0x0000000714a00000, 0x0000000714a00000|100%| E|CS|TAMS 0x0000000714800000| PB 0x0000000714800000| Complete |  0

Card table byte_map: [0x000001f01c040000,0x000001f01c820000] _byte_map_base: 0x000001f018819000

Marking Bits: (CMBitMap*) 0x000001f0035e3fc0
 Bits: [0x000001f01c820000, 0x000001f0206e8000)

Polling page: 0x000001f002bd0000

Metaspace:

Usage:
  Non-class:     16.24 MB used.
      Class:      2.08 MB used.
       Both:     18.32 MB used.

Virtual space:
  Non-class space:       64.00 MB reserved,      16.44 MB ( 26%) committed,  1 nodes.
      Class space:        1.00 GB reserved,       2.25 MB ( <1%) committed,  1 nodes.
             Both:        1.06 GB reserved,      18.69 MB (  2%) committed. 

Chunk freelists:
   Non-Class:  14.98 MB
       Class:  13.75 MB
        Both:  28.73 MB

MaxMetaspaceSize: unlimited
CompressedClassSpaceSize: 1.00 GB
Initial GC threshold: 21.00 MB
Current GC threshold: 21.00 MB
CDS: on
 - commit_granule_bytes: 65536.
 - commit_granule_words: 8192.
 - virtual_space_node_default_size: 8388608.
 - enlarge_chunks_in_place: 1.
 - use_allocation_guard: 0.


Internal statistics:

num_allocs_failed_limit: 0.
num_arena_births: 344.
num_arena_deaths: 0.
num_vsnodes_births: 2.
num_vsnodes_deaths: 0.
num_space_committed: 299.
num_space_uncommitted: 0.
num_chunks_returned_to_freelist: 0.
num_chunks_taken_from_freelist: 506.
num_chunk_merges: 0.
num_chunk_splits: 296.
num_chunks_enlarged: 154.
num_inconsistent_stats: 0.

CodeHeap 'non-profiled nmethods': size=119232Kb used=747Kb max_used=747Kb free=118484Kb
 bounds [0x000001f013840000, 0x000001f013ab0000, 0x000001f01acb0000]
CodeHeap 'profiled nmethods': size=119104Kb used=3330Kb max_used=3330Kb free=115773Kb
 bounds [0x000001f00bcb0000, 0x000001f00c000000, 0x000001f013100000]
CodeHeap 'non-nmethods': size=7424Kb used=1664Kb max_used=3294Kb free=5759Kb
 bounds [0x000001f013100000, 0x000001f013440000, 0x000001f013840000]
CodeCache: size=245760Kb, used=5741Kb, max_used=7371Kb, free=240016Kb
 total_blobs=3141, nmethods=2421, adapters=625, full_count=0
Compilation: enabled, stopped_count=0, restarted_count=0

Compilation events (20 events):
Event: 9.016 Thread 0x000001f0239e50b0 2426       3       java.awt.Component::getContainer (5 bytes)
Event: 9.017 Thread 0x000001f0239e50b0 nmethod 2426 0x000001f00bfece08 code [0x000001f00bfecf20, 0x000001f00bfed048]
Event: 9.017 Thread 0x000001f0239e50b0 2427       3       java.lang.Module::getClassLoader (20 bytes)
Event: 9.017 Thread 0x000001f0239e50b0 nmethod 2427 0x000001f00bfed108 code [0x000001f00bfed240, 0x000001f00bfed438]
Event: 9.017 Thread 0x000001f023b74f00 nmethod 2418 0x000001f0138f7c08 code [0x000001f0138f7d00, 0x000001f0138f7e90]
Event: 9.020 Thread 0x000001f06a1e92e0 nmethod 2415 0x000001f0138f8288 code [0x000001f0138f8400, 0x000001f0138f8968]
Event: 9.021 Thread 0x000001f023b74f00 2430       4       java.nio.Buffer::remaining (20 bytes)
Event: 9.021 Thread 0x000001f023b74f00 nmethod 2430 0x000001f0138f8a08 code [0x000001f0138f8b00, 0x000001f0138f8b88]
Event: 9.022 Thread 0x000001f0239e50b0 2431       3       sun.nio.ch.NativeThread::current (15 bytes)
Event: 9.022 Thread 0x000001f0239e50b0 nmethod 2431 0x000001f00bfed488 code [0x000001f00bfed5c0, 0x000001f00bfed868]
Event: 9.024 Thread 0x000001f023b74f00 2432       4       sun.security.provider.SHA2::implCompress (13 bytes)
Event: 9.024 Thread 0x000001f0239e50b0 2433       3       java.security.MessageDigest::isEqual (100 bytes)
Event: 9.024 Thread 0x000001f0239e50b0 nmethod 2433 0x000001f00bfed888 code [0x000001f00bfed9e0, 0x000001f00bfedd90]
Event: 9.026 Thread 0x000001f023b74f00 nmethod 2432 0x000001f0138f8d08 code [0x000001f0138f8e00, 0x000001f0138f8f30]
Event: 9.027 Thread 0x000001f0239e50b0 2434       3       java.lang.Math::min (12 bytes)
Event: 9.027 Thread 0x000001f0239e50b0 nmethod 2434 0x000001f00bfede08 code [0x000001f00bfedf20, 0x000001f00bfee050]
Event: 10.027 Thread 0x000001f0239e50b0 2435       3       java.util.zip.ZipFile$Source::getEntryPos (164 bytes)
Event: 10.027 Thread 0x000001f0239e50b0 nmethod 2435 0x000001f00bfee108 code [0x000001f00bfee2c0, 0x000001f00bfeeb88]
Event: 10.027 Thread 0x000001f0239e50b0 2436       3       java.util.zip.ZipFile$Source::getEntryNext (9 bytes)
Event: 10.028 Thread 0x000001f0239e50b0 nmethod 2436 0x000001f00bfeec08 code [0x000001f00bfeed20, 0x000001f00bfeee60]

GC Heap History (2 events):
Event: 1.704 GC heap before
{Heap before GC invocations=0 (full 0):
 garbage-first heap   total reserved 4114432K, committed 258048K, used 24576K [0x0000000704e00000, 0x0000000800000000)
  region size 2048K, 12 young (24576K), 0 survivors (0K)
 Metaspace       used 12153K, committed 12416K, reserved 1114112K
  class space    used 1326K, committed 1472K, reserved 1048576K
}
Event: 1.709 GC heap after
{Heap after GC invocations=1 (full 0):
 garbage-first heap   total reserved 4114432K, committed 258048K, used 4836K [0x0000000704e00000, 0x0000000800000000)
  region size 2048K, 2 young (4096K), 2 survivors (4096K)
 Metaspace       used 12153K, committed 12416K, reserved 1114112K
  class space    used 1326K, committed 1472K, reserved 1048576K
}

Dll operation events (16 events):
Event: 0.035 Loaded shared library C:\Program Files\Java\jdk-23\bin\java.dll
Event: 0.061 Loaded shared library C:\Program Files\Java\jdk-23\bin\jsvml.dll
Event: 0.087 Loaded shared library C:\Program Files\Java\jdk-23\bin\zip.dll
Event: 0.091 Loaded shared library C:\Program Files\Java\jdk-23\bin\instrument.dll
Event: 0.095 Loaded shared library C:\Program Files\Java\jdk-23\bin\net.dll
Event: 0.096 Loaded shared library C:\Program Files\Java\jdk-23\bin\nio.dll
Event: 0.099 Loaded shared library C:\Program Files\Java\jdk-23\bin\zip.dll
Event: 0.115 Loaded shared library C:\Program Files\JetBrains\IntelliJ IDEA 2024.2.3\bin\breakgen64.dll
Event: 0.118 Loaded shared library C:\Program Files\Java\jdk-23\bin\jimage.dll
Event: 0.122 Loaded shared library C:\Program Files\Java\jdk-23\bin\extnet.dll
Event: 0.133 Loaded shared library C:\Program Files\Java\jdk-23\bin\awt.dll
Event: 0.329 Loaded shared library C:\Program Files\Java\jdk-23\bin\management.dll
Event: 0.369 Loaded shared library C:\Program Files\Java\jdk-23\bin\management_ext.dll
Event: 1.704 Loaded shared library C:\Program Files\Java\jdk-23\bin\freetype.dll
Event: 1.712 Loaded shared library C:\Program Files\Java\jdk-23\bin\fontmanager.dll
Event: 5.855 Loaded shared library C:\Program Files\Java\jdk-23\bin\sunmscapi.dll

Deoptimization events (20 events):
Event: 7.977 Thread 0x000001f0010c8630 Uncommon trap: trap_request=0xffffffde fr.pc=0x000001f0138eb08c relative=0x000000000000016c
Event: 7.977 Thread 0x000001f0010c8630 Uncommon trap: reason=class_check action=maybe_recompile pc=0x000001f0138eb08c method=sun.security.util.math.intpoly.IntegerPolynomial.multByInt([JJ)V @ 26 c2
Event: 7.977 Thread 0x000001f0010c8630 DEOPT PACKING pc=0x000001f0138eb08c sp=0x000000be785fdff0
Event: 7.977 Thread 0x000001f0010c8630 DEOPT UNPACKING pc=0x000001f013154402 sp=0x000000be785fdf90 mode 2
Event: 7.979 Thread 0x000001f0010c8630 Uncommon trap: trap_request=0xffffffde fr.pc=0x000001f0138f1cb4 relative=0x00000000000011b4
Event: 7.979 Thread 0x000001f0010c8630 Uncommon trap: reason=class_check action=maybe_recompile pc=0x000001f0138f1cb4 method=sun.security.util.math.intpoly.IntegerPolynomial$MutableElement.setProduct(Lsun/security/util/math/IntegerModuloP;)Lsun/security/util/math/intpoly/IntegerPolynomial$Muta
Event: 7.979 Thread 0x000001f0010c8630 DEOPT PACKING pc=0x000001f0138f1cb4 sp=0x000000be785fdfc0
Event: 7.979 Thread 0x000001f0010c8630 DEOPT UNPACKING pc=0x000001f013154402 sp=0x000000be785fe030 mode 2
Event: 7.979 Thread 0x000001f0010c8630 Uncommon trap: trap_request=0xffffffde fr.pc=0x000001f0138f1cb4 relative=0x00000000000011b4
Event: 7.979 Thread 0x000001f0010c8630 Uncommon trap: reason=class_check action=maybe_recompile pc=0x000001f0138f1cb4 method=sun.security.util.math.intpoly.IntegerPolynomial$MutableElement.setProduct(Lsun/security/util/math/IntegerModuloP;)Lsun/security/util/math/intpoly/IntegerPolynomial$Muta
Event: 7.979 Thread 0x000001f0010c8630 DEOPT PACKING pc=0x000001f0138f1cb4 sp=0x000000be785fdfc0
Event: 7.979 Thread 0x000001f0010c8630 DEOPT UNPACKING pc=0x000001f013154402 sp=0x000000be785fe030 mode 2
Event: 7.979 Thread 0x000001f0010c8630 Uncommon trap: trap_request=0xffffffde fr.pc=0x000001f0138f1cb4 relative=0x00000000000011b4
Event: 7.979 Thread 0x000001f0010c8630 Uncommon trap: reason=class_check action=maybe_recompile pc=0x000001f0138f1cb4 method=sun.security.util.math.intpoly.IntegerPolynomial$MutableElement.setProduct(Lsun/security/util/math/IntegerModuloP;)Lsun/security/util/math/intpoly/IntegerPolynomial$Muta
Event: 7.979 Thread 0x000001f0010c8630 DEOPT PACKING pc=0x000001f0138f1cb4 sp=0x000000be785fdfc0
Event: 7.979 Thread 0x000001f0010c8630 DEOPT UNPACKING pc=0x000001f013154402 sp=0x000000be785fe030 mode 2
Event: 7.979 Thread 0x000001f0010c8630 Uncommon trap: trap_request=0xffffffde fr.pc=0x000001f0138f1cb4 relative=0x00000000000011b4
Event: 7.979 Thread 0x000001f0010c8630 Uncommon trap: reason=class_check action=maybe_recompile pc=0x000001f0138f1cb4 method=sun.security.util.math.intpoly.IntegerPolynomial$MutableElement.setProduct(Lsun/security/util/math/IntegerModuloP;)Lsun/security/util/math/intpoly/IntegerPolynomial$Muta
Event: 7.980 Thread 0x000001f0010c8630 DEOPT PACKING pc=0x000001f0138f1cb4 sp=0x000000be785fdfc0
Event: 7.980 Thread 0x000001f0010c8630 DEOPT UNPACKING pc=0x000001f013154402 sp=0x000000be785fe030 mode 2

Classes loaded (20 events):
Event: 9.020 Loading class com/sun/crypto/provider/GHASH
Event: 9.020 Loading class com/sun/crypto/provider/GHASH done
Event: 9.020 Loading class com/sun/crypto/provider/GaloisCounterMode$EncryptOp
Event: 9.020 Loading class com/sun/crypto/provider/GaloisCounterMode$GCMOperation
Event: 9.020 Loading class com/sun/crypto/provider/GaloisCounterMode$GCMOperation done
Event: 9.020 Loading class com/sun/crypto/provider/GaloisCounterMode$EncryptOp done
Event: 9.020 Loading class com/sun/crypto/provider/AEADBufferedStream
Event: 9.020 Loading class com/sun/crypto/provider/AEADBufferedStream done
Event: 9.022 Loading class sun/security/ssl/SSLCipher$T12GcmReadCipherGenerator$GcmReadCipher
Event: 9.022 Loading class sun/security/ssl/SSLCipher$T12GcmReadCipherGenerator$GcmReadCipher done
Event: 9.023 Loading class com/sun/crypto/provider/GaloisCounterMode$GCMDecrypt
Event: 9.023 Loading class com/sun/crypto/provider/GaloisCounterMode$GCMDecrypt done
Event: 9.023 Loading class com/sun/crypto/provider/GaloisCounterMode$DecryptOp
Event: 9.023 Loading class com/sun/crypto/provider/GaloisCounterMode$DecryptOp done
Event: 9.023 Loading class jdk/internal/event/TLSHandshakeEvent
Event: 9.023 Loading class jdk/internal/event/TLSHandshakeEvent done
Event: 9.023 Loading class javax/net/ssl/SSLEngineResult$HandshakeStatus
Event: 9.023 Loading class javax/net/ssl/SSLEngineResult$HandshakeStatus done
Event: 10.027 Loading class java/lang/UnsatisfiedLinkError
Event: 10.027 Loading class java/lang/UnsatisfiedLinkError done

Classes unloaded (0 events):
No events

Classes redefined (0 events):
No events

Internal exceptions (20 events):
Event: 5.892 Thread 0x000001f06907e960 Exception <a 'java/io/FileNotFoundException'{0x000000071408bab8}> (0x000000071408bab8) 
thrown [s\open\src\hotspot\share\prims\jni.cpp, line 520]
Event: 5.894 Thread 0x000001f06907e960 Exception <a 'java/io/FileNotFoundException'{0x0000000714091d80}> (0x0000000714091d80) 
thrown [s\open\src\hotspot\share\prims\jni.cpp, line 520]
Event: 5.895 Thread 0x000001f06907e960 Exception <a 'java/io/FileNotFoundException'{0x0000000714097758}> (0x0000000714097758) 
thrown [s\open\src\hotspot\share\prims\jni.cpp, line 520]
Event: 5.896 Thread 0x000001f06907e960 Exception <a 'java/io/FileNotFoundException'{0x000000071409fd08}> (0x000000071409fd08) 
thrown [s\open\src\hotspot\share\prims\jni.cpp, line 520]
Event: 5.897 Thread 0x000001f06907e960 Exception <a 'java/io/FileNotFoundException'{0x00000007140a2bf8}> (0x00000007140a2bf8) 
thrown [s\open\src\hotspot\share\prims\jni.cpp, line 520]
Event: 5.899 Thread 0x000001f06907e960 Exception <a 'java/io/FileNotFoundException'{0x00000007140b0798}> (0x00000007140b0798) 
thrown [s\open\src\hotspot\share\prims\jni.cpp, line 520]
Event: 5.901 Thread 0x000001f06907e960 Exception <a 'java/io/FileNotFoundException'{0x00000007140ba6f8}> (0x00000007140ba6f8) 
thrown [s\open\src\hotspot\share\prims\jni.cpp, line 520]
Event: 5.901 Thread 0x000001f06907e960 Exception <a 'java/io/FileNotFoundException'{0x00000007140bbb98}> (0x00000007140bbb98) 
thrown [s\open\src\hotspot\share\prims\jni.cpp, line 520]
Event: 5.902 Thread 0x000001f06907e960 Exception <a 'java/io/FileNotFoundException'{0x00000007140bf518}> (0x00000007140bf518) 
thrown [s\open\src\hotspot\share\prims\jni.cpp, line 520]
Event: 5.902 Thread 0x000001f06907e960 Exception <a 'java/io/FileNotFoundException'{0x00000007140c09b8}> (0x00000007140c09b8) 
thrown [s\open\src\hotspot\share\prims\jni.cpp, line 520]
Event: 5.903 Thread 0x000001f06907e960 Exception <a 'java/io/FileNotFoundException'{0x00000007140d5e20}> (0x00000007140d5e20) 
thrown [s\open\src\hotspot\share\prims\jni.cpp, line 520]
Event: 5.903 Thread 0x000001f06907e960 Exception <a 'java/io/FileNotFoundException'{0x00000007140d72a8}> (0x00000007140d72a8) 
thrown [s\open\src\hotspot\share\prims\jni.cpp, line 520]
Event: 5.903 Thread 0x000001f06907e960 Exception <a 'java/io/FileNotFoundException'{0x00000007140dd070}> (0x00000007140dd070) 
thrown [s\open\src\hotspot\share\prims\jni.cpp, line 520]
Event: 5.903 Thread 0x000001f06907e960 Exception <a 'java/io/FileNotFoundException'{0x00000007140de510}> (0x00000007140de510) 
thrown [s\open\src\hotspot\share\prims\jni.cpp, line 520]
Event: 5.904 Thread 0x000001f06907e960 Exception <a 'java/io/FileNotFoundException'{0x00000007140e8d28}> (0x00000007140e8d28) 
thrown [s\open\src\hotspot\share\prims\jni.cpp, line 520]
Event: 5.904 Thread 0x000001f06907e960 Exception <a 'java/io/FileNotFoundException'{0x00000007140ea1c0}> (0x00000007140ea1c0) 
thrown [s\open\src\hotspot\share\prims\jni.cpp, line 520]
Event: 5.904 Thread 0x000001f06907e960 Exception <a 'java/io/FileNotFoundException'{0x00000007140eef38}> (0x00000007140eef38) 
thrown [s\open\src\hotspot\share\prims\jni.cpp, line 520]
Event: 5.904 Thread 0x000001f06907e960 Exception <a 'java/io/FileNotFoundException'{0x00000007140f4050}> (0x00000007140f4050) 
thrown [s\open\src\hotspot\share\prims\jni.cpp, line 520]
Event: 5.904 Thread 0x000001f06907e960 Exception <a 'java/io/FileNotFoundException'{0x00000007140f85f0}> (0x00000007140f85f0) 
thrown [s\open\src\hotspot\share\prims\jni.cpp, line 520]
Event: 7.968 Thread 0x000001f06907e960 Exception <a 'java/lang/NoSuchMethodError'{0x0000000714173c38}: 'void java.lang.invoke.DirectMethodHandle$Holder.invokeStaticInit(java.lang.Object)'> (0x0000000714173c38) 
thrown [s\open\src\hotspot\share\interpreter\linkResolver.cpp, line 796]

VM Operations (20 events):
Event: 0.348 Executing VM operation: HandshakeAllThreads (Deoptimize)
Event: 0.348 Executing VM operation: HandshakeAllThreads (Deoptimize) done
Event: 0.348 Executing VM operation: HandshakeAllThreads (Deoptimize)
Event: 0.349 Executing VM operation: HandshakeAllThreads (Deoptimize) done
Event: 0.529 Executing VM operation: HandshakeAllThreads (Deoptimize)
Event: 0.529 Executing VM operation: HandshakeAllThreads (Deoptimize) done
Event: 1.690 Executing VM operation: HandshakeAllThreads (Deoptimize)
Event: 1.696 Executing VM operation: HandshakeAllThreads (Deoptimize) done
Event: 1.704 Executing VM operation: G1CollectForAllocation (G1 Evacuation Pause)
Event: 1.709 Executing VM operation: G1CollectForAllocation (G1 Evacuation Pause) done
Event: 1.746 Executing VM operation: HandshakeAllThreads (Deoptimize)
Event: 1.751 Executing VM operation: HandshakeAllThreads (Deoptimize) done
Event: 1.774 Executing VM operation: HandshakeAllThreads (Deoptimize)
Event: 1.774 Executing VM operation: HandshakeAllThreads (Deoptimize) done
Event: 4.834 Executing VM operation: HandshakeAllThreads (Deoptimize)
Event: 4.839 Executing VM operation: HandshakeAllThreads (Deoptimize) done
Event: 5.869 Executing VM operation: HandshakeAllThreads (Deoptimize)
Event: 5.869 Executing VM operation: HandshakeAllThreads (Deoptimize) done
Event: 5.871 Executing VM operation: HandshakeAllThreads (Deoptimize)
Event: 5.871 Executing VM operation: HandshakeAllThreads (Deoptimize) done

Memory protections (0 events):
No events

Nmethod flushes (0 events):
No events

Events (20 events):
Event: 1.759 Thread 0x000001f0239e0470 Thread added: 0x000001f07136b9b0
Event: 2.776 Thread 0x000001f0692f2550 Thread exited: 0x000001f0692f2550
Event: 2.776 Thread 0x000001f06a1e92e0 Thread exited: 0x000001f06a1e92e0
Event: 2.777 Thread 0x000001f07136b9b0 Thread added: 0x000001f071368bc0
Event: 3.822 Thread 0x000001f071368bc0 Thread added: 0x000001f0713698e0
Event: 4.824 Thread 0x000001f023be3480 Thread exited: 0x000001f023be3480
Event: 4.832 Thread 0x000001f071368bc0 Thread added: 0x000001f071368530
Event: 5.842 Thread 0x000001f0692bdf60 Thread exited: 0x000001f0692bdf60
Event: 5.842 Thread 0x000001f0692e8b40 Thread exited: 0x000001f0692e8b40
Event: 5.842 Thread 0x000001f023bf0c50 Thread exited: 0x000001f023bf0c50
Event: 5.857 Thread 0x000001f023be0030 Thread added: 0x000001f06a1e8540
Event: 5.882 Thread 0x000001f0239e4250 Thread added: 0x000001f06a1e8c10
Event: 5.900 Thread 0x000001f023a6d5c0 Thread added: 0x000001f06a1e92e0
Event: 5.903 Thread 0x000001f0239e50b0 Thread added: 0x000001f023b74f00
Event: 5.909 Thread 0x000001f023a6d5c0 Thread added: 0x000001f023b733c0
Event: 6.931 Thread 0x000001f06a1e8540 Thread exited: 0x000001f06a1e8540
Event: 6.932 Thread 0x000001f023be0030 Thread exited: 0x000001f023be0030
Event: 9.008 Thread 0x000001f023a6d5c0 Thread exited: 0x000001f023a6d5c0
Event: 10.027 Thread 0x000001f023b733c0 Thread exited: 0x000001f023b733c0
Event: 10.027 Thread 0x000001f023b74f00 Thread exited: 0x000001f023b74f00


Dynamic libraries:
0x00007ff78fac0000 - 0x00007ff78fad0000 	C:\Program Files\Java\jdk-23\bin\java.exe
0x00007ffe21f80000 - 0x00007ffe221e3000 	C:\WINDOWS\SYSTEM32\ntdll.dll
0x00007ffe21840000 - 0x00007ffe21907000 	C:\WINDOWS\System32\KERNEL32.DLL
0x00007ffe1f720000 - 0x00007ffe1fae9000 	C:\WINDOWS\System32\KERNELBASE.dll
0x00007ffe1f3d0000 - 0x00007ffe1f51c000 	C:\WINDOWS\System32\ucrtbase.dll
0x00007ffdf6570000 - 0x00007ffdf6587000 	C:\Program Files\Java\jdk-23\bin\jli.dll
0x00007ffe04c40000 - 0x00007ffe04c5b000 	C:\Program Files\Java\jdk-23\bin\VCRUNTIME140.dll
0x00007ffe206b0000 - 0x00007ffe2087a000 	C:\WINDOWS\System32\USER32.dll
0x00007ffdf4a60000 - 0x00007ffdf4cf0000 	C:\WINDOWS\WinSxS\amd64_microsoft.windows.common-controls_6595b64144ccf1df_6.0.26100.3323_none_3e088096e3344490\COMCTL32.dll
0x00007ffe1f2f0000 - 0x00007ffe1f317000 	C:\WINDOWS\System32\win32u.dll
0x00007ffe21d80000 - 0x00007ffe21e29000 	C:\WINDOWS\System32\msvcrt.dll
0x00007ffe21e30000 - 0x00007ffe21e5a000 	C:\WINDOWS\System32\GDI32.dll
0x00007ffe1f5e0000 - 0x00007ffe1f711000 	C:\WINDOWS\System32\gdi32full.dll
0x00007ffe1f320000 - 0x00007ffe1f3c3000 	C:\WINDOWS\System32\msvcp_win.dll
0x00007ffe21910000 - 0x00007ffe2193f000 	C:\WINDOWS\System32\IMM32.DLL
0x00007ffe0a3c0000 - 0x00007ffe0a3cc000 	C:\Program Files\Java\jdk-23\bin\vcruntime140_1.dll
0x00007ffddffd0000 - 0x00007ffde005e000 	C:\Program Files\Java\jdk-23\bin\msvcp140.dll
0x00007ffd5c750000 - 0x00007ffd5d49f000 	C:\Program Files\Java\jdk-23\bin\server\jvm.dll
0x00007ffe21550000 - 0x00007ffe21602000 	C:\WINDOWS\System32\ADVAPI32.dll
0x00007ffe21670000 - 0x00007ffe21716000 	C:\WINDOWS\System32\sechost.dll
0x00007ffe21720000 - 0x00007ffe21836000 	C:\WINDOWS\System32\RPCRT4.dll
0x00007ffe1fe30000 - 0x00007ffe1fea4000 	C:\WINDOWS\System32\WS2_32.dll
0x00007ffe1e5e0000 - 0x00007ffe1e62e000 	C:\WINDOWS\SYSTEM32\POWRPROF.dll
0x00007ffe16b60000 - 0x00007ffe16b6b000 	C:\WINDOWS\SYSTEM32\VERSION.dll
0x00007ffe12a80000 - 0x00007ffe12ab6000 	C:\WINDOWS\SYSTEM32\WINMM.dll
0x00007ffe1e5c0000 - 0x00007ffe1e5d4000 	C:\WINDOWS\SYSTEM32\UMPDC.dll
0x00007ffe1df60000 - 0x00007ffe1df7a000 	C:\WINDOWS\SYSTEM32\kernel.appcore.dll
0x00007ffe0a2d0000 - 0x00007ffe0a2da000 	C:\Program Files\Java\jdk-23\bin\jimage.dll
0x00007ffe1c280000 - 0x00007ffe1c4c1000 	C:\WINDOWS\SYSTEM32\DBGHELP.DLL
0x00007ffe20320000 - 0x00007ffe206a2000 	C:\WINDOWS\System32\combase.dll
0x00007ffe21e60000 - 0x00007ffe21f36000 	C:\WINDOWS\System32\OLEAUT32.dll
0x00007ffe04650000 - 0x00007ffe04689000 	C:\WINDOWS\SYSTEM32\dbgcore.DLL
0x00007ffe1fd00000 - 0x00007ffe1fd99000 	C:\WINDOWS\System32\bcryptPrimitives.dll
0x00007ffe07930000 - 0x00007ffe0793f000 	C:\Program Files\Java\jdk-23\bin\instrument.dll
0x00007ffdeb960000 - 0x00007ffdeb97e000 	C:\Program Files\Java\jdk-23\bin\java.dll
0x00007ffe20180000 - 0x00007ffe20315000 	C:\WINDOWS\System32\ole32.dll
0x00007ffe20da0000 - 0x00007ffe214b5000 	C:\WINDOWS\System32\SHELL32.dll
0x00007ffe1f180000 - 0x00007ffe1f2e8000 	C:\WINDOWS\System32\wintypes.dll
0x00007ffe1ce20000 - 0x00007ffe1d665000 	C:\WINDOWS\SYSTEM32\windows.storage.dll
0x00007ffe20090000 - 0x00007ffe2017b000 	C:\WINDOWS\System32\SHCORE.dll
0x00007ffe21610000 - 0x00007ffe2166d000 	C:\WINDOWS\System32\shlwapi.dll
0x00007ffe1f090000 - 0x00007ffe1f0bf000 	C:\WINDOWS\SYSTEM32\profapi.dll
0x00007ffdd29a0000 - 0x00007ffdd2a77000 	C:\Program Files\Java\jdk-23\bin\jsvml.dll
0x00007ffdeb940000 - 0x00007ffdeb957000 	C:\Program Files\Java\jdk-23\bin\zip.dll
0x00007ffe071b0000 - 0x00007ffe071c0000 	C:\Program Files\Java\jdk-23\bin\net.dll
0x00007ffe1e4d0000 - 0x00007ffe1e53a000 	C:\WINDOWS\system32\mswsock.dll
0x00007ffdeb730000 - 0x00007ffdeb746000 	C:\Program Files\Java\jdk-23\bin\nio.dll
0x00007ffde65d0000 - 0x00007ffde65ea000 	C:\Program Files\JetBrains\IntelliJ IDEA 2024.2.3\bin\breakgen64.dll
0x00007ffe06140000 - 0x00007ffe06149000 	C:\Program Files\Java\jdk-23\bin\extnet.dll
0x00007ffdc5d60000 - 0x00007ffdc5eee000 	C:\Program Files\Java\jdk-23\bin\awt.dll
0x00007ffe1bc10000 - 0x00007ffe1bcac000 	C:\WINDOWS\SYSTEM32\apphelp.dll
0x00007ffe1bda0000 - 0x00007ffe1be4e000 	C:\WINDOWS\system32\uxtheme.dll
0x00007ffe21950000 - 0x00007ffe21aab000 	C:\WINDOWS\System32\MSCTF.dll
0x00007ffe1c680000 - 0x00007ffe1c6b5000 	C:\WINDOWS\system32\DWMAPI.DLL
0x00007ffdbdbb0000 - 0x00007ffdbdcbc000 	C:\WINDOWS\system32\opengl32.dll
0x00007ffe05b70000 - 0x00007ffe05b9d000 	C:\WINDOWS\SYSTEM32\GLU32.dll
0x00007ffe1c4d0000 - 0x00007ffe1c517000 	C:\WINDOWS\SYSTEM32\dxcore.dll
0x00007ffe091b0000 - 0x00007ffe0935c000 	C:\WINDOWS\system32\d3d9.dll
0x00007ffde8770000 - 0x00007ffde8832000 	C:\WINDOWS\System32\DriverStore\FileRepository\nvdmi.inf_amd64_37de99239dc699b0\nvldumdx.dll
0x00007ffe1e910000 - 0x00007ffe1e923000 	C:\WINDOWS\SYSTEM32\msasn1.dll
0x00007ffe0c940000 - 0x00007ffe0c97b000 	C:\WINDOWS\SYSTEM32\cryptnet.dll
0x00007ffe1fb80000 - 0x00007ffe1fcf7000 	C:\WINDOWS\System32\CRYPT32.dll
0x00007ffe1e7a0000 - 0x00007ffe1e7ac000 	C:\WINDOWS\SYSTEM32\cryptbase.dll
0x00007ffe1e840000 - 0x00007ffe1e89d000 	C:\WINDOWS\SYSTEM32\wldp.dll
0x00007ffe0c7c0000 - 0x00007ffe0c93b000 	C:\WINDOWS\SYSTEM32\drvstore.dll
0x00007ffe1ede0000 - 0x00007ffe1ee0d000 	C:\WINDOWS\SYSTEM32\devobj.dll
0x00007ffe1ee10000 - 0x00007ffe1ee6f000 	C:\WINDOWS\SYSTEM32\cfgmgr32.dll
0x00007ffe1faf0000 - 0x00007ffe1fb6f000 	C:\WINDOWS\System32\wintrust.dll
0x00007ffe1fe00000 - 0x00007ffe1fe20000 	C:\WINDOWS\System32\imagehlp.dll
0x00007ffe1e8b0000 - 0x00007ffe1e8cc000 	C:\WINDOWS\SYSTEM32\CRYPTSP.dll
0x00007ffe1dec0000 - 0x00007ffe1defa000 	C:\WINDOWS\system32\rsaenh.dll
0x00007ffe1ea40000 - 0x00007ffe1ea66000 	C:\WINDOWS\SYSTEM32\bcrypt.dll
0x00007ffd518a0000 - 0x00007ffd5503b000 	C:\WINDOWS\System32\DriverStore\FileRepository\nvdmi.inf_amd64_37de99239dc699b0\nvgpucomp64.dll
0x00007ffdd1c30000 - 0x00007ffdd1d07000 	C:\WINDOWS\System32\DriverStore\FileRepository\nvdmi.inf_amd64_37de99239dc699b0\NvMemMapStoragex.dll
0x00007ffe1da70000 - 0x00007ffe1db95000 	C:\WINDOWS\SYSTEM32\DNSAPI.dll
0x00007ffe1da30000 - 0x00007ffe1da63000 	C:\WINDOWS\SYSTEM32\IPHLPAPI.DLL
0x00007ffe20d90000 - 0x00007ffe20d9a000 	C:\WINDOWS\System32\NSI.dll
0x00007ffe186f0000 - 0x00007ffe186fb000 	C:\Windows\System32\rasadhlp.dll
0x00007ffe18d80000 - 0x00007ffe18e05000 	C:\WINDOWS\System32\fwpuclnt.dll
0x00007ffe03170000 - 0x00007ffe0317a000 	C:\Program Files\Java\jdk-23\bin\management.dll
0x00007ffd2a300000 - 0x00007ffd2c3c7000 	C:\WINDOWS\System32\DriverStore\FileRepository\nvdmi.inf_amd64_37de99239dc699b0\nvd3dumx.dll
0x00007ffe1c220000 - 0x00007ffe1c27d000 	C:\WINDOWS\SYSTEM32\directxdatabasehelper.dll
0x00007ffd8d380000 - 0x00007ffd8d60e000 	C:\WINDOWS\System32\DriverStore\FileRepository\iigd_dch.inf_amd64_6b18346d41a281d4\igdumdim64.dll
0x00007ffd50300000 - 0x00007ffd51899000 	C:\WINDOWS\System32\DriverStore\FileRepository\iigd_dch.inf_amd64_6b18346d41a281d4\igd9trinity64.dll
0x00007ffe1c520000 - 0x00007ffe1c64e000 	C:\WINDOWS\system32\dxgi.dll
0x00007ffdfc1f0000 - 0x00007ffdfc1fb000 	C:\Program Files\Java\jdk-23\bin\management_ext.dll
0x00007ffe21c60000 - 0x00007ffe21c68000 	C:\WINDOWS\System32\PSAPI.DLL
0x00007ffe11fb0000 - 0x00007ffe123f2000 	C:\WINDOWS\System32\DriverStore\FileRepository\iigd_dch.inf_amd64_6b18346d41a281d4\igdgmm64.dll
0x00007ffe11f30000 - 0x00007ffe11f56000 	C:\WINDOWS\System32\DriverStore\FileRepository\iigd_dch.inf_amd64_6b18346d41a281d4\igc64.dll
0x00007ffde8b70000 - 0x00007ffde8bbe000 	C:\WINDOWS\SYSTEM32\ControlLib.dll
0x00007ffdbc0e0000 - 0x00007ffdbc181000 	C:\WINDOWS\System32\DriverStore\FileRepository\iigd_dch.inf_amd64_6b18346d41a281d4\IntelControlLib.dll
0x00007ffd28dc0000 - 0x00007ffd2a2f7000 	C:\WINDOWS\System32\DriverStore\FileRepository\iigd_dch.inf_amd64_6b18346d41a281d4\igd9dxva64.dll
0x00007ffe20900000 - 0x00007ffe20d86000 	C:\WINDOWS\System32\SETUPAPI.dll
0x00007ffdfd040000 - 0x00007ffdfed6e000 	C:\WINDOWS\System32\DriverStore\FileRepository\iigd_dch.inf_amd64_6b18346d41a281d4\media_bin_64.dll
0x00007ffdbede0000 - 0x00007ffdbf0e4000 	C:\WINDOWS\system32\nvspcap64.dll
0x00007ffe1e0f0000 - 0x00007ffe1e125000 	C:\WINDOWS\SYSTEM32\ntmarta.dll
0x00007ffe1e540000 - 0x00007ffe1e567000 	C:\WINDOWS\SYSTEM32\gpapi.dll
0x00007ffdde140000 - 0x00007ffdde2f4000 	C:\WINDOWS\System32\DriverStore\FileRepository\nvdmi.inf_amd64_37de99239dc699b0\nvppex.dll
0x00007ffde8be0000 - 0x00007ffde8bf8000 	C:\WINDOWS\system32\napinsp.dll
0x00007ffde8bc0000 - 0x00007ffde8bd2000 	C:\WINDOWS\System32\winrnr.dll
0x00007ffdd7a50000 - 0x00007ffdd7a72000 	C:\WINDOWS\system32\nlansp_c.dll
0x00007ffe16b40000 - 0x00007ffe16b56000 	C:\WINDOWS\system32\wshbth.dll
0x00007ffe1e590000 - 0x00007ffe1e5bb000 	C:\WINDOWS\SYSTEM32\USERENV.dll
0x00007ffdc5cd0000 - 0x00007ffdc5d57000 	C:\Program Files\Java\jdk-23\bin\freetype.dll
0x00007ffdc5bf0000 - 0x00007ffdc5cc7000 	C:\Program Files\Java\jdk-23\bin\fontmanager.dll
0x00007ffdfa3c0000 - 0x00007ffdfa3ce000 	C:\Program Files\Java\jdk-23\bin\sunmscapi.dll
0x00007ffe1ea00000 - 0x00007ffe1ea30000 	C:\WINDOWS\SYSTEM32\ncrypt.dll
0x00007ffe1e9b0000 - 0x00007ffe1e9ef000 	C:\WINDOWS\SYSTEM32\NTASN1.dll
0x00007ffdf3950000 - 0x00007ffdf399e000 	C:\WINDOWS\SYSTEM32\pdh.dll
0x00007ffe06590000 - 0x00007ffe066d6000 	C:\WINDOWS\SYSTEM32\textinputframework.dll
0x00007ffde14a0000 - 0x00007ffde14ed000 	C:\Program Files\Java\jdk-23\bin\mssql-jdbc_auth-12.8.1.x64.dll
0x00007ffdec0a0000 - 0x00007ffdec4d2000 	C:\Windows\System32\uiautomationcore.dll
0x00007ffdf4d00000 - 0x00007ffdf4d6b000 	C:\Windows\System32\OLEACC.dll
0x00007ffe21bb0000 - 0x00007ffe21c58000 	C:\WINDOWS\System32\clbcatq.dll
0x00007ffe1bcb0000 - 0x00007ffe1bcbd000 	C:\WINDOWS\system32\secur32.dll
0x00007ffe1e270000 - 0x00007ffe1e2b8000 	C:\WINDOWS\SYSTEM32\SSPICLI.DLL
0x00007ffe1e640000 - 0x00007ffe1e79b000 	C:\WINDOWS\system32\kerberos.DLL
0x00007ffe214d0000 - 0x00007ffe21543000 	C:\WINDOWS\System32\WLDAP32.dll
0x00007ffe1e8d0000 - 0x00007ffe1e8f6000 	C:\WINDOWS\SYSTEM32\Kerb3961.dll
0x00007ffe1e430000 - 0x00007ffe1e4c4000 	C:\WINDOWS\system32\msv1_0.DLL
0x00007ffe1e930000 - 0x00007ffe1e947000 	C:\WINDOWS\SYSTEM32\NtlmShared.dll
0x00007ffddfd60000 - 0x00007ffddfd8b000 	C:\WINDOWS\system32\ntdsapi.dll

dbghelp: loaded successfully - version: 4.0.5 - missing functions: none
symbol engine: initialized successfully - sym options: 0x614 - pdb path: .;C:\Program Files\Java\jdk-23\bin;C:\WINDOWS\SYSTEM32;C:\WINDOWS\WinSxS\amd64_microsoft.windows.common-controls_6595b64144ccf1df_6.0.26100.3323_none_3e088096e3344490;C:\Program Files\Java\jdk-23\bin\server;C:\Program Files\JetBrains\IntelliJ IDEA 2024.2.3\bin;C:\WINDOWS\System32\DriverStore\FileRepository\nvdmi.inf_amd64_37de99239dc699b0;C:\WINDOWS\System32\DriverStore\FileRepository\iigd_dch.inf_amd64_6b18346d41a281d4

VM Arguments:
jvm_args: --enable-preview -javaagent:C:\Program Files\JetBrains\IntelliJ IDEA 2024.2.3\lib\idea_rt.jar=61338:C:\Program Files\JetBrains\IntelliJ IDEA 2024.2.3\bin -Dfile.encoding=UTF-8 -Dsun.stdout.encoding=UTF-8 -Dsun.stderr.encoding=UTF-8 
java_command: Main
java_class_path (initial): C:\Users\Dell\Desktop\MusicPlayerApp\out\production\MusicPlayerApp;C:\Users\Dell\Desktop\MusicPlayerApp\out\artifacts\MusicPlayerApp_jar2\MusicPlayerApp.jar;C:\Users\Dell\Desktop\sqljdbc_12.8\enu\jars\mssql-jdbc-12.8.1.jre11.jar;C:\Users\Dell\Desktop\MusicPlayerApp\lib\javaee.jar
Launcher Type: SUN_STANDARD

[Global flags]
     intx CICompilerCount                          = 12                                        {product} {ergonomic}
     uint ConcGCThreads                            = 4                                         {product} {ergonomic}
     uint G1ConcRefinementThreads                  = 15                                        {product} {ergonomic}
   size_t G1HeapRegionSize                         = 2097152                                   {product} {ergonomic}
   size_t InitialHeapSize                          = 264241152                                 {product} {ergonomic}
   size_t MarkStackSize                            = 4194304                                   {product} {ergonomic}
   size_t MarkStackSizeMax                         = 536870912                                 {product} {ergonomic}
   size_t MaxHeapSize                              = 4213178368                                {product} {ergonomic}
   size_t MaxNewSize                               = 2527068160                                {product} {ergonomic}
   size_t MinHeapDeltaBytes                        = 2097152                                   {product} {ergonomic}
   size_t MinHeapSize                              = 8388608                                   {product} {ergonomic}
    uintx NonNMethodCodeHeapSize                   = 7602176                                {pd product} {ergonomic}
    uintx NonProfiledCodeHeapSize                  = 122093568                              {pd product} {ergonomic}
    uintx ProfiledCodeHeapSize                     = 121962496                              {pd product} {ergonomic}
    uintx ReservedCodeCacheSize                    = 251658240                              {pd product} {ergonomic}
     bool SegmentedCodeCache                       = true                                      {product} {ergonomic}
   size_t SoftMaxHeapSize                          = 4213178368                             {manageable} {ergonomic}
     bool UseCompressedOops                        = true                           {product lp64_product} {ergonomic}
     bool UseG1GC                                  = true                                      {product} {ergonomic}
     bool UseLargePagesIndividualAllocation        = false                                  {pd product} {ergonomic}

Logging:
Log output configuration:
 #0: stdout all=warning uptime,level,tags foldmultilines=false
 #1: stderr all=off uptime,level,tags foldmultilines=false

Environment Variables:
PATH=C:\WinAVR-20100110\bin;C:\WinAVR-20100110\utils\bin;C:\Program Files\Microsoft MPI\Bin\;C:\Program Files\Common Files\Oracle\Java\javapath;C:\Windows\system32;C:\Windows;C:\Windows\System32\Wbem;C:\Windows\System32\WindowsPowerShell\v1.0\;C:\Windows\System32\OpenSSH\;C:\Program Files\dotnet\;C:\WINDOWS\system32;C:\WINDOWS;C:\WINDOWS\System32\Wbem;C:\WINDOWS\System32\WindowsPowerShell\v1.0\;C:\WINDOWS\System32\OpenSSH\;C:\Program Files\Git\cmd;C:\Program Files (x86)\Microsoft SQL Server\160\Tools\Binn\;D:\Microsoft SQL Server\160\Tools\Binn\;D:\Microsoft SQL Server\Client SDK\ODBC\170\Tools\Binn\;D:\Microsoft SQL Server\160\DTS\Binn\;C:\Program Files (x86)\Microsoft SQL Server\160\DTS\Binn\;D:\Microsoft SQL Server\150\Tools\Binn\;C:\Program Files\NVIDIA Corporation\NVIDIA app\NvDLISR;C:\Program Files (x86)\NVIDIA Corporation\PhysX\Common;C:\Users\Dell\AppData\Local\Programs\Python\Launcher\;C:\Users\Dell\AppData\Local\Microsoft\WindowsApps;C:\Program Files\JetBrains\PyCharm Community Edition 2023.3.3\bin;;C:\Users\Dell\AppData\Local\GitHubDesktop\bin;C:\Users\Dell\AppData\Roaming\Programs\Zero Install;C:\Program Files\JetBrains\IntelliJ IDEA 2024.2.3\bin;;C:\Users\Dell\.dotnet\tools;C:\Users\Dell\AppData\Local\Microsoft\WindowsApps
USERNAME=Furkan Aydemir
OS=Windows_NT
PROCESSOR_IDENTIFIER=Intel64 Family 6 Model 154 Stepping 3, GenuineIntel
TMP=C:\Users\Dell\AppData\Local\Temp
TEMP=C:\Users\Dell\AppData\Local\Temp




Periodic native trim disabled

---------------  S Y S T E M  ---------------

OS:
 Windows 11 , 64 bit Build 26100 (10.0.26100.3323)
OS uptime: 2 days 5:24 hours
Hyper-V role detected

CPU: total 20 (initial active 20) (10 cores per cpu, 2 threads per core) family 6 model 154 stepping 3 microcode 0x435, cx8, cmov, fxsr, ht, mmx, 3dnowpref, sse, sse2, sse3, ssse3, sse4.1, sse4.2, popcnt, lzcnt, tsc, tscinvbit, avx, avx2, aes, erms, clmul, bmi1, bmi2, adx, sha, fma, vzeroupper, clflush, clflushopt, clwb, hv, serialize, rdtscp, rdpid, fsrm, gfni, f16c, cet_ibt, cet_ss
Processor Information for processor 0
  Max Mhz: 2300, Current Mhz: 2300, Mhz Limit: 2300
Processor Information for processor 1
  Max Mhz: 2300, Current Mhz: 1506, Mhz Limit: 2300
Processor Information for processor 2
  Max Mhz: 2300, Current Mhz: 2300, Mhz Limit: 2300
Processor Information for processor 3
  Max Mhz: 2300, Current Mhz: 1506, Mhz Limit: 2300
Processor Information for processor 4
  Max Mhz: 2300, Current Mhz: 1506, Mhz Limit: 2300
Processor Information for processor 5
  Max Mhz: 2300, Current Mhz: 2300, Mhz Limit: 2300
Processor Information for processor 6
  Max Mhz: 2300, Current Mhz: 2300, Mhz Limit: 2300
Processor Information for processor 7
  Max Mhz: 2300, Current Mhz: 1506, Mhz Limit: 2300
Processor Information for processor 8
  Max Mhz: 2300, Current Mhz: 2300, Mhz Limit: 2300
Processor Information for processor 9
  Max Mhz: 2300, Current Mhz: 1506, Mhz Limit: 2300
Processor Information for processor 10
  Max Mhz: 2300, Current Mhz: 2300, Mhz Limit: 2300
Processor Information for processor 11
  Max Mhz: 2300, Current Mhz: 2300, Mhz Limit: 2300
Processor Information for processor 12
  Max Mhz: 2300, Current Mhz: 1488, Mhz Limit: 2300
Processor Information for processor 13
  Max Mhz: 2300, Current Mhz: 1488, Mhz Limit: 2300
Processor Information for processor 14
  Max Mhz: 2300, Current Mhz: 2300, Mhz Limit: 2300
Processor Information for processor 15
  Max Mhz: 2300, Current Mhz: 1488, Mhz Limit: 2300
Processor Information for processor 16
  Max Mhz: 2300, Current Mhz: 2300, Mhz Limit: 2300
Processor Information for processor 17
  Max Mhz: 2300, Current Mhz: 1488, Mhz Limit: 2300
Processor Information for processor 18
  Max Mhz: 2300, Current Mhz: 1488, Mhz Limit: 2300
Processor Information for processor 19
  Max Mhz: 2300, Current Mhz: 1488, Mhz Limit: 2300

Memory: 4k page, system-wide physical 16068M (1437M free)
TotalPageFile size 24260M (AvailPageFile size 5M)
current process WorkingSet (physical memory assigned to process): 163M, peak: 163M
current process commit charge ("private bytes"): 455M, peak: 455M

vm_info: Java HotSpot(TM) 64-Bit Server VM (23.0.1+11-39) for windows-amd64 JRE (23.0.1+11-39), built on 2024-09-30T07:20:43Z with MS VC++ 17.6 (VS2022)

END.
