#
# There is insufficient memory for the Java Runtime Environment to continue.
# Native memory allocation (malloc) failed to allocate 187216 bytes. Error detail: Chunk::new
# Possible reasons:
#   The system is out of physical RAM or swap space
#   This process is running with CompressedOops enabled, and the Java Heap may be blocking the growth of the native heap
# Possible solutions:
#   Reduce memory load on the system
#   Increase physical memory or swap space
#   Check if swap backing store is full
#   Decrease Java heap size (-Xmx/-Xms)
#   Decrease number of Java threads
#   Decrease Java thread stack sizes (-Xss)
#   Set larger code cache with -XX:ReservedCodeCacheSize=
#   JVM is running with Unscaled Compressed Oops mode in which the Java heap is
#     placed in the first 4GB address space. The Java Heap base address is the
#     maximum limit for the native heap growth. Please use -XX:HeapBaseMinAddress
#     to set the Java Heap base and to place the Java Heap above 4GB virtual address.
# This output file may be truncated or incomplete.
#
#  Out of Memory Error (arena.cpp:168), pid=30080, tid=25052
#
# JRE version: OpenJDK Runtime Environment JBR-21.0.4+13-509.17-jcef (21.0.4+13) (build 21.0.4+13-b509.17)
# Java VM: OpenJDK 64-Bit Server VM JBR-21.0.4+13-509.17-jcef (21.0.4+13-b509.17, mixed mode, tiered, compressed oops, compressed class ptrs, g1 gc, windows-amd64)
# No core dump will be written. Minidumps are not enabled by default on client versions of Windows
#

---------------  S U M M A R Y ------------

Command Line: -Djava.rmi.server.hostname=127.0.0.1 -Duser.timezone=UTC -Djava.library.path=C:\Users\Dell\AppData\Roaming\JetBrains\IntelliJIdea2024.2\jdbc-drivers\SQL Server\12.8.1\com\microsoft\sqlserver\mssql-jdbc_auth\12.8.1.x86;C:\Users\Dell\AppData\Roaming\JetBrains\IntelliJIdea2024.2\jdbc-drivers\SQL Server\12.8.1\com\microsoft\sqlserver\mssql-jdbc_auth\12.8.1.x64 -Xmx2048m -Xms128m -Djdbc.classpath=C:\Users\Dell\AppData\Local\Temp\RemoteDriver.classpath.txt --add-exports=java.desktop/sun.awt=ALL-UNNAMED --add-exports=java.desktop/java.awt.peer=ALL-UNNAMED --add-opens=java.desktop/java.awt=ALL-UNNAMED --add-opens=jdk.unsupported/sun.misc=ALL-UNNAMED --add-opens=java.base/java.nio=ALL-UNNAMED --add-opens=java.base/java.util=ALL-UNNAMED -Dfile.encoding=UTF-8 -Dsun.stdout.encoding=UTF-8 -Dsun.stderr.encoding=UTF-8 com.intellij.database.remote.RemoteJdbcServer com.microsoft.sqlserver.jdbc.SQLServerDriver

Host: 12th Gen Intel(R) Core(TM) i7-12700H, 20 cores, 15G,  Windows 11 , 64 bit Build 26100 (10.0.26100.3323)
Time: Fri Mar 14 00:14:59 2025 Türkiye Standart Saati elapsed time: 3118.516551 seconds (0d 0h 51m 58s)

---------------  T H R E A D  ---------------

Current thread (0x000001c4fd0efe20):  JavaThread "C2 CompilerThread0" daemon [_thread_in_native, id=25052, stack(0x000000022d400000,0x000000022d500000) (1024K)]


Current CompileTask:
C2:3118516 2961       4       java.io.ObjectOutputStream::writeUTF (9 bytes)

Stack: [0x000000022d400000,0x000000022d500000]
Native frames: (J=compiled Java code, j=interpreted, Vv=VM code, C=native code)
V  [jvm.dll+0x6e36d9]
V  [jvm.dll+0x8c0bd3]
V  [jvm.dll+0x8c312e]
V  [jvm.dll+0x8c3813]
V  [jvm.dll+0x288256]
V  [jvm.dll+0xc613d]
V  [jvm.dll+0xc6673]
V  [jvm.dll+0x2fda81]
V  [jvm.dll+0x60acc9]
V  [jvm.dll+0x258b52]
V  [jvm.dll+0x2515ca]
V  [jvm.dll+0x24f03e]
V  [jvm.dll+0x1cd074]
V  [jvm.dll+0x25e88c]
V  [jvm.dll+0x25cdd6]
V  [jvm.dll+0x3fdff6]
V  [jvm.dll+0x868868]
V  [jvm.dll+0x6e1edd]
C  [ucrtbase.dll+0x37b0]
C  [KERNEL32.DLL+0x2e8d7]
C  [ntdll.dll+0xbbf6c]


---------------  P R O C E S S  ---------------

Threads class SMR info:
_java_thread_list=0x000001c4fe36b2c0, length=20, elements={
0x000001c4ee9bfa20, 0x000001c4fd0776f0, 0x000001c4fd078150, 0x000001c4fd0dd940,
0x000001c4fd0defc0, 0x000001c4fd0c68a0, 0x000001c4fd0c6f10, 0x000001c4fd0efe20,
0x000001c4fd0b7620, 0x000001c4fd2be200, 0x000001c4fd2caa80, 0x000001c4fdc0eb90,
0x000001c4fda7e460, 0x000001c4fda7ead0, 0x000001c4fdc1bd30, 0x000001c4fdc1a3d0,
0x000001c4fdc3a7d0, 0x000001c4fdc38810, 0x000001c4fdc38ea0, 0x000001c4fdc39bc0
}

Java Threads: ( => current thread )
  0x000001c4ee9bfa20 JavaThread "main"                              [_thread_blocked, id=10524, stack(0x000000022c600000,0x000000022c700000) (1024K)]
  0x000001c4fd0776f0 JavaThread "Reference Handler"          daemon [_thread_blocked, id=9512, stack(0x000000022ce00000,0x000000022cf00000) (1024K)]
  0x000001c4fd078150 JavaThread "Finalizer"                  daemon [_thread_blocked, id=8732, stack(0x000000022cf00000,0x000000022d000000) (1024K)]
  0x000001c4fd0dd940 JavaThread "Signal Dispatcher"          daemon [_thread_blocked, id=23172, stack(0x000000022d000000,0x000000022d100000) (1024K)]
  0x000001c4fd0defc0 JavaThread "Attach Listener"            daemon [_thread_blocked, id=9516, stack(0x000000022d100000,0x000000022d200000) (1024K)]
  0x000001c4fd0c68a0 JavaThread "Service Thread"             daemon [_thread_blocked, id=17388, stack(0x000000022d200000,0x000000022d300000) (1024K)]
  0x000001c4fd0c6f10 JavaThread "Monitor Deflation Thread"   daemon [_thread_blocked, id=18060, stack(0x000000022d300000,0x000000022d400000) (1024K)]
=>0x000001c4fd0efe20 JavaThread "C2 CompilerThread0"         daemon [_thread_in_native, id=25052, stack(0x000000022d400000,0x000000022d500000) (1024K)]
  0x000001c4fd0b7620 JavaThread "C1 CompilerThread0"         daemon [_thread_blocked, id=15336, stack(0x000000022d500000,0x000000022d600000) (1024K)]
  0x000001c4fd2be200 JavaThread "Common-Cleaner"             daemon [_thread_blocked, id=8008, stack(0x000000022d700000,0x000000022d800000) (1024K)]
  0x000001c4fd2caa80 JavaThread "Notification Thread"        daemon [_thread_blocked, id=23012, stack(0x000000022d800000,0x000000022d900000) (1024K)]
  0x000001c4fdc0eb90 JavaThread "RMI TCP Accept-41287"       daemon [_thread_in_native, id=24308, stack(0x000000022dd00000,0x000000022de00000) (1024K)]
  0x000001c4fda7e460 JavaThread "RMI TCP Accept-0"           daemon [_thread_in_native, id=30540, stack(0x000000022de00000,0x000000022df00000) (1024K)]
  0x000001c4fda7ead0 JavaThread "RMI Reaper"                        [_thread_blocked, id=13368, stack(0x000000022df00000,0x000000022e000000) (1024K)]
  0x000001c4fdc1bd30 JavaThread "RMI GC Daemon"              daemon [_thread_blocked, id=17820, stack(0x000000022e000000,0x000000022e100000) (1024K)]
  0x000001c4fdc1a3d0 JavaThread "RMI TCP Connection(1)-127.0.0.1" daemon [_thread_in_native, id=2960, stack(0x000000022e100000,0x000000022e200000) (1024K)]
  0x000001c4fdc3a7d0 JavaThread "RMI Scheduler(0)"           daemon [_thread_blocked, id=17796, stack(0x000000022e300000,0x000000022e400000) (1024K)]
  0x000001c4fdc38810 JavaThread "RMI TCP Connection(4)-127.0.0.1" daemon [_thread_in_native, id=22128, stack(0x000000022e500000,0x000000022e600000) (1024K)]
  0x000001c4fdc38ea0 JavaThread "RMI RenewClean-[127.0.0.1:50118]" daemon [_thread_blocked, id=19816, stack(0x000000022e600000,0x000000022e700000) (1024K)]
  0x000001c4fdc39bc0 JavaThread "mssql-jdbc-shared-timer-core-0" daemon [_thread_blocked, id=13228, stack(0x000000022fa00000,0x000000022fb00000) (1024K)]
Total: 20

Other Threads:
  0x000001c4fd00f0b0 VMThread "VM Thread"                           [id=4508, stack(0x000000022cd00000,0x000000022ce00000) (1024K)]
  0x000001c4f8e24760 WatcherThread "VM Periodic Task Thread"        [id=24332, stack(0x000000022cc00000,0x000000022cd00000) (1024K)]
  0x000001c4eea1a180 WorkerThread "GC Thread#0"                     [id=18088, stack(0x000000022c700000,0x000000022c800000) (1024K)]
  0x000001c4fe15b540 WorkerThread "GC Thread#1"                     [id=30240, stack(0x000000022e700000,0x000000022e800000) (1024K)]
  0x000001c4fe161010 WorkerThread "GC Thread#2"                     [id=20604, stack(0x000000022e800000,0x000000022e900000) (1024K)]
  0x000001c4fe1617c0 WorkerThread "GC Thread#3"                     [id=27896, stack(0x000000022e900000,0x000000022ea00000) (1024K)]
  0x000001c4fe1817f0 WorkerThread "GC Thread#4"                     [id=6372, stack(0x000000022ea00000,0x000000022eb00000) (1024K)]
  0x000001c4fe19aa90 WorkerThread "GC Thread#5"                     [id=22736, stack(0x000000022eb00000,0x000000022ec00000) (1024K)]
  0x000001c4fe19be50 WorkerThread "GC Thread#6"                     [id=5400, stack(0x000000022ec00000,0x000000022ed00000) (1024K)]
  0x000001c4fe19c1f0 WorkerThread "GC Thread#7"                     [id=22992, stack(0x000000022ed00000,0x000000022ee00000) (1024K)]
  0x000001c4fe19ddb0 WorkerThread "GC Thread#8"                     [id=30520, stack(0x000000022ee00000,0x000000022ef00000) (1024K)]
  0x000001c4fe19e960 WorkerThread "GC Thread#9"                     [id=14440, stack(0x000000022ef00000,0x000000022f000000) (1024K)]
  0x000001c4fe1a06b0 WorkerThread "GC Thread#10"                    [id=30112, stack(0x000000022f000000,0x000000022f100000) (1024K)]
  0x000001c4fe19ed50 WorkerThread "GC Thread#11"                    [id=16080, stack(0x000000022f100000,0x000000022f200000) (1024K)]
  0x000001c4fe19f830 WorkerThread "GC Thread#12"                    [id=14764, stack(0x000000022f200000,0x000000022f300000) (1024K)]
  0x000001c4fe19f490 WorkerThread "GC Thread#13"                    [id=10900, stack(0x000000022f300000,0x000000022f400000) (1024K)]
  0x000001c4fe19f0f0 WorkerThread "GC Thread#14"                    [id=7228, stack(0x000000022f500000,0x000000022f600000) (1024K)]
  0x000001c4eea2bef0 ConcurrentGCThread "G1 Main Marker"            [id=18376, stack(0x000000022c800000,0x000000022c900000) (1024K)]
  0x000001c4eea2c900 WorkerThread "G1 Conc#0"                       [id=5224, stack(0x000000022c900000,0x000000022ca00000) (1024K)]
  0x000001c4fe19ff70 WorkerThread "G1 Conc#1"                       [id=12664, stack(0x000000022f600000,0x000000022f700000) (1024K)]
  0x000001c4fe19fbd0 WorkerThread "G1 Conc#2"                       [id=12712, stack(0x000000022f700000,0x000000022f800000) (1024K)]
  0x000001c4fe1a0310 WorkerThread "G1 Conc#3"                       [id=6788, stack(0x000000022f800000,0x000000022f900000) (1024K)]
  0x000001c4f8ceb100 ConcurrentGCThread "G1 Refine#0"               [id=4964, stack(0x000000022ca00000,0x000000022cb00000) (1024K)]
  0x000001c4f8ceba20 ConcurrentGCThread "G1 Service"                [id=15976, stack(0x000000022cb00000,0x000000022cc00000) (1024K)]
Total: 24

Threads with active compile tasks:
C2 CompilerThread0  3118531 2961       4       java.io.ObjectOutputStream::writeUTF (9 bytes)
Total: 1

VM state: not at safepoint (normal execution)

VM Mutex/Monitor currently owned by a thread: None

Heap address: 0x0000000080000000, size: 2048 MB, Compressed Oops mode: 32-bit

CDS archive(s) not mapped
Compressed class space mapped at: 0x0000000100000000-0x0000000140000000, reserved size: 1073741824
Narrow klass base: 0x0000000000000000, Narrow klass shift: 3, Narrow klass range: 0x140000000

GC Precious Log:
 CardTable entry size: 512
 Card Set container configuration: InlinePtr #cards 5 size 8 Array Of Cards #cards 12 size 40 Howl #buckets 4 coarsen threshold 1843 Howl Bitmap #cards 512 size 80 coarsen threshold 460 Card regions per heap region 1 cards per card region 2048
 CPUs: 20 total, 20 available
 Memory: 16068M
 Large Page Support: Disabled
 NUMA Support: Disabled
 Compressed Oops: Enabled (32-bit)
 Heap Region Size: 1M
 Heap Min Capacity: 128M
 Heap Initial Capacity: 128M
 Heap Max Capacity: 2G
 Pre-touch: Disabled
 Parallel Workers: 15
 Concurrent Workers: 4
 Concurrent Refinement Workers: 15
 Periodic GC: Disabled

Heap:
 garbage-first heap   total 131072K, used 41474K [0x0000000080000000, 0x0000000100000000)
  region size 1024K, 33 young (33792K), 1 survivors (1024K)
 Metaspace       used 28078K, committed 28672K, reserved 1114112K
  class space    used 2805K, committed 3072K, reserved 1048576K

Heap Regions: E=young(eden), S=young(survivor), O=old, HS=humongous(starts), HC=humongous(continues), CS=collection set, F=free, TAMS=top-at-mark-start, PB=parsable bottom
|   0|0x0000000080000000, 0x0000000080100000, 0x0000000080100000|100%|HS|  |TAMS 0x0000000080000000| PB 0x0000000080000000| Complete 
|   1|0x0000000080100000, 0x0000000080200000, 0x0000000080200000|100%|HC|  |TAMS 0x0000000080100000| PB 0x0000000080100000| Complete 
|   2|0x0000000080200000, 0x0000000080300000, 0x0000000080300000|100%|HS|  |TAMS 0x0000000080200000| PB 0x0000000080200000| Complete 
|   3|0x0000000080300000, 0x0000000080400000, 0x0000000080400000|100%|HS|  |TAMS 0x0000000080300000| PB 0x0000000080300000| Complete 
|   4|0x0000000080400000, 0x0000000080500000, 0x0000000080500000|100%| O|  |TAMS 0x0000000080400000| PB 0x0000000080400000| Untracked 
|   5|0x0000000080500000, 0x0000000080600000, 0x0000000080600000|100%| O|  |TAMS 0x0000000080500000| PB 0x0000000080500000| Untracked 
|   6|0x0000000080600000, 0x0000000080700000, 0x0000000080700000|100%| O|  |TAMS 0x0000000080600000| PB 0x0000000080600000| Untracked 
|   7|0x0000000080700000, 0x0000000080800000, 0x0000000080800000|100%| O|  |TAMS 0x0000000080700000| PB 0x0000000080700000| Untracked 
|   8|0x0000000080800000, 0x0000000080900000, 0x0000000080900000|100%| O|  |TAMS 0x0000000080800000| PB 0x0000000080800000| Untracked 
|   9|0x0000000080900000, 0x0000000080983d10, 0x0000000080a00000| 51%| O|  |TAMS 0x0000000080900000| PB 0x0000000080900000| Untracked 
|  10|0x0000000080a00000, 0x0000000080a00000, 0x0000000080b00000|  0%| F|  |TAMS 0x0000000080a00000| PB 0x0000000080a00000| Untracked 
|  11|0x0000000080b00000, 0x0000000080b00000, 0x0000000080c00000|  0%| F|  |TAMS 0x0000000080b00000| PB 0x0000000080b00000| Untracked 
|  12|0x0000000080c00000, 0x0000000080c00000, 0x0000000080d00000|  0%| F|  |TAMS 0x0000000080c00000| PB 0x0000000080c00000| Untracked 
|  13|0x0000000080d00000, 0x0000000080d00000, 0x0000000080e00000|  0%| F|  |TAMS 0x0000000080d00000| PB 0x0000000080d00000| Untracked 
|  14|0x0000000080e00000, 0x0000000080e00000, 0x0000000080f00000|  0%| F|  |TAMS 0x0000000080e00000| PB 0x0000000080e00000| Untracked 
|  15|0x0000000080f00000, 0x0000000080f00000, 0x0000000081000000|  0%| F|  |TAMS 0x0000000080f00000| PB 0x0000000080f00000| Untracked 
|  16|0x0000000081000000, 0x0000000081000000, 0x0000000081100000|  0%| F|  |TAMS 0x0000000081000000| PB 0x0000000081000000| Untracked 
|  17|0x0000000081100000, 0x0000000081100000, 0x0000000081200000|  0%| F|  |TAMS 0x0000000081100000| PB 0x0000000081100000| Untracked 
|  18|0x0000000081200000, 0x0000000081200000, 0x0000000081300000|  0%| F|  |TAMS 0x0000000081200000| PB 0x0000000081200000| Untracked 
|  19|0x0000000081300000, 0x0000000081300000, 0x0000000081400000|  0%| F|  |TAMS 0x0000000081300000| PB 0x0000000081300000| Untracked 
|  20|0x0000000081400000, 0x0000000081400000, 0x0000000081500000|  0%| F|  |TAMS 0x0000000081400000| PB 0x0000000081400000| Untracked 
|  21|0x0000000081500000, 0x0000000081500000, 0x0000000081600000|  0%| F|  |TAMS 0x0000000081500000| PB 0x0000000081500000| Untracked 
|  22|0x0000000081600000, 0x0000000081600000, 0x0000000081700000|  0%| F|  |TAMS 0x0000000081600000| PB 0x0000000081600000| Untracked 
|  23|0x0000000081700000, 0x0000000081700000, 0x0000000081800000|  0%| F|  |TAMS 0x0000000081700000| PB 0x0000000081700000| Untracked 
|  24|0x0000000081800000, 0x0000000081800000, 0x0000000081900000|  0%| F|  |TAMS 0x0000000081800000| PB 0x0000000081800000| Untracked 
|  25|0x0000000081900000, 0x0000000081900000, 0x0000000081a00000|  0%| F|  |TAMS 0x0000000081900000| PB 0x0000000081900000| Untracked 
|  26|0x0000000081a00000, 0x0000000081a00000, 0x0000000081b00000|  0%| F|  |TAMS 0x0000000081a00000| PB 0x0000000081a00000| Untracked 
|  27|0x0000000081b00000, 0x0000000081b00000, 0x0000000081c00000|  0%| F|  |TAMS 0x0000000081b00000| PB 0x0000000081b00000| Untracked 
|  28|0x0000000081c00000, 0x0000000081c00000, 0x0000000081d00000|  0%| F|  |TAMS 0x0000000081c00000| PB 0x0000000081c00000| Untracked 
|  29|0x0000000081d00000, 0x0000000081d00000, 0x0000000081e00000|  0%| F|  |TAMS 0x0000000081d00000| PB 0x0000000081d00000| Untracked 
|  30|0x0000000081e00000, 0x0000000081e00000, 0x0000000081f00000|  0%| F|  |TAMS 0x0000000081e00000| PB 0x0000000081e00000| Untracked 
|  31|0x0000000081f00000, 0x0000000081f00000, 0x0000000082000000|  0%| F|  |TAMS 0x0000000081f00000| PB 0x0000000081f00000| Untracked 
|  32|0x0000000082000000, 0x0000000082000000, 0x0000000082100000|  0%| F|  |TAMS 0x0000000082000000| PB 0x0000000082000000| Untracked 
|  33|0x0000000082100000, 0x0000000082100000, 0x0000000082200000|  0%| F|  |TAMS 0x0000000082100000| PB 0x0000000082100000| Untracked 
|  34|0x0000000082200000, 0x0000000082200000, 0x0000000082300000|  0%| F|  |TAMS 0x0000000082200000| PB 0x0000000082200000| Untracked 
|  35|0x0000000082300000, 0x0000000082300000, 0x0000000082400000|  0%| F|  |TAMS 0x0000000082300000| PB 0x0000000082300000| Untracked 
|  36|0x0000000082400000, 0x0000000082400000, 0x0000000082500000|  0%| F|  |TAMS 0x0000000082400000| PB 0x0000000082400000| Untracked 
|  37|0x0000000082500000, 0x0000000082500000, 0x0000000082600000|  0%| F|  |TAMS 0x0000000082500000| PB 0x0000000082500000| Untracked 
|  38|0x0000000082600000, 0x0000000082600000, 0x0000000082700000|  0%| F|  |TAMS 0x0000000082600000| PB 0x0000000082600000| Untracked 
|  39|0x0000000082700000, 0x0000000082700000, 0x0000000082800000|  0%| F|  |TAMS 0x0000000082700000| PB 0x0000000082700000| Untracked 
|  40|0x0000000082800000, 0x0000000082800000, 0x0000000082900000|  0%| F|  |TAMS 0x0000000082800000| PB 0x0000000082800000| Untracked 
|  41|0x0000000082900000, 0x0000000082900000, 0x0000000082a00000|  0%| F|  |TAMS 0x0000000082900000| PB 0x0000000082900000| Untracked 
|  42|0x0000000082a00000, 0x0000000082a00000, 0x0000000082b00000|  0%| F|  |TAMS 0x0000000082a00000| PB 0x0000000082a00000| Untracked 
|  43|0x0000000082b00000, 0x0000000082b00000, 0x0000000082c00000|  0%| F|  |TAMS 0x0000000082b00000| PB 0x0000000082b00000| Untracked 
|  44|0x0000000082c00000, 0x0000000082c00000, 0x0000000082d00000|  0%| F|  |TAMS 0x0000000082c00000| PB 0x0000000082c00000| Untracked 
|  45|0x0000000082d00000, 0x0000000082d00000, 0x0000000082e00000|  0%| F|  |TAMS 0x0000000082d00000| PB 0x0000000082d00000| Untracked 
|  46|0x0000000082e00000, 0x0000000082e00000, 0x0000000082f00000|  0%| F|  |TAMS 0x0000000082e00000| PB 0x0000000082e00000| Untracked 
|  47|0x0000000082f00000, 0x0000000082f00000, 0x0000000083000000|  0%| F|  |TAMS 0x0000000082f00000| PB 0x0000000082f00000| Untracked 
|  48|0x0000000083000000, 0x0000000083000000, 0x0000000083100000|  0%| F|  |TAMS 0x0000000083000000| PB 0x0000000083000000| Untracked 
|  49|0x0000000083100000, 0x0000000083100000, 0x0000000083200000|  0%| F|  |TAMS 0x0000000083100000| PB 0x0000000083100000| Untracked 
|  50|0x0000000083200000, 0x0000000083200000, 0x0000000083300000|  0%| F|  |TAMS 0x0000000083200000| PB 0x0000000083200000| Untracked 
|  51|0x0000000083300000, 0x0000000083300000, 0x0000000083400000|  0%| F|  |TAMS 0x0000000083300000| PB 0x0000000083300000| Untracked 
|  52|0x0000000083400000, 0x0000000083400000, 0x0000000083500000|  0%| F|  |TAMS 0x0000000083400000| PB 0x0000000083400000| Untracked 
|  53|0x0000000083500000, 0x0000000083500000, 0x0000000083600000|  0%| F|  |TAMS 0x0000000083500000| PB 0x0000000083500000| Untracked 
|  54|0x0000000083600000, 0x0000000083600000, 0x0000000083700000|  0%| F|  |TAMS 0x0000000083600000| PB 0x0000000083600000| Untracked 
|  55|0x0000000083700000, 0x0000000083700000, 0x0000000083800000|  0%| F|  |TAMS 0x0000000083700000| PB 0x0000000083700000| Untracked 
|  56|0x0000000083800000, 0x0000000083800000, 0x0000000083900000|  0%| F|  |TAMS 0x0000000083800000| PB 0x0000000083800000| Untracked 
|  57|0x0000000083900000, 0x0000000083900000, 0x0000000083a00000|  0%| F|  |TAMS 0x0000000083900000| PB 0x0000000083900000| Untracked 
|  58|0x0000000083a00000, 0x0000000083a00000, 0x0000000083b00000|  0%| F|  |TAMS 0x0000000083a00000| PB 0x0000000083a00000| Untracked 
|  59|0x0000000083b00000, 0x0000000083b00000, 0x0000000083c00000|  0%| F|  |TAMS 0x0000000083b00000| PB 0x0000000083b00000| Untracked 
|  60|0x0000000083c00000, 0x0000000083c00000, 0x0000000083d00000|  0%| F|  |TAMS 0x0000000083c00000| PB 0x0000000083c00000| Untracked 
|  61|0x0000000083d00000, 0x0000000083d00000, 0x0000000083e00000|  0%| F|  |TAMS 0x0000000083d00000| PB 0x0000000083d00000| Untracked 
|  62|0x0000000083e00000, 0x0000000083e00000, 0x0000000083f00000|  0%| F|  |TAMS 0x0000000083e00000| PB 0x0000000083e00000| Untracked 
|  63|0x0000000083f00000, 0x0000000083f00000, 0x0000000084000000|  0%| F|  |TAMS 0x0000000083f00000| PB 0x0000000083f00000| Untracked 
|  64|0x0000000084000000, 0x0000000084000000, 0x0000000084100000|  0%| F|  |TAMS 0x0000000084000000| PB 0x0000000084000000| Untracked 
|  65|0x0000000084100000, 0x0000000084100000, 0x0000000084200000|  0%| F|  |TAMS 0x0000000084100000| PB 0x0000000084100000| Untracked 
|  66|0x0000000084200000, 0x0000000084200000, 0x0000000084300000|  0%| F|  |TAMS 0x0000000084200000| PB 0x0000000084200000| Untracked 
|  67|0x0000000084300000, 0x0000000084300000, 0x0000000084400000|  0%| F|  |TAMS 0x0000000084300000| PB 0x0000000084300000| Untracked 
|  68|0x0000000084400000, 0x0000000084400000, 0x0000000084500000|  0%| F|  |TAMS 0x0000000084400000| PB 0x0000000084400000| Untracked 
|  69|0x0000000084500000, 0x0000000084500000, 0x0000000084600000|  0%| F|  |TAMS 0x0000000084500000| PB 0x0000000084500000| Untracked 
|  70|0x0000000084600000, 0x0000000084600000, 0x0000000084700000|  0%| F|  |TAMS 0x0000000084600000| PB 0x0000000084600000| Untracked 
|  71|0x0000000084700000, 0x0000000084700000, 0x0000000084800000|  0%| F|  |TAMS 0x0000000084700000| PB 0x0000000084700000| Untracked 
|  72|0x0000000084800000, 0x0000000084800000, 0x0000000084900000|  0%| F|  |TAMS 0x0000000084800000| PB 0x0000000084800000| Untracked 
|  73|0x0000000084900000, 0x0000000084900000, 0x0000000084a00000|  0%| F|  |TAMS 0x0000000084900000| PB 0x0000000084900000| Untracked 
|  74|0x0000000084a00000, 0x0000000084a00000, 0x0000000084b00000|  0%| F|  |TAMS 0x0000000084a00000| PB 0x0000000084a00000| Untracked 
|  75|0x0000000084b00000, 0x0000000084b00000, 0x0000000084c00000|  0%| F|  |TAMS 0x0000000084b00000| PB 0x0000000084b00000| Untracked 
|  76|0x0000000084c00000, 0x0000000084c00000, 0x0000000084d00000|  0%| F|  |TAMS 0x0000000084c00000| PB 0x0000000084c00000| Untracked 
|  77|0x0000000084d00000, 0x0000000084d00000, 0x0000000084e00000|  0%| F|  |TAMS 0x0000000084d00000| PB 0x0000000084d00000| Untracked 
|  78|0x0000000084e00000, 0x0000000084e00000, 0x0000000084f00000|  0%| F|  |TAMS 0x0000000084e00000| PB 0x0000000084e00000| Untracked 
|  79|0x0000000084f00000, 0x0000000084f00000, 0x0000000085000000|  0%| F|  |TAMS 0x0000000084f00000| PB 0x0000000084f00000| Untracked 
|  80|0x0000000085000000, 0x0000000085000000, 0x0000000085100000|  0%| F|  |TAMS 0x0000000085000000| PB 0x0000000085000000| Untracked 
|  81|0x0000000085100000, 0x0000000085100000, 0x0000000085200000|  0%| F|  |TAMS 0x0000000085100000| PB 0x0000000085100000| Untracked 
|  82|0x0000000085200000, 0x0000000085200000, 0x0000000085300000|  0%| F|  |TAMS 0x0000000085200000| PB 0x0000000085200000| Untracked 
|  83|0x0000000085300000, 0x0000000085300000, 0x0000000085400000|  0%| F|  |TAMS 0x0000000085300000| PB 0x0000000085300000| Untracked 
|  84|0x0000000085400000, 0x0000000085400000, 0x0000000085500000|  0%| F|  |TAMS 0x0000000085400000| PB 0x0000000085400000| Untracked 
|  85|0x0000000085500000, 0x0000000085500000, 0x0000000085600000|  0%| F|  |TAMS 0x0000000085500000| PB 0x0000000085500000| Untracked 
|  86|0x0000000085600000, 0x0000000085600000, 0x0000000085700000|  0%| F|  |TAMS 0x0000000085600000| PB 0x0000000085600000| Untracked 
|  87|0x0000000085700000, 0x0000000085700000, 0x0000000085800000|  0%| F|  |TAMS 0x0000000085700000| PB 0x0000000085700000| Untracked 
|  88|0x0000000085800000, 0x0000000085800000, 0x0000000085900000|  0%| F|  |TAMS 0x0000000085800000| PB 0x0000000085800000| Untracked 
|  89|0x0000000085900000, 0x0000000085900000, 0x0000000085a00000|  0%| F|  |TAMS 0x0000000085900000| PB 0x0000000085900000| Untracked 
|  90|0x0000000085a00000, 0x0000000085a00000, 0x0000000085b00000|  0%| F|  |TAMS 0x0000000085a00000| PB 0x0000000085a00000| Untracked 
|  91|0x0000000085b00000, 0x0000000085b00000, 0x0000000085c00000|  0%| F|  |TAMS 0x0000000085b00000| PB 0x0000000085b00000| Untracked 
|  92|0x0000000085c00000, 0x0000000085c00000, 0x0000000085d00000|  0%| F|  |TAMS 0x0000000085c00000| PB 0x0000000085c00000| Untracked 
|  93|0x0000000085d00000, 0x0000000085d00000, 0x0000000085e00000|  0%| F|  |TAMS 0x0000000085d00000| PB 0x0000000085d00000| Untracked 
|  94|0x0000000085e00000, 0x0000000085e00000, 0x0000000085f00000|  0%| F|  |TAMS 0x0000000085e00000| PB 0x0000000085e00000| Untracked 
|  95|0x0000000085f00000, 0x0000000085f4d6d8, 0x0000000086000000| 30%| E|  |TAMS 0x0000000085f00000| PB 0x0000000085f00000| Complete 
|  96|0x0000000086000000, 0x0000000086100000, 0x0000000086100000|100%| E|CS|TAMS 0x0000000086000000| PB 0x0000000086000000| Complete 
|  97|0x0000000086100000, 0x0000000086200000, 0x0000000086200000|100%| E|CS|TAMS 0x0000000086100000| PB 0x0000000086100000| Complete 
|  98|0x0000000086200000, 0x0000000086300000, 0x0000000086300000|100%| E|CS|TAMS 0x0000000086200000| PB 0x0000000086200000| Complete 
|  99|0x0000000086300000, 0x0000000086400000, 0x0000000086400000|100%| E|CS|TAMS 0x0000000086300000| PB 0x0000000086300000| Complete 
| 100|0x0000000086400000, 0x0000000086500000, 0x0000000086500000|100%| E|CS|TAMS 0x0000000086400000| PB 0x0000000086400000| Complete 
| 101|0x0000000086500000, 0x0000000086600000, 0x0000000086600000|100%| E|CS|TAMS 0x0000000086500000| PB 0x0000000086500000| Complete 
| 102|0x0000000086600000, 0x0000000086700000, 0x0000000086700000|100%| E|CS|TAMS 0x0000000086600000| PB 0x0000000086600000| Complete 
| 103|0x0000000086700000, 0x0000000086800000, 0x0000000086800000|100%| E|CS|TAMS 0x0000000086700000| PB 0x0000000086700000| Complete 
| 104|0x0000000086800000, 0x0000000086900000, 0x0000000086900000|100%| E|CS|TAMS 0x0000000086800000| PB 0x0000000086800000| Complete 
| 105|0x0000000086900000, 0x0000000086a00000, 0x0000000086a00000|100%| E|CS|TAMS 0x0000000086900000| PB 0x0000000086900000| Complete 
| 106|0x0000000086a00000, 0x0000000086b00000, 0x0000000086b00000|100%| E|CS|TAMS 0x0000000086a00000| PB 0x0000000086a00000| Complete 
| 107|0x0000000086b00000, 0x0000000086c00000, 0x0000000086c00000|100%| E|CS|TAMS 0x0000000086b00000| PB 0x0000000086b00000| Complete 
| 108|0x0000000086c00000, 0x0000000086d00000, 0x0000000086d00000|100%| E|CS|TAMS 0x0000000086c00000| PB 0x0000000086c00000| Complete 
| 109|0x0000000086d00000, 0x0000000086e00000, 0x0000000086e00000|100%| E|CS|TAMS 0x0000000086d00000| PB 0x0000000086d00000| Complete 
| 110|0x0000000086e00000, 0x0000000086f00000, 0x0000000086f00000|100%| E|CS|TAMS 0x0000000086e00000| PB 0x0000000086e00000| Complete 
| 111|0x0000000086f00000, 0x0000000087000000, 0x0000000087000000|100%| E|CS|TAMS 0x0000000086f00000| PB 0x0000000086f00000| Complete 
| 112|0x0000000087000000, 0x0000000087100000, 0x0000000087100000|100%| E|CS|TAMS 0x0000000087000000| PB 0x0000000087000000| Complete 
| 113|0x0000000087100000, 0x0000000087200000, 0x0000000087200000|100%| E|CS|TAMS 0x0000000087100000| PB 0x0000000087100000| Complete 
| 114|0x0000000087200000, 0x0000000087300000, 0x0000000087300000|100%| E|CS|TAMS 0x0000000087200000| PB 0x0000000087200000| Complete 
| 115|0x0000000087300000, 0x0000000087400000, 0x0000000087400000|100%| E|CS|TAMS 0x0000000087300000| PB 0x0000000087300000| Complete 
| 116|0x0000000087400000, 0x0000000087500000, 0x0000000087500000|100%| E|CS|TAMS 0x0000000087400000| PB 0x0000000087400000| Complete 
| 117|0x0000000087500000, 0x0000000087600000, 0x0000000087600000|100%| E|CS|TAMS 0x0000000087500000| PB 0x0000000087500000| Complete 
| 118|0x0000000087600000, 0x0000000087700000, 0x0000000087700000|100%| E|CS|TAMS 0x0000000087600000| PB 0x0000000087600000| Complete 
| 119|0x0000000087700000, 0x0000000087800000, 0x0000000087800000|100%| E|  |TAMS 0x0000000087700000| PB 0x0000000087700000| Complete 
| 120|0x0000000087800000, 0x0000000087900000, 0x0000000087900000|100%| E|CS|TAMS 0x0000000087800000| PB 0x0000000087800000| Complete 
| 121|0x0000000087900000, 0x00000000879fce40, 0x0000000087a00000| 98%| S|CS|TAMS 0x0000000087900000| PB 0x0000000087900000| Complete 
| 122|0x0000000087a00000, 0x0000000087b00000, 0x0000000087b00000|100%| E|CS|TAMS 0x0000000087a00000| PB 0x0000000087a00000| Complete 
| 123|0x0000000087b00000, 0x0000000087c00000, 0x0000000087c00000|100%| E|CS|TAMS 0x0000000087b00000| PB 0x0000000087b00000| Complete 
| 124|0x0000000087c00000, 0x0000000087d00000, 0x0000000087d00000|100%| E|CS|TAMS 0x0000000087c00000| PB 0x0000000087c00000| Complete 
| 125|0x0000000087d00000, 0x0000000087e00000, 0x0000000087e00000|100%| E|CS|TAMS 0x0000000087d00000| PB 0x0000000087d00000| Complete 
| 126|0x0000000087e00000, 0x0000000087f00000, 0x0000000087f00000|100%| E|CS|TAMS 0x0000000087e00000| PB 0x0000000087e00000| Complete 
| 127|0x0000000087f00000, 0x0000000088000000, 0x0000000088000000|100%| E|CS|TAMS 0x0000000087f00000| PB 0x0000000087f00000| Complete 

Card table byte_map: [0x000001c4f3770000,0x000001c4f3b70000] _byte_map_base: 0x000001c4f3370000

Marking Bits: (CMBitMap*) 0x000001c4eea1a790
 Bits: [0x000001c4f3b70000, 0x000001c4f5b70000)

Polling page: 0x000001c4ec8f0000

Metaspace:

Usage:
  Non-class:     24.68 MB used.
      Class:      2.74 MB used.
       Both:     27.42 MB used.

Virtual space:
  Non-class space:       64.00 MB reserved,      25.00 MB ( 39%) committed,  1 nodes.
      Class space:        1.00 GB reserved,       3.00 MB ( <1%) committed,  1 nodes.
             Both:        1.06 GB reserved,      28.00 MB (  3%) committed. 

Chunk freelists:
   Non-Class:  6.37 MB
       Class:  12.99 MB
        Both:  19.36 MB

MaxMetaspaceSize: unlimited
CompressedClassSpaceSize: 1.00 GB
Initial GC threshold: 21.00 MB
Current GC threshold: 35.12 MB
CDS: off
 - commit_granule_bytes: 65536.
 - commit_granule_words: 8192.
 - virtual_space_node_default_size: 8388608.
 - enlarge_chunks_in_place: 1.
 - use_allocation_guard: 0.


Internal statistics:

num_allocs_failed_limit: 3.
num_arena_births: 670.
num_arena_deaths: 0.
num_vsnodes_births: 2.
num_vsnodes_deaths: 0.
num_space_committed: 448.
num_space_uncommitted: 0.
num_chunks_returned_to_freelist: 3.
num_chunks_taken_from_freelist: 1154.
num_chunk_merges: 0.
num_chunk_splits: 696.
num_chunks_enlarged: 334.
num_inconsistent_stats: 0.

CodeHeap 'non-profiled nmethods': size=119168Kb used=1252Kb max_used=1252Kb free=117915Kb
 bounds [0x000001c487ba0000, 0x000001c487e10000, 0x000001c48f000000]
CodeHeap 'profiled nmethods': size=119104Kb used=6007Kb max_used=6007Kb free=113097Kb
 bounds [0x000001c480000000, 0x000001c4805e0000, 0x000001c487450000]
CodeHeap 'non-nmethods': size=7488Kb used=1551Kb max_used=3291Kb free=5936Kb
 bounds [0x000001c487450000, 0x000001c4877a0000, 0x000001c487ba0000]
 total_blobs=3573 nmethods=2960 adapters=517
 compilation: enabled
              stopped_count=0, restarted_count=0
 full_count=0

Compilation events (20 events):
Event: 2899.455 Thread 0x000001c4fd0efe20 nmethod 2951 0x000001c487cc9b10 code [0x000001c487cc9c80, 0x000001c487cc9d18]
Event: 2972.943 Thread 0x000001c4fd0efe20 2952       4       java.io.ObjectInputStream::readClassDesc (121 bytes)
Event: 2973.098 Thread 0x000001c4fd0efe20 nmethod 2952 0x000001c487cc9e10 code [0x000001c487cca920, 0x000001c487cd38f8]
Event: 2989.478 Thread 0x000001c4fd0b7620 2953       3       java.io.ObjectOutputStream$HandleTable::growEntries (58 bytes)
Event: 2989.478 Thread 0x000001c4fd0b7620 nmethod 2953 0x000001c4805d8a10 code [0x000001c4805d8be0, 0x000001c4805d9058]
Event: 3000.672 Thread 0x000001c4fd0b7620 2954       3       java.lang.CharacterData::of (136 bytes)
Event: 3000.672 Thread 0x000001c4fd0b7620 nmethod 2954 0x000001c4805d9190 code [0x000001c4805d93c0, 0x000001c4805d9c90]
Event: 3000.674 Thread 0x000001c4fd0b7620 2955   !   3       java.lang.ref.ReferenceQueue::remove (61 bytes)
Event: 3000.674 Thread 0x000001c4fd0b7620 nmethod 2955 0x000001c4805d9e90 code [0x000001c4805da100, 0x000001c4805dac68]
Event: 3000.674 Thread 0x000001c4fd0b7620 2956       3       java.lang.ref.ReferenceQueue::remove0 (64 bytes)
Event: 3000.675 Thread 0x000001c4fd0b7620 nmethod 2956 0x000001c4805db010 code [0x000001c4805db200, 0x000001c4805db690]
Event: 3043.488 Thread 0x000001c4fd0b7620 2958       3       sun.rmi.transport.tcp.TCPEndpoint::writeHostPortFormat (39 bytes)
Event: 3043.488 Thread 0x000001c4fd0b7620 nmethod 2958 0x000001c4805db810 code [0x000001c4805db9e0, 0x000001c4805dbd98]
Event: 3043.488 Thread 0x000001c4fd0b7620 2957       3       java.lang.invoke.LambdaForm$MH/0x0000000100302000::invoke (64 bytes)
Event: 3043.489 Thread 0x000001c4fd0b7620 nmethod 2957 0x000001c4805dbf10 code [0x000001c4805dc1c0, 0x000001c4805dd0b8]
Event: 3052.493 Thread 0x000001c4fd0b7620 2959       3       java.util.Vector::add (23 bytes)
Event: 3052.493 Thread 0x000001c4fd0b7620 nmethod 2959 0x000001c4805dd510 code [0x000001c4805dd6e0, 0x000001c4805dda70]
Event: 3115.509 Thread 0x000001c4fd0efe20 2960       4       jdk.internal.misc.Unsafe::putLongUnaligned (14 bytes)
Event: 3115.509 Thread 0x000001c4fd0efe20 nmethod 2960 0x000001c487cd8f10 code [0x000001c487cd9080, 0x000001c487cd9138]
Event: 3115.509 Thread 0x000001c4fd0efe20 2961       4       java.io.ObjectOutputStream::writeUTF (9 bytes)

GC Heap History (4 events):
Event: 0.696 GC heap before
{Heap before GC invocations=0 (full 0):
 garbage-first heap   total 131072K, used 26624K [0x0000000080000000, 0x0000000100000000)
  region size 1024K, 23 young (23552K), 0 survivors (0K)
 Metaspace       used 18302K, committed 18752K, reserved 1114112K
  class space    used 1846K, committed 2048K, reserved 1048576K
}
Event: 0.701 GC heap after
{Heap after GC invocations=1 (full 0):
 garbage-first heap   total 131072K, used 9456K [0x0000000080000000, 0x0000000100000000)
  region size 1024K, 3 young (3072K), 3 survivors (3072K)
 Metaspace       used 18302K, committed 18752K, reserved 1114112K
  class space    used 1846K, committed 2048K, reserved 1048576K
}
Event: 0.803 GC heap before
{Heap before GC invocations=1 (full 0):
 garbage-first heap   total 131072K, used 14576K [0x0000000080000000, 0x0000000100000000)
  region size 1024K, 9 young (9216K), 3 survivors (3072K)
 Metaspace       used 21137K, committed 21504K, reserved 1114112K
  class space    used 2130K, committed 2304K, reserved 1048576K
}
Event: 0.806 GC heap after
{Heap after GC invocations=2 (full 0):
 garbage-first heap   total 131072K, used 10754K [0x0000000080000000, 0x0000000100000000)
  region size 1024K, 1 young (1024K), 1 survivors (1024K)
 Metaspace       used 21137K, committed 21504K, reserved 1114112K
  class space    used 2130K, committed 2304K, reserved 1048576K
}

Dll operation events (2 events):
Event: 0.007 Loaded shared library C:\Program Files\JetBrains\IntelliJ IDEA 2024.2.3\jbr\bin\java.dll
Event: 0.011 Loaded shared library C:\Program Files\JetBrains\IntelliJ IDEA 2024.2.3\jbr\bin\zip.dll

Deoptimization events (20 events):
Event: 1.298 Thread 0x000001c4fdc38810 Uncommon trap: trap_request=0xffffff45 fr.pc=0x000001c487bd3b64 relative=0x00000000000001c4
Event: 1.298 Thread 0x000001c4fdc38810 Uncommon trap: reason=unstable_if action=reinterpret pc=0x000001c487bd3b64 method=java.lang.String.indexOf(II)I @ 4 c2
Event: 1.298 Thread 0x000001c4fdc38810 DEOPT PACKING pc=0x000001c487bd3b64 sp=0x000000022e5fe190
Event: 1.298 Thread 0x000001c4fdc38810 DEOPT UNPACKING pc=0x000001c4874a46a2 sp=0x000000022e5fe0c0 mode 2
Event: 9.237 Thread 0x000001c4fdc38810 Uncommon trap: trap_request=0xffffff45 fr.pc=0x000001c487bcb12c relative=0x00000000000004ec
Event: 9.237 Thread 0x000001c4fdc38810 Uncommon trap: reason=unstable_if action=reinterpret pc=0x000001c487bcb12c method=java.lang.AbstractStringBuilder.isLatin1()Z @ 10 c2
Event: 9.237 Thread 0x000001c4fdc38810 DEOPT PACKING pc=0x000001c487bcb12c sp=0x000000022e5fe210
Event: 9.237 Thread 0x000001c4fdc38810 DEOPT UNPACKING pc=0x000001c4874a46a2 sp=0x000000022e5fe160 mode 2
Event: 9.237 Thread 0x000001c4fdc38810 Uncommon trap: trap_request=0xffffff45 fr.pc=0x000001c487bc1b1c relative=0x00000000000001fc
Event: 9.237 Thread 0x000001c4fdc38810 Uncommon trap: reason=unstable_if action=reinterpret pc=0x000001c487bc1b1c method=java.lang.String.indexOf(II)I @ 4 c2
Event: 9.237 Thread 0x000001c4fdc38810 DEOPT PACKING pc=0x000001c487bc1b1c sp=0x000000022e5fdfc0
Event: 9.237 Thread 0x000001c4fdc38810 DEOPT UNPACKING pc=0x000001c4874a46a2 sp=0x000000022e5fdf60 mode 2
Event: 300.660 Thread 0x000001c4fdc38ea0 Uncommon trap: trap_request=0xffffff45 fr.pc=0x000001c487c9e9ac relative=0x000000000000010c
Event: 300.660 Thread 0x000001c4fdc38ea0 Uncommon trap: reason=unstable_if action=reinterpret pc=0x000001c487c9e9ac method=java.lang.ThreadLocal.get(Ljava/lang/Thread;)Ljava/lang/Object; @ 7 c2
Event: 300.660 Thread 0x000001c4fdc38ea0 DEOPT PACKING pc=0x000001c487c9e9ac sp=0x000000022e6fe9e0
Event: 300.660 Thread 0x000001c4fdc38ea0 DEOPT UNPACKING pc=0x000001c4874a46a2 sp=0x000000022e6fe968 mode 2
Event: 300.660 Thread 0x000001c4fdc38ea0 Uncommon trap: trap_request=0xffffff45 fr.pc=0x000001c487c9e5a0 relative=0x0000000000000100
Event: 300.660 Thread 0x000001c4fdc38ea0 Uncommon trap: reason=unstable_if action=reinterpret pc=0x000001c487c9e5a0 method=java.lang.ThreadLocal$ThreadLocalMap.getEntry(Ljava/lang/ThreadLocal;)Ljava/lang/ThreadLocal$ThreadLocalMap$Entry; @ 21 c2
Event: 300.660 Thread 0x000001c4fdc38ea0 DEOPT PACKING pc=0x000001c487c9e5a0 sp=0x000000022e6fe780
Event: 300.660 Thread 0x000001c4fdc38ea0 DEOPT UNPACKING pc=0x000001c4874a46a2 sp=0x000000022e6fe720 mode 2

Classes loaded (20 events):
Event: 1.153 Loading class java/util/Formattable
Event: 1.153 Loading class java/util/Formattable done
Event: 1.156 Loading class java/util/function/UnaryOperator
Event: 1.156 Loading class java/util/function/UnaryOperator done
Event: 1.184 Loading class java/util/concurrent/atomic/AtomicReferenceFieldUpdater
Event: 1.184 Loading class java/util/concurrent/atomic/AtomicReferenceFieldUpdater done
Event: 1.184 Loading class java/util/concurrent/atomic/AtomicReferenceFieldUpdater$AtomicReferenceFieldUpdaterImpl
Event: 1.184 Loading class java/util/concurrent/atomic/AtomicReferenceFieldUpdater$AtomicReferenceFieldUpdaterImpl done
Event: 1.184 Loading class java/util/concurrent/atomic/AtomicReferenceFieldUpdater$AtomicReferenceFieldUpdaterImpl$1
Event: 1.184 Loading class java/util/concurrent/atomic/AtomicReferenceFieldUpdater$AtomicReferenceFieldUpdaterImpl$1 done
Event: 1.190 Loading class java/lang/StackTraceElement$HashedModules
Event: 1.190 Loading class java/lang/StackTraceElement$HashedModules done
Event: 1.190 Loading class java/lang/Throwable$PrintStreamOrWriter
Event: 1.190 Loading class java/lang/Throwable$PrintStreamOrWriter done
Event: 15.665 Loading class java/util/ArrayList$ListItr
Event: 15.665 Loading class java/util/ArrayList$ListItr done
Event: 75.578 Loading class java/util/IdentityHashMap$KeyIterator
Event: 75.578 Loading class java/util/IdentityHashMap$IdentityHashMapIterator
Event: 75.578 Loading class java/util/IdentityHashMap$IdentityHashMapIterator done
Event: 75.578 Loading class java/util/IdentityHashMap$KeyIterator done

Classes unloaded (0 events):
No events

Classes redefined (0 events):
No events

Internal exceptions (20 events):
Event: 0.983 Thread 0x000001c4fdc38810 Exception <a 'java/lang/NoSuchMethodError'{0x0000000087a667b0}: 'void java.lang.invoke.DirectMethodHandle$Holder.invokeStatic(java.lang.Object, java.lang.Object, java.lang.Object)'> (0x0000000087a667b0) 
thrown [s\src\hotspot\share\interpreter\linkResolver.cpp, line 784]
Event: 1.075 Thread 0x000001c4fdc38810 Exception <a 'java/lang/NoSuchMethodError'{0x00000000876dfba0}: 'int java.lang.invoke.DirectMethodHandle$Holder.invokeInterface(java.lang.Object, java.lang.Object)'> (0x00000000876dfba0) 
thrown [s\src\hotspot\share\interpreter\linkResolver.cpp, line 784]
Event: 1.119 Thread 0x000001c4fdc38810 Exception <a 'java/lang/NoSuchMethodError'{0x00000000874690e0}: 'int java.lang.invoke.DirectMethodHandle$Holder.invokeInterface(java.lang.Object, java.lang.Object, int)'> (0x00000000874690e0) 
thrown [s\src\hotspot\share\interpreter\linkResolver.cpp, line 784]
Event: 1.119 Thread 0x000001c4fdc38810 Exception <a 'java/lang/NoSuchMethodError'{0x000000008746d190}: 'int java.lang.invoke.DirectMethodHandle$Holder.invokeSpecial(java.lang.Object, java.lang.Object, java.lang.Object, int)'> (0x000000008746d190) 
thrown [s\src\hotspot\share\interpreter\linkResolver.cpp, line 784]
Event: 1.120 Thread 0x000001c4fdc38810 Exception <a 'java/lang/NoSuchMethodError'{0x000000008747f460}: 'java.lang.Object java.lang.invoke.DirectMethodHandle$Holder.invokeStatic(java.lang.Object, java.lang.Object, java.lang.Object, java.lang.Object, int)'> (0x000000008747f460) 
thrown [s\src\hotspot\share\interpreter\linkResolver.cpp, line 784]
Event: 1.137 Thread 0x000001c4fdc38810 Exception <a 'java/lang/ClassNotFoundException'{0x00000000874e3188}: sun/util/logging/resources/spi/loggingProvider> (0x00000000874e3188) 
thrown [s\src\hotspot\share\classfile\systemDictionary.cpp, line 312]
Event: 1.154 Thread 0x000001c4fdc38810 Exception <a 'java/lang/NoSuchMethodError'{0x00000000873a4d38}: 'void java.lang.invoke.DirectMethodHandle$Holder.invokeInterface(java.lang.Object, java.lang.Object, int)'> (0x00000000873a4d38) 
thrown [s\src\hotspot\share\interpreter\linkResolver.cpp, line 784]
Event: 1.154 Thread 0x000001c4fdc38810 Exception <a 'java/lang/NoSuchMethodError'{0x00000000873a8bc0}: 'void java.lang.invoke.DelegatingMethodHandle$Holder.reinvoke_L(java.lang.Object, java.lang.Object, int)'> (0x00000000873a8bc0) 
thrown [s\src\hotspot\share\interpreter\linkResolver.cpp, line 784]
Event: 1.186 Thread 0x000001c4fdc38810 Exception <a 'java/lang/NoSuchMethodError'{0x0000000087269348}: 'java.lang.Object java.lang.invoke.DirectMethodHandle$Holder.invokeSpecial(java.lang.Object, java.lang.Object, java.lang.Object, java.lang.Object, int)'> (0x0000000087269348) 
thrown [s\src\hotspot\share\interpreter\linkResolver.cpp, line 784]
Event: 1.186 Thread 0x000001c4fdc38810 Exception <a 'java/lang/NoSuchMethodError'{0x000000008726c7f0}: 'java.lang.Object java.lang.invoke.Invokers$Holder.linkToTargetMethod(java.lang.Object, java.lang.Object, int, java.lang.Object)'> (0x000000008726c7f0) 
thrown [s\src\hotspot\share\interpreter\linkResolver.cpp, line 784]
Event: 1.192 Thread 0x000001c4fdc38810 Exception <a 'java/lang/NoSuchMethodError'{0x000000008729bd50}: static [Ljava/lang/StackTraceElement;.<clinit>()V> (0x000000008729bd50) 
thrown [s\src\hotspot\share\prims\jni.cpp, line 1126]
Event: 1.202 Thread 0x000001c4fdc38810 Exception <a 'java/lang/NoSuchMethodError'{0x00000000872b35e0}: 'void java.lang.invoke.DirectMethodHandle$Holder.invokeInterface(java.lang.Object, java.lang.Object)'> (0x00000000872b35e0) 
thrown [s\src\hotspot\share\interpreter\linkResolver.cpp, line 784]
Event: 1.273 Thread 0x000001c4fdc38810 Exception <a 'java/lang/NoSuchMethodError'{0x0000000087039358}: 'java.lang.Object java.lang.invoke.DirectMethodHandle$Holder.invokeInterface(java.lang.Object, java.lang.Object, int)'> (0x0000000087039358) 
thrown [s\src\hotspot\share\interpreter\linkResolver.cpp, line 784]
Event: 1.323 Thread 0x000001c4fdc38810 Exception <a 'java/lang/NoSuchMethodError'{0x00000000870b8c88}: 'int java.lang.invoke.DirectMethodHandle$Holder.invokeInterface(java.lang.Object, java.lang.Object, int, int)'> (0x00000000870b8c88) 
thrown [s\src\hotspot\share\interpreter\linkResolver.cpp, line 784]
Event: 1.324 Thread 0x000001c4fdc38810 Exception <a 'java/lang/NoSuchMethodError'{0x00000000870bfc38}: 'int java.lang.invoke.DelegatingMethodHandle$Holder.reinvoke_L(java.lang.Object, java.lang.Object, int, int)'> (0x00000000870bfc38) 
thrown [s\src\hotspot\share\interpreter\linkResolver.cpp, line 784]
Event: 1.326 Thread 0x000001c4fdc38810 Exception <a 'java/lang/NoSuchMethodError'{0x00000000870d68f0}: static Lcom/intellij/database/remote/jdbc/RemoteResultSet$DataRetrievingOptions;.<clinit>()V> (0x00000000870d68f0) 
thrown [s\src\hotspot\share\prims\jni.cpp, line 1126]
Event: 1.327 Thread 0x000001c4fdc38810 Exception <a 'java/lang/NoSuchMethodError'{0x00000000870d78e8}: 'java.lang.Object java.lang.invoke.DirectMethodHandle$Holder.invokeInterface(java.lang.Object, java.lang.Object, java.lang.Object)'> (0x00000000870d78e8) 
thrown [s\src\hotspot\share\interpreter\linkResolver.cpp, line 784]
Event: 1.328 Thread 0x000001c4fdc38810 Exception <a 'java/lang/NoSuchMethodError'{0x00000000870e9f28}: static [Ljava/lang/Object;.<clinit>()V> (0x00000000870e9f28) 
thrown [s\src\hotspot\share\prims\jni.cpp, line 1126]
Event: 300.660 Thread 0x000001c4fdc38ea0 Implicit null exception at 0x000001c487c9e8de to 0x000001c487c9e994
Event: 300.660 Thread 0x000001c4fdc38ea0 Implicit null exception at 0x000001c487c9e4fc to 0x000001c487c9e588

ZGC Phase Switch (0 events):
No events

VM Operations (20 events):
Event: 1801.585 Executing VM operation: Cleanup
Event: 1801.585 Executing VM operation: Cleanup done
Event: 1837.603 Executing VM operation: Cleanup
Event: 1837.603 Executing VM operation: Cleanup done
Event: 1900.630 Executing VM operation: Cleanup
Event: 1900.630 Executing VM operation: Cleanup done
Event: 2002.680 Executing VM operation: Cleanup
Event: 2002.680 Executing VM operation: Cleanup done
Event: 2047.703 Executing VM operation: Cleanup
Event: 2047.703 Executing VM operation: Cleanup done
Event: 2065.712 Executing VM operation: Cleanup
Event: 2065.712 Executing VM operation: Cleanup done
Event: 2099.730 Executing VM operation: Cleanup
Event: 2099.730 Executing VM operation: Cleanup done
Event: 2400.885 Executing VM operation: Cleanup
Event: 2400.885 Executing VM operation: Cleanup done
Event: 2801.102 Executing VM operation: Cleanup
Event: 2801.102 Executing VM operation: Cleanup done
Event: 3001.202 Executing VM operation: Cleanup
Event: 3001.202 Executing VM operation: Cleanup done

Memory protections (0 events):
No events

Nmethod flushes (0 events):
No events

Events (20 events):
Event: 371.012 Thread 0x000001c4fdc38810 Thread added: 0x000001c4feba10e0
Event: 371.012 Thread 0x000001c4fdc38810 Thread added: 0x000001c4feba03c0
Event: 371.012 Thread 0x000001c4fdc38810 Thread added: 0x000001c4feba1770
Event: 371.012 Thread 0x000001c4fdc38810 Thread added: 0x000001c4feba2b20
Event: 371.012 Thread 0x000001c4fdc38810 Thread added: 0x000001c4feba3840
Event: 371.012 Thread 0x000001c4fdc38810 Thread added: 0x000001c4feba31b0
Event: 371.012 Thread 0x000001c4fdc38810 Thread added: 0x000001c4feba0a50
Event: 371.012 Thread 0x000001c4fdc38810 Thread added: 0x000001c4feba5280
Event: 371.012 Thread 0x000001c4fdc38810 Thread added: 0x000001c4feba4560
Event: 371.012 Thread 0x000001c4fdc39530 Thread exited: 0x000001c4fdc39530
Event: 371.012 Thread 0x000001c4feba31b0 Thread exited: 0x000001c4feba31b0
Event: 371.013 Thread 0x000001c4feba10e0 Thread exited: 0x000001c4feba10e0
Event: 371.013 Thread 0x000001c4feba03c0 Thread exited: 0x000001c4feba03c0
Event: 371.013 Thread 0x000001c4feba2b20 Thread exited: 0x000001c4feba2b20
Event: 371.013 Thread 0x000001c4feba3840 Thread exited: 0x000001c4feba3840
Event: 371.013 Thread 0x000001c4feba0a50 Thread exited: 0x000001c4feba0a50
Event: 371.013 Thread 0x000001c4feba1e00 Thread exited: 0x000001c4feba1e00
Event: 371.014 Thread 0x000001c4feba1770 Thread exited: 0x000001c4feba1770
Event: 371.014 Thread 0x000001c4feba4560 Thread exited: 0x000001c4feba4560
Event: 371.014 Thread 0x000001c4feba5280 Thread exited: 0x000001c4feba5280


Dynamic libraries:
0x00007ff745cf0000 - 0x00007ff745cfa000 	C:\Program Files\JetBrains\IntelliJ IDEA 2024.2.3\jbr\bin\java.exe
0x00007ffef3260000 - 0x00007ffef34c3000 	C:\WINDOWS\SYSTEM32\ntdll.dll
0x00007ffef1110000 - 0x00007ffef11d7000 	C:\WINDOWS\System32\KERNEL32.DLL
0x00007ffef09b0000 - 0x00007ffef0d79000 	C:\WINDOWS\System32\KERNELBASE.dll
0x00007ffef0690000 - 0x00007ffef07dc000 	C:\WINDOWS\System32\ucrtbase.dll
0x00007ffeb86d0000 - 0x00007ffeb86eb000 	C:\Program Files\JetBrains\IntelliJ IDEA 2024.2.3\jbr\bin\VCRUNTIME140.dll
0x00007ffeecc10000 - 0x00007ffeecc28000 	C:\Program Files\JetBrains\IntelliJ IDEA 2024.2.3\jbr\bin\jli.dll
0x00007ffef2fd0000 - 0x00007ffef319a000 	C:\WINDOWS\System32\USER32.dll
0x00007ffef0e40000 - 0x00007ffef0e67000 	C:\WINDOWS\System32\win32u.dll
0x00007ffef1b60000 - 0x00007ffef1b8a000 	C:\WINDOWS\System32\GDI32.dll
0x00007ffec0540000 - 0x00007ffec07d0000 	C:\WINDOWS\WinSxS\amd64_microsoft.windows.common-controls_6595b64144ccf1df_6.0.26100.3323_none_3e088096e3344490\COMCTL32.dll
0x00007ffef0870000 - 0x00007ffef09a1000 	C:\WINDOWS\System32\gdi32full.dll
0x00007ffef1d90000 - 0x00007ffef1e39000 	C:\WINDOWS\System32\msvcrt.dll
0x00007ffef05e0000 - 0x00007ffef0683000 	C:\WINDOWS\System32\msvcp_win.dll
0x00007ffef1bd0000 - 0x00007ffef1bff000 	C:\WINDOWS\System32\IMM32.DLL
0x00007ffeb8d80000 - 0x00007ffeb8d8c000 	C:\Program Files\JetBrains\IntelliJ IDEA 2024.2.3\jbr\bin\vcruntime140_1.dll
0x00007ffec1f60000 - 0x00007ffec1fed000 	C:\Program Files\JetBrains\IntelliJ IDEA 2024.2.3\jbr\bin\msvcp140.dll
0x00007ffdd62b0000 - 0x00007ffdd7067000 	C:\Program Files\JetBrains\IntelliJ IDEA 2024.2.3\jbr\bin\server\jvm.dll
0x00007ffef24f0000 - 0x00007ffef25a2000 	C:\WINDOWS\System32\ADVAPI32.dll
0x00007ffef25b0000 - 0x00007ffef2656000 	C:\WINDOWS\System32\sechost.dll
0x00007ffef11e0000 - 0x00007ffef12f6000 	C:\WINDOWS\System32\RPCRT4.dll
0x00007ffef1fe0000 - 0x00007ffef2054000 	C:\WINDOWS\System32\WS2_32.dll
0x00007ffeef750000 - 0x00007ffeef79e000 	C:\WINDOWS\SYSTEM32\POWRPROF.dll
0x00007ffee8520000 - 0x00007ffee852b000 	C:\WINDOWS\SYSTEM32\VERSION.dll
0x00007ffee35e0000 - 0x00007ffee3616000 	C:\WINDOWS\SYSTEM32\WINMM.dll
0x00007ffeef730000 - 0x00007ffeef744000 	C:\WINDOWS\SYSTEM32\UMPDC.dll
0x00007ffeef2b0000 - 0x00007ffeef2ca000 	C:\WINDOWS\SYSTEM32\kernel.appcore.dll
0x00007ffeb86c0000 - 0x00007ffeb86ca000 	C:\Program Files\JetBrains\IntelliJ IDEA 2024.2.3\jbr\bin\jimage.dll
0x00007ffeeda70000 - 0x00007ffeedcb1000 	C:\WINDOWS\SYSTEM32\DBGHELP.DLL
0x00007ffef2c40000 - 0x00007ffef2fc2000 	C:\WINDOWS\System32\combase.dll
0x00007ffef1a80000 - 0x00007ffef1b56000 	C:\WINDOWS\System32\OLEAUT32.dll
0x00007ffed5a40000 - 0x00007ffed5a79000 	C:\WINDOWS\SYSTEM32\dbgcore.DLL
0x00007ffef0fe0000 - 0x00007ffef1079000 	C:\WINDOWS\System32\bcryptPrimitives.dll
0x00007ffeac280000 - 0x00007ffeac29f000 	C:\Program Files\JetBrains\IntelliJ IDEA 2024.2.3\jbr\bin\java.dll
0x00007ffeac260000 - 0x00007ffeac278000 	C:\Program Files\JetBrains\IntelliJ IDEA 2024.2.3\jbr\bin\zip.dll
0x00007ffef1360000 - 0x00007ffef1a75000 	C:\WINDOWS\System32\SHELL32.dll
0x00007ffef0e70000 - 0x00007ffef0fd8000 	C:\WINDOWS\System32\wintypes.dll
0x00007ffeee100000 - 0x00007ffeee945000 	C:\WINDOWS\SYSTEM32\windows.storage.dll
0x00007ffef27e0000 - 0x00007ffef28cb000 	C:\WINDOWS\System32\SHCORE.dll
0x00007ffef1300000 - 0x00007ffef135d000 	C:\WINDOWS\System32\shlwapi.dll
0x00007ffef0370000 - 0x00007ffef039f000 	C:\WINDOWS\SYSTEM32\profapi.dll
0x00007ffeb86b0000 - 0x00007ffeb86c0000 	C:\Program Files\JetBrains\IntelliJ IDEA 2024.2.3\jbr\bin\net.dll
0x00007ffee93d0000 - 0x00007ffee94ee000 	C:\WINDOWS\SYSTEM32\WINHTTP.dll
0x00007ffeef850000 - 0x00007ffeef8ba000 	C:\WINDOWS\system32\mswsock.dll
0x00007ffeac180000 - 0x00007ffeac196000 	C:\Program Files\JetBrains\IntelliJ IDEA 2024.2.3\jbr\bin\nio.dll
0x00007ffeaa020000 - 0x00007ffeaa029000 	C:\Program Files\JetBrains\IntelliJ IDEA 2024.2.3\jbr\bin\extnet.dll
0x00007ffeeed10000 - 0x00007ffeeed43000 	C:\WINDOWS\SYSTEM32\IPHLPAPI.DLL
0x00007ffef27d0000 - 0x00007ffef27da000 	C:\WINDOWS\System32\NSI.dll
0x00007ffeefb90000 - 0x00007ffeefbac000 	C:\WINDOWS\SYSTEM32\CRYPTSP.dll
0x00007ffeef1a0000 - 0x00007ffeef1da000 	C:\WINDOWS\system32\rsaenh.dll
0x00007ffeef8f0000 - 0x00007ffeef91b000 	C:\WINDOWS\SYSTEM32\USERENV.dll
0x00007ffeefd20000 - 0x00007ffeefd46000 	C:\WINDOWS\SYSTEM32\bcrypt.dll
0x00007ffeefa80000 - 0x00007ffeefa8c000 	C:\WINDOWS\SYSTEM32\CRYPTBASE.dll
0x00007ffee4b90000 - 0x00007ffee4b97000 	C:\Program Files\JetBrains\IntelliJ IDEA 2024.2.3\jbr\bin\rmi.dll
0x00007ffea74d0000 - 0x00007ffea74e8000 	C:\WINDOWS\system32\napinsp.dll
0x00007ffeeed50000 - 0x00007ffeeee75000 	C:\WINDOWS\SYSTEM32\DNSAPI.dll
0x00007ffea74b0000 - 0x00007ffea74c2000 	C:\WINDOWS\System32\winrnr.dll
0x00007ffed4f40000 - 0x00007ffed4f62000 	C:\WINDOWS\system32\nlansp_c.dll
0x00007ffee3670000 - 0x00007ffee3686000 	C:\WINDOWS\system32\wshbth.dll
0x00007ffee97c0000 - 0x00007ffee97cb000 	C:\Windows\System32\rasadhlp.dll
0x00007ffee9ed0000 - 0x00007ffee9f55000 	C:\WINDOWS\System32\fwpuclnt.dll
0x00007ffeac100000 - 0x00007ffeac10e000 	C:\Program Files\JetBrains\IntelliJ IDEA 2024.2.3\jbr\bin\sunmscapi.dll
0x00007ffef0460000 - 0x00007ffef05d7000 	C:\WINDOWS\System32\CRYPT32.dll
0x00007ffeefce0000 - 0x00007ffeefd10000 	C:\WINDOWS\SYSTEM32\ncrypt.dll
0x00007ffeefc90000 - 0x00007ffeefccf000 	C:\WINDOWS\SYSTEM32\NTASN1.dll

dbghelp: loaded successfully - version: 4.0.5 - missing functions: none
symbol engine: initialized successfully - sym options: 0x614 - pdb path: .;C:\Program Files\JetBrains\IntelliJ IDEA 2024.2.3\jbr\bin;C:\WINDOWS\SYSTEM32;C:\WINDOWS\WinSxS\amd64_microsoft.windows.common-controls_6595b64144ccf1df_6.0.26100.3323_none_3e088096e3344490;C:\Program Files\JetBrains\IntelliJ IDEA 2024.2.3\jbr\bin\server

VM Arguments:
jvm_args: -Djava.rmi.server.hostname=127.0.0.1 -Duser.timezone=UTC -Djava.library.path=C:\Users\Dell\AppData\Roaming\JetBrains\IntelliJIdea2024.2\jdbc-drivers\SQL Server\12.8.1\com\microsoft\sqlserver\mssql-jdbc_auth\12.8.1.x86;C:\Users\Dell\AppData\Roaming\JetBrains\IntelliJIdea2024.2\jdbc-drivers\SQL Server\12.8.1\com\microsoft\sqlserver\mssql-jdbc_auth\12.8.1.x64 -Xmx2048m -Xms128m -Djdbc.classpath=C:\Users\Dell\AppData\Local\Temp\RemoteDriver.classpath.txt --add-exports=java.desktop/sun.awt=ALL-UNNAMED --add-exports=java.desktop/java.awt.peer=ALL-UNNAMED --add-opens=java.desktop/java.awt=ALL-UNNAMED --add-opens=jdk.unsupported/sun.misc=ALL-UNNAMED --add-opens=java.base/java.nio=ALL-UNNAMED --add-opens=java.base/java.util=ALL-UNNAMED -Dfile.encoding=UTF-8 -Dsun.stdout.encoding=UTF-8 -Dsun.stderr.encoding=UTF-8 
java_command: com.intellij.database.remote.RemoteJdbcServer com.microsoft.sqlserver.jdbc.SQLServerDriver
java_class_path (initial): C:\Program Files\JetBrains\IntelliJ IDEA 2024.2.3\lib\util_rt.jar;C:\Program Files\JetBrains\IntelliJ IDEA 2024.2.3\lib\util-8.jar;C:\Program Files\JetBrains\IntelliJ IDEA 2024.2.3\lib\groovy.jar;C:\Program Files\JetBrains\IntelliJ IDEA 2024.2.3\plugins\DatabaseTools\lib\jdbc-console.jar;C:\Program Files\JetBrains\IntelliJ IDEA 2024.2.3\plugins\grid-core-impl\lib\jdbc-console-types.jar;C:\Program Files\JetBrains\IntelliJ IDEA 2024.2.3\lib\util.jar;C:\Program Files\JetBrains\IntelliJ IDEA 2024.2.3\lib\bouncy-castle.jar
Launcher Type: SUN_STANDARD

[Global flags]
     intx CICompilerCount                          = 12                                        {product} {ergonomic}
     uint ConcGCThreads                            = 4                                         {product} {ergonomic}
     uint G1ConcRefinementThreads                  = 15                                        {product} {ergonomic}
   size_t G1HeapRegionSize                         = 1048576                                   {product} {ergonomic}
    uintx GCDrainStackTargetSize                   = 64                                        {product} {ergonomic}
   size_t InitialHeapSize                          = 134217728                                 {product} {command line}
   size_t MarkStackSize                            = 4194304                                   {product} {ergonomic}
   size_t MaxHeapSize                              = 2147483648                                {product} {command line}
   size_t MaxNewSize                               = 1287651328                                {product} {ergonomic}
   size_t MinHeapDeltaBytes                        = 1048576                                   {product} {ergonomic}
   size_t MinHeapSize                              = 134217728                                 {product} {command line}
    uintx NonNMethodCodeHeapSize                   = 7602480                                {pd product} {ergonomic}
    uintx NonProfiledCodeHeapSize                  = 122027880                              {pd product} {ergonomic}
    uintx ProfiledCodeHeapSize                     = 122027880                              {pd product} {ergonomic}
    uintx ReservedCodeCacheSize                    = 251658240                              {pd product} {ergonomic}
     bool SegmentedCodeCache                       = true                                      {product} {ergonomic}
   size_t SoftMaxHeapSize                          = 2147483648                             {manageable} {ergonomic}
     bool UseCompressedOops                        = true                           {product lp64_product} {ergonomic}
     bool UseG1GC                                  = true                                      {product} {ergonomic}
     bool UseLargePagesIndividualAllocation        = false                                  {pd product} {ergonomic}

Logging:
Log output configuration:
 #0: stdout all=warning uptime,level,tags foldmultilines=false
 #1: stderr all=off uptime,level,tags foldmultilines=false

Environment Variables:
PATH=C:\WinAVR-20100110\bin;C:\WinAVR-20100110\utils\bin;C:\Program Files\Microsoft MPI\Bin\;C:\Program Files\Common Files\Oracle\Java\javapath;C:\Windows\system32;C:\Windows;C:\Windows\System32\Wbem;C:\Windows\System32\WindowsPowerShell\v1.0\;C:\Windows\System32\OpenSSH\;C:\Program Files\dotnet\;C:\WINDOWS\system32;C:\WINDOWS;C:\WINDOWS\System32\Wbem;C:\WINDOWS\System32\WindowsPowerShell\v1.0\;C:\WINDOWS\System32\OpenSSH\;C:\Program Files (x86)\NVIDIA Corporation\PhysX\Common;C:\Program Files\Git\cmd;C:\Program Files\NVIDIA Corporation\NVIDIA app\NvDLISR;C:\Program Files (x86)\Microsoft SQL Server\160\Tools\Binn\;D:\Microsoft SQL Server\160\Tools\Binn\;D:\Microsoft SQL Server\Client SDK\ODBC\170\Tools\Binn\;D:\Microsoft SQL Server\160\DTS\Binn\;C:\Program Files (x86)\Microsoft SQL Server\160\DTS\Binn\;D:\Microsoft SQL Server\150\Tools\Binn\;C:\Users\Dell\AppData\Local\Programs\Python\Launcher\;C:\Users\Dell\AppData\Local\Microsoft\WindowsApps;C:\Program Files\JetBrains\PyCharm Community Edition 2023.3.3\bin;;C:\Users\Dell\AppData\Local\GitHubDesktop\bin;C:\Users\Dell\AppData\Roaming\Programs\Zero Install;C:\Program Files\JetBrains\IntelliJ IDEA 2024.2.3\bin;;C:\Users\Dell\.dotnet\tools;C:\Users\Dell\AppData\Local\Microsoft\WindowsApps;C:\Users\Dell\AppData\Roaming\JetBrains\IntelliJIdea2024.2\jdbc-drivers\SQL Server\12.8.1\com\microsoft\sqlserver\mssql-jdbc_auth\12.8.1.x86;C:\Users\Dell\AppData\Roaming\JetBrains\IntelliJIdea2024.2\jdbc-drivers\SQL Server\12.8.1\com\microsoft\sqlserver\mssql-jdbc_auth\12.8.1.x64
USERNAME=Furkan Aydemir
OS=Windows_NT
PROCESSOR_IDENTIFIER=Intel64 Family 6 Model 154 Stepping 3, GenuineIntel
TMP=C:\Users\Dell\AppData\Local\Temp
TEMP=C:\Users\Dell\AppData\Local\Temp




Periodic native trim disabled

JNI global refs:
JNI global refs: 26, weak refs: 0

JNI global refs memory usage: 835, weak refs: 833

Process memory usage:
Resident Set Size: 65796K (0% of 16454388K total physical memory with 3422520K free physical memory)

OOME stack traces (most recent first):
Classloader memory used:
Loader bootstrap                                                                       : 22086K
Loader jdk.internal.loader.ClassLoaders$AppClassLoader                                 : 2945K
Loader com.intellij.database.remote.jdbc.impl.JdbcClassLoader$JdbcClassLoaderImpl      : 2184K
Loader jdk.internal.loader.ClassLoaders$PlatformClassLoader                            : 729K
Loader jdk.internal.reflect.DelegatingClassLoader                                      : 125K
Loader com.intellij.database.remote.jdbc.impl.JdbcClassLoader$1                        : 7728B

---------------  S Y S T E M  ---------------

OS:
 Windows 11 , 64 bit Build 26100 (10.0.26100.3323)
OS uptime: 0 days 1:06 hours
Hyper-V role detected

CPU: total 20 (initial active 20) (10 cores per cpu, 2 threads per core) family 6 model 154 stepping 3 microcode 0x435, cx8, cmov, fxsr, ht, mmx, 3dnowpref, sse, sse2, sse3, ssse3, sse4.1, sse4.2, popcnt, lzcnt, tsc, tscinvbit, avx, avx2, aes, erms, clmul, bmi1, bmi2, adx, sha, fma, vzeroupper, clflush, clflushopt, clwb, hv, serialize, rdtscp, rdpid, fsrm, f16c, cet_ibt, cet_ss
Processor Information for processor 0
  Max Mhz: 2300, Current Mhz: 2300, Mhz Limit: 2300
Processor Information for processor 1
  Max Mhz: 2300, Current Mhz: 2300, Mhz Limit: 2300
Processor Information for processor 2
  Max Mhz: 2300, Current Mhz: 2300, Mhz Limit: 2300
Processor Information for processor 3
  Max Mhz: 2300, Current Mhz: 1506, Mhz Limit: 2300
Processor Information for processor 4
  Max Mhz: 2300, Current Mhz: 2300, Mhz Limit: 2300
Processor Information for processor 5
  Max Mhz: 2300, Current Mhz: 2300, Mhz Limit: 2300
Processor Information for processor 6
  Max Mhz: 2300, Current Mhz: 2300, Mhz Limit: 2300
Processor Information for processor 7
  Max Mhz: 2300, Current Mhz: 2300, Mhz Limit: 2300
Processor Information for processor 8
  Max Mhz: 2300, Current Mhz: 2300, Mhz Limit: 2300
Processor Information for processor 9
  Max Mhz: 2300, Current Mhz: 1506, Mhz Limit: 2300
Processor Information for processor 10
  Max Mhz: 2300, Current Mhz: 2300, Mhz Limit: 2300
Processor Information for processor 11
  Max Mhz: 2300, Current Mhz: 1506, Mhz Limit: 2300
Processor Information for processor 12
  Max Mhz: 2300, Current Mhz: 2300, Mhz Limit: 2300
Processor Information for processor 13
  Max Mhz: 2300, Current Mhz: 2300, Mhz Limit: 2300
Processor Information for processor 14
  Max Mhz: 2300, Current Mhz: 1488, Mhz Limit: 2300
Processor Information for processor 15
  Max Mhz: 2300, Current Mhz: 1488, Mhz Limit: 2300
Processor Information for processor 16
  Max Mhz: 2300, Current Mhz: 2300, Mhz Limit: 2300
Processor Information for processor 17
  Max Mhz: 2300, Current Mhz: 1488, Mhz Limit: 2300
Processor Information for processor 18
  Max Mhz: 2300, Current Mhz: 2300, Mhz Limit: 2300
Processor Information for processor 19
  Max Mhz: 2300, Current Mhz: 2300, Mhz Limit: 2300

Memory: 4k page, system-wide physical 16068M (3342M free)
TotalPageFile size 24260M (AvailPageFile size 2M)
current process WorkingSet (physical memory assigned to process): 68M, peak: 144M
current process commit charge ("private bytes"): 260M, peak: 284M

vm_info: OpenJDK 64-Bit Server VM (21.0.4+13-b509.17) for windows-amd64 JRE (21.0.4+13-b509.17), built on 2024-09-04 by "builduser" with MS VC++ 16.10 / 16.11 (VS2019)

END.
