#
# There is insufficient memory for the Java Runtime Environment to continue.
# Native memory allocation (mmap) failed to map 65536 bytes. Error detail: Failed to commit metaspace.
# Possible reasons:
#   The system is out of physical RAM or swap space
#   This process is running with CompressedOops enabled, and the Java Heap may be blocking the growth of the native heap
# Possible solutions:
#   Reduce memory load on the system
#   Increase physical memory or swap space
#   Check if swap backing store is full
#   Decrease Java heap size (-Xmx/-Xms)
#   Decrease number of Java threads
#   Decrease Java thread stack sizes (-Xss)
#   Set larger code cache with -XX:ReservedCodeCacheSize=
#   JVM is running with Zero Based Compressed Oops mode in which the Java heap is
#     placed in the first 32GB address space. The Java Heap base address is the
#     maximum limit for the native heap growth. Please use -XX:HeapBaseMinAddress
#     to set the Java Heap base and to place the Java Heap above 32GB virtual address.
# This output file may be truncated or incomplete.
#
#  Out of Memory Error (virtualSpaceNode.cpp:113), pid=16288, tid=16184
#
# JRE version: Java(TM) SE Runtime Environment (23.0.1+11) (build 23.0.1+11-39)
# Java VM: Java HotSpot(TM) 64-Bit Server VM (23.0.1+11-39, mixed mode, sharing, tiered, compressed oops, compressed class ptrs, g1 gc, windows-amd64)
# No core dump will be written. Minidumps are not enabled by default on client versions of Windows
#

---------------  S U M M A R Y ------------

Command Line: -javaagent:C:\Program Files\JetBrains\IntelliJ IDEA 2024.2.3\lib\idea_rt.jar=64100:C:\Program Files\JetBrains\IntelliJ IDEA 2024.2.3\bin -Dfile.encoding=UTF-8 -Dsun.stdout.encoding=UTF-8 -Dsun.stderr.encoding=UTF-8 EntryPage

Host: 12th Gen Intel(R) Core(TM) i7-12700H, 20 cores, 15G,  Windows 11 , 64 bit Build 22621 (10.0.22621.4830)
Time: Mon Mar 10 04:31:33 2025 Türkiye Standart Saati elapsed time: 0.066587 seconds (0d 0h 0m 0s)

---------------  T H R E A D  ---------------

Current thread (0x000002d9990e5210):  JavaThread "main"             [_thread_in_vm, id=16184, stack(0x000000e806000000,0x000000e806100000) (1024K)]

Stack: [0x000000e806000000,0x000000e806100000]
Native frames: (J=compiled Java code, j=interpreted, Vv=VM code, C=native code)
V  [jvm.dll+0x6e08b9]  (no source info available)
V  [jvm.dll+0x87dc83]  (no source info available)
V  [jvm.dll+0x88010e]  (no source info available)
V  [jvm.dll+0x8807e3]  (no source info available)
V  [jvm.dll+0x27aee6]  (no source info available)
V  [jvm.dll+0x87988e]  (no source info available)
V  [jvm.dll+0x682035]  (no source info available)
V  [jvm.dll+0x68209a]  (no source info available)
V  [jvm.dll+0x6848da]  (no source info available)
V  [jvm.dll+0x2219dc]  (no source info available)
V  [jvm.dll+0x682a4e]  (no source info available)
V  [jvm.dll+0x26509f]  (no source info available)
V  [jvm.dll+0x68cde4]  (no source info available)
V  [jvm.dll+0x211fe1]  (no source info available)
V  [jvm.dll+0x21244a]  (no source info available)
V  [jvm.dll+0x212e71]  (no source info available)
V  [jvm.dll+0x20811e]  (no source info available)
V  [jvm.dll+0x5be6df]  (no source info available)
V  [jvm.dll+0x219b2b]  (no source info available)
V  [jvm.dll+0x7f3130]  (no source info available)
V  [jvm.dll+0x7f41d6]  (no source info available)
V  [jvm.dll+0x7f47e4]  (no source info available)
V  [jvm.dll+0x7f4468]  (no source info available)
V  [jvm.dll+0x2689cb]  (no source info available)
V  [jvm.dll+0x3d1e3e]  (no source info available)
C  0x000002d9ab0eb021  (no source info available)

The last pc belongs to new (printed below).
Java frames: (J=compiled Java code, j=interpreted, Vv=VM code)
j  sun.instrument.InstrumentationImpl.<init>(JZZZ)V+5 java.instrument@23.0.1
v  ~StubRoutines::call_stub 0x000002d9ab0d0fcd
Lock stack of current Java thread (top to bottom):

new  187 new  [0x000002d9ab0eae80, 0x000002d9ab0eb090]  528 bytes
[MachCode]
  0x000002d9ab0eae80: 4883 ec08 | c5fa 1104 | 24eb 1f48 | 83ec 10c5 | fb11 0424 | eb14 4883 | ec10 4889 | 0424 48c7 
  0x000002d9ab0eaea0: 4424 0800 | 0000 00eb | 0150 410f | b755 010f | cac1 ea10 | 488b 4de8 | 488b 4908 | 488b 4908 
  0x000002d9ab0eaec0: 488b 4108 | 807c 1004 | 070f 85e0 | 0000 0066 | 8b54 d148 | 488b 4928 | 488b 4cd1 | 0851 80b9 
  0x000002d9ab0eaee0: 3101 0000 | 040f 840d | 0000 004c | 3bb9 3801 | 0000 0f85 | b600 0000 | 8b51 08f6 | c201 0f85 
  0x000002d9ab0eaf00: aa00 0000 | 498b 87b8 | 0100 0048 | 8d1c 1049 | 3b9f c801 | 0000 0f87 | 9200 0000 | 4989 9fb8 
  0x000002d9ab0eaf20: 0100 0048 | 83ea 100f | 840f 0000 | 0033 c9c1 | ea03 4889 | 4cd0 0848 | ffca 75f6 | 48c7 0001 
  0x000002d9ab0eaf40: 0000 0059 | 33f6 8970 | 0c49 ba00 | 0000 bcd9 | 0200 0049 | 2bca 8948 | 0849 ba42 | ad73 a2ff 
  0x000002d9ab0eaf60: 7f00 0041 | 803a 000f | 843c 0000 | 0050 488b | c848 83ec | 2040 f6c4 | 0f0f 8419 | 0000 0048 
  0x000002d9ab0eaf80: 83ec 0848 | b850 ee23 | a2ff 7f00 | 00ff d048 | 83c4 08e9 | 0c00 0000 | 48b8 50ee | 23a2 ff7f 
  0x000002d9ab0eafa0: 0000 ffd0 | 4883 c420 | 58e9 cb00 | 0000 5948 | 8b55 e848 | 8b52 0848 | 8b52 0845 | 0fb7 4501 
  0x000002d9ab0eafc0: 410f c841 | c1e8 10e8 | 0500 0000 | e9a8 0000 | 0048 8d44 | 2408 4c89 | 6dc0 498b | cfc5 f877 
  0x000002d9ab0eafe0: 4989 afb0 | 0300 0049 | 8987 a003 | 0000 4883 | ec20 40f6 | c40f 0f84 | 1900 0000 | 4883 ec08 
  0x000002d9ab0eb000: 48b8 f01d | eca1 ff7f | 0000 ffd0 | 4883 c408 | e90c 0000 | 0048 b8f0 | 1dec a1ff | 7f00 00ff 
  0x000002d9ab0eb020: d048 83c4 | 2049 c787 | a003 0000 | 0000 0000 | 49c7 87b0 | 0300 0000 | 0000 0049 | c787 a803 
  0x000002d9ab0eb040: 0000 0000 | 0000 c5f8 | 7749 837f | 0800 0f84 | 0500 0000 | e967 5efe | ff49 8b87 | f803 0000 
  0x000002d9ab0eb060: 49c7 87f8 | 0300 0000 | 0000 004c | 8b6d c04c | 8b75 c84e | 8d74 f500 | c341 0fb6 | 5d03 4983 
  0x000002d9ab0eb080: c503 49ba | 5076 77a2 | ff7f 0000 | 41ff 24da 
[/MachCode]

---------------  P R O C E S S  ---------------

Threads class SMR info:
_java_thread_list=0x000002d9bbae8840, length=11, elements={
0x000002d9990e5210, 0x000002d9bb99e380, 0x000002d9bb99f2a0, 0x000002d9bb9a13d0,
0x000002d9bb9a3e40, 0x000002d9bb9a49d0, 0x000002d9bb9a8770, 0x000002d9bb9a70a0,
0x000002d9bb9b54b0, 0x000002d9bba72010, 0x000002d9bbad3df0
}

Java Threads: ( => current thread )
=>0x000002d9990e5210 JavaThread "main"                              [_thread_in_vm, id=16184, stack(0x000000e806000000,0x000000e806100000) (1024K)]
  0x000002d9bb99e380 JavaThread "Reference Handler"          daemon [_thread_blocked, id=34952, stack(0x000000e806800000,0x000000e806900000) (1024K)]
  0x000002d9bb99f2a0 JavaThread "Finalizer"                  daemon [_thread_blocked, id=34852, stack(0x000000e806900000,0x000000e806a00000) (1024K)]
  0x000002d9bb9a13d0 JavaThread "Signal Dispatcher"          daemon [_thread_blocked, id=33208, stack(0x000000e806a00000,0x000000e806b00000) (1024K)]
  0x000002d9bb9a3e40 JavaThread "Attach Listener"            daemon [_thread_blocked, id=22500, stack(0x000000e806b00000,0x000000e806c00000) (1024K)]
  0x000002d9bb9a49d0 JavaThread "Service Thread"             daemon [_thread_blocked, id=30460, stack(0x000000e806c00000,0x000000e806d00000) (1024K)]
  0x000002d9bb9a8770 JavaThread "Monitor Deflation Thread"   daemon [_thread_blocked, id=26012, stack(0x000000e806d00000,0x000000e806e00000) (1024K)]
  0x000002d9bb9a70a0 JavaThread "C2 CompilerThread0"         daemon [_thread_blocked, id=18836, stack(0x000000e806e00000,0x000000e806f00000) (1024K)]
  0x000002d9bb9b54b0 JavaThread "C1 CompilerThread0"         daemon [_thread_blocked, id=2052, stack(0x000000e806f00000,0x000000e807000000) (1024K)]
  0x000002d9bba72010 JavaThread "C1 CompilerThread1"         daemon [_thread_blocked, id=29772, stack(0x000000e807000000,0x000000e807100000) (1024K)]
  0x000002d9bbad3df0 JavaThread "Common-Cleaner"             daemon [_thread_blocked, id=34604, stack(0x000000e807100000,0x000000e807200000) (1024K)]
Total: 11

Other Threads:
  0x000002d9bb9842f0 VMThread "VM Thread"                           [id=37032, stack(0x000000e806700000,0x000000e806800000) (1024K)]
  0x000002d9bb973b50 WatcherThread "VM Periodic Task Thread"        [id=37500, stack(0x000000e806600000,0x000000e806700000) (1024K)]
  0x000002d99b5b42f0 WorkerThread "GC Thread#0"                     [id=37412, stack(0x000000e806100000,0x000000e806200000) (1024K)]
  0x000002d99b5c8c20 ConcurrentGCThread "G1 Main Marker"            [id=34624, stack(0x000000e806200000,0x000000e806300000) (1024K)]
  0x000002d99b5c97f0 WorkerThread "G1 Conc#0"                       [id=37036, stack(0x000000e806300000,0x000000e806400000) (1024K)]
  0x000002d9bb845e20 ConcurrentGCThread "G1 Refine#0"               [id=16936, stack(0x000000e806400000,0x000000e806500000) (1024K)]
  0x000002d9bb8488c0 ConcurrentGCThread "G1 Service"                [id=25800, stack(0x000000e806500000,0x000000e806600000) (1024K)]
Total: 7

Threads with active compile tasks:
Total: 0

VM state: not at safepoint (normal execution)

VM Mutex/Monitor currently owned by a thread:  ([mutex/lock_event])
[0x00007fffa2761890] Metaspace_lock - owner thread: 0x000002d9990e5210

Heap address: 0x0000000704e00000, size: 4018 MB, Compressed Oops mode: Zero based, Oop shift amount: 3

CDS archive(s) mapped at: [0x000002d9bc000000-0x000002d9bcd70000-0x000002d9bcd70000), size 14090240, SharedBaseAddress: 0x000002d9bc000000, ArchiveRelocationMode: 1.
Compressed class space mapped at: 0x000002d9bd000000-0x000002d9fd000000, reserved size: 1073741824
Narrow klass base: 0x000002d9bc000000, Narrow klass shift: 0, Narrow klass range: 0x41000000

GC Precious Log:
 CardTable entry size: 512
 Card Set container configuration: InlinePtr #cards 4 size 8 Array Of Cards #cards 16 size 48 Howl #buckets 8 coarsen threshold 3686 Howl Bitmap #cards 512 size 80 coarsen threshold 460 Card regions per heap region 1 cards per card region 4096
 CPUs: 20 total, 20 available
 Memory: 16068M
 Large Page Support: Disabled
 NUMA Support: Disabled
 Compressed Oops: Enabled (Zero based)
 Heap Region Size: 2M
 Heap Min Capacity: 8M
 Heap Initial Capacity: 252M
 Heap Max Capacity: 4018M
 Pre-touch: Disabled
 Parallel Workers: 15
 Concurrent Workers: 4
 Concurrent Refinement Workers: 15
 Periodic GC: Disabled

Heap:
 garbage-first heap   total reserved 4114432K, committed 258048K, used 2048K [0x0000000704e00000, 0x0000000800000000)
  region size 2048K, 2 young (4096K), 0 survivors (0K)
 Metaspace       used 266K, committed 448K, reserved 1114112K
  class space    used 8K, committed 128K, reserved 1048576K

Heap Regions: E=young(eden), S=young(survivor), O=old, HS=humongous(starts), HC=humongous(continues), CS=collection set, F=free, TAMS=top-at-mark-start, PB=parsable bottom
|   0|0x0000000704e00000, 0x0000000704e00000, 0x0000000705000000|  0%| F|  |TAMS 0x0000000704e00000| PB 0x0000000704e00000| Untracked |  0
|   1|0x0000000705000000, 0x0000000705000000, 0x0000000705200000|  0%| F|  |TAMS 0x0000000705000000| PB 0x0000000705000000| Untracked |  0
|   2|0x0000000705200000, 0x0000000705200000, 0x0000000705400000|  0%| F|  |TAMS 0x0000000705200000| PB 0x0000000705200000| Untracked |  0
|   3|0x0000000705400000, 0x0000000705400000, 0x0000000705600000|  0%| F|  |TAMS 0x0000000705400000| PB 0x0000000705400000| Untracked |  0
|   4|0x0000000705600000, 0x0000000705600000, 0x0000000705800000|  0%| F|  |TAMS 0x0000000705600000| PB 0x0000000705600000| Untracked |  0
|   5|0x0000000705800000, 0x0000000705800000, 0x0000000705a00000|  0%| F|  |TAMS 0x0000000705800000| PB 0x0000000705800000| Untracked |  0
|   6|0x0000000705a00000, 0x0000000705a00000, 0x0000000705c00000|  0%| F|  |TAMS 0x0000000705a00000| PB 0x0000000705a00000| Untracked |  0
|   7|0x0000000705c00000, 0x0000000705c00000, 0x0000000705e00000|  0%| F|  |TAMS 0x0000000705c00000| PB 0x0000000705c00000| Untracked |  0
|   8|0x0000000705e00000, 0x0000000705e00000, 0x0000000706000000|  0%| F|  |TAMS 0x0000000705e00000| PB 0x0000000705e00000| Untracked |  0
|   9|0x0000000706000000, 0x0000000706000000, 0x0000000706200000|  0%| F|  |TAMS 0x0000000706000000| PB 0x0000000706000000| Untracked |  0
|  10|0x0000000706200000, 0x0000000706200000, 0x0000000706400000|  0%| F|  |TAMS 0x0000000706200000| PB 0x0000000706200000| Untracked |  0
|  11|0x0000000706400000, 0x0000000706400000, 0x0000000706600000|  0%| F|  |TAMS 0x0000000706400000| PB 0x0000000706400000| Untracked |  0
|  12|0x0000000706600000, 0x0000000706600000, 0x0000000706800000|  0%| F|  |TAMS 0x0000000706600000| PB 0x0000000706600000| Untracked |  0
|  13|0x0000000706800000, 0x0000000706800000, 0x0000000706a00000|  0%| F|  |TAMS 0x0000000706800000| PB 0x0000000706800000| Untracked |  0
|  14|0x0000000706a00000, 0x0000000706a00000, 0x0000000706c00000|  0%| F|  |TAMS 0x0000000706a00000| PB 0x0000000706a00000| Untracked |  0
|  15|0x0000000706c00000, 0x0000000706c00000, 0x0000000706e00000|  0%| F|  |TAMS 0x0000000706c00000| PB 0x0000000706c00000| Untracked |  0
|  16|0x0000000706e00000, 0x0000000706e00000, 0x0000000707000000|  0%| F|  |TAMS 0x0000000706e00000| PB 0x0000000706e00000| Untracked |  0
|  17|0x0000000707000000, 0x0000000707000000, 0x0000000707200000|  0%| F|  |TAMS 0x0000000707000000| PB 0x0000000707000000| Untracked |  0
|  18|0x0000000707200000, 0x0000000707200000, 0x0000000707400000|  0%| F|  |TAMS 0x0000000707200000| PB 0x0000000707200000| Untracked |  0
|  19|0x0000000707400000, 0x0000000707400000, 0x0000000707600000|  0%| F|  |TAMS 0x0000000707400000| PB 0x0000000707400000| Untracked |  0
|  20|0x0000000707600000, 0x0000000707600000, 0x0000000707800000|  0%| F|  |TAMS 0x0000000707600000| PB 0x0000000707600000| Untracked |  0
|  21|0x0000000707800000, 0x0000000707800000, 0x0000000707a00000|  0%| F|  |TAMS 0x0000000707800000| PB 0x0000000707800000| Untracked |  0
|  22|0x0000000707a00000, 0x0000000707a00000, 0x0000000707c00000|  0%| F|  |TAMS 0x0000000707a00000| PB 0x0000000707a00000| Untracked |  0
|  23|0x0000000707c00000, 0x0000000707c00000, 0x0000000707e00000|  0%| F|  |TAMS 0x0000000707c00000| PB 0x0000000707c00000| Untracked |  0
|  24|0x0000000707e00000, 0x0000000707e00000, 0x0000000708000000|  0%| F|  |TAMS 0x0000000707e00000| PB 0x0000000707e00000| Untracked |  0
|  25|0x0000000708000000, 0x0000000708000000, 0x0000000708200000|  0%| F|  |TAMS 0x0000000708000000| PB 0x0000000708000000| Untracked |  0
|  26|0x0000000708200000, 0x0000000708200000, 0x0000000708400000|  0%| F|  |TAMS 0x0000000708200000| PB 0x0000000708200000| Untracked |  0
|  27|0x0000000708400000, 0x0000000708400000, 0x0000000708600000|  0%| F|  |TAMS 0x0000000708400000| PB 0x0000000708400000| Untracked |  0
|  28|0x0000000708600000, 0x0000000708600000, 0x0000000708800000|  0%| F|  |TAMS 0x0000000708600000| PB 0x0000000708600000| Untracked |  0
|  29|0x0000000708800000, 0x0000000708800000, 0x0000000708a00000|  0%| F|  |TAMS 0x0000000708800000| PB 0x0000000708800000| Untracked |  0
|  30|0x0000000708a00000, 0x0000000708a00000, 0x0000000708c00000|  0%| F|  |TAMS 0x0000000708a00000| PB 0x0000000708a00000| Untracked |  0
|  31|0x0000000708c00000, 0x0000000708c00000, 0x0000000708e00000|  0%| F|  |TAMS 0x0000000708c00000| PB 0x0000000708c00000| Untracked |  0
|  32|0x0000000708e00000, 0x0000000708e00000, 0x0000000709000000|  0%| F|  |TAMS 0x0000000708e00000| PB 0x0000000708e00000| Untracked |  0
|  33|0x0000000709000000, 0x0000000709000000, 0x0000000709200000|  0%| F|  |TAMS 0x0000000709000000| PB 0x0000000709000000| Untracked |  0
|  34|0x0000000709200000, 0x0000000709200000, 0x0000000709400000|  0%| F|  |TAMS 0x0000000709200000| PB 0x0000000709200000| Untracked |  0
|  35|0x0000000709400000, 0x0000000709400000, 0x0000000709600000|  0%| F|  |TAMS 0x0000000709400000| PB 0x0000000709400000| Untracked |  0
|  36|0x0000000709600000, 0x0000000709600000, 0x0000000709800000|  0%| F|  |TAMS 0x0000000709600000| PB 0x0000000709600000| Untracked |  0
|  37|0x0000000709800000, 0x0000000709800000, 0x0000000709a00000|  0%| F|  |TAMS 0x0000000709800000| PB 0x0000000709800000| Untracked |  0
|  38|0x0000000709a00000, 0x0000000709a00000, 0x0000000709c00000|  0%| F|  |TAMS 0x0000000709a00000| PB 0x0000000709a00000| Untracked |  0
|  39|0x0000000709c00000, 0x0000000709c00000, 0x0000000709e00000|  0%| F|  |TAMS 0x0000000709c00000| PB 0x0000000709c00000| Untracked |  0
|  40|0x0000000709e00000, 0x0000000709e00000, 0x000000070a000000|  0%| F|  |TAMS 0x0000000709e00000| PB 0x0000000709e00000| Untracked |  0
|  41|0x000000070a000000, 0x000000070a000000, 0x000000070a200000|  0%| F|  |TAMS 0x000000070a000000| PB 0x000000070a000000| Untracked |  0
|  42|0x000000070a200000, 0x000000070a200000, 0x000000070a400000|  0%| F|  |TAMS 0x000000070a200000| PB 0x000000070a200000| Untracked |  0
|  43|0x000000070a400000, 0x000000070a400000, 0x000000070a600000|  0%| F|  |TAMS 0x000000070a400000| PB 0x000000070a400000| Untracked |  0
|  44|0x000000070a600000, 0x000000070a600000, 0x000000070a800000|  0%| F|  |TAMS 0x000000070a600000| PB 0x000000070a600000| Untracked |  0
|  45|0x000000070a800000, 0x000000070a800000, 0x000000070aa00000|  0%| F|  |TAMS 0x000000070a800000| PB 0x000000070a800000| Untracked |  0
|  46|0x000000070aa00000, 0x000000070aa00000, 0x000000070ac00000|  0%| F|  |TAMS 0x000000070aa00000| PB 0x000000070aa00000| Untracked |  0
|  47|0x000000070ac00000, 0x000000070ac00000, 0x000000070ae00000|  0%| F|  |TAMS 0x000000070ac00000| PB 0x000000070ac00000| Untracked |  0
|  48|0x000000070ae00000, 0x000000070ae00000, 0x000000070b000000|  0%| F|  |TAMS 0x000000070ae00000| PB 0x000000070ae00000| Untracked |  0
|  49|0x000000070b000000, 0x000000070b000000, 0x000000070b200000|  0%| F|  |TAMS 0x000000070b000000| PB 0x000000070b000000| Untracked |  0
|  50|0x000000070b200000, 0x000000070b200000, 0x000000070b400000|  0%| F|  |TAMS 0x000000070b200000| PB 0x000000070b200000| Untracked |  0
|  51|0x000000070b400000, 0x000000070b400000, 0x000000070b600000|  0%| F|  |TAMS 0x000000070b400000| PB 0x000000070b400000| Untracked |  0
|  52|0x000000070b600000, 0x000000070b600000, 0x000000070b800000|  0%| F|  |TAMS 0x000000070b600000| PB 0x000000070b600000| Untracked |  0
|  53|0x000000070b800000, 0x000000070b800000, 0x000000070ba00000|  0%| F|  |TAMS 0x000000070b800000| PB 0x000000070b800000| Untracked |  0
|  54|0x000000070ba00000, 0x000000070ba00000, 0x000000070bc00000|  0%| F|  |TAMS 0x000000070ba00000| PB 0x000000070ba00000| Untracked |  0
|  55|0x000000070bc00000, 0x000000070bc00000, 0x000000070be00000|  0%| F|  |TAMS 0x000000070bc00000| PB 0x000000070bc00000| Untracked |  0
|  56|0x000000070be00000, 0x000000070be00000, 0x000000070c000000|  0%| F|  |TAMS 0x000000070be00000| PB 0x000000070be00000| Untracked |  0
|  57|0x000000070c000000, 0x000000070c000000, 0x000000070c200000|  0%| F|  |TAMS 0x000000070c000000| PB 0x000000070c000000| Untracked |  0
|  58|0x000000070c200000, 0x000000070c200000, 0x000000070c400000|  0%| F|  |TAMS 0x000000070c200000| PB 0x000000070c200000| Untracked |  0
|  59|0x000000070c400000, 0x000000070c400000, 0x000000070c600000|  0%| F|  |TAMS 0x000000070c400000| PB 0x000000070c400000| Untracked |  0
|  60|0x000000070c600000, 0x000000070c600000, 0x000000070c800000|  0%| F|  |TAMS 0x000000070c600000| PB 0x000000070c600000| Untracked |  0
|  61|0x000000070c800000, 0x000000070c800000, 0x000000070ca00000|  0%| F|  |TAMS 0x000000070c800000| PB 0x000000070c800000| Untracked |  0
|  62|0x000000070ca00000, 0x000000070ca00000, 0x000000070cc00000|  0%| F|  |TAMS 0x000000070ca00000| PB 0x000000070ca00000| Untracked |  0
|  63|0x000000070cc00000, 0x000000070cc00000, 0x000000070ce00000|  0%| F|  |TAMS 0x000000070cc00000| PB 0x000000070cc00000| Untracked |  0
|  64|0x000000070ce00000, 0x000000070ce00000, 0x000000070d000000|  0%| F|  |TAMS 0x000000070ce00000| PB 0x000000070ce00000| Untracked |  0
|  65|0x000000070d000000, 0x000000070d000000, 0x000000070d200000|  0%| F|  |TAMS 0x000000070d000000| PB 0x000000070d000000| Untracked |  0
|  66|0x000000070d200000, 0x000000070d200000, 0x000000070d400000|  0%| F|  |TAMS 0x000000070d200000| PB 0x000000070d200000| Untracked |  0
|  67|0x000000070d400000, 0x000000070d400000, 0x000000070d600000|  0%| F|  |TAMS 0x000000070d400000| PB 0x000000070d400000| Untracked |  0
|  68|0x000000070d600000, 0x000000070d600000, 0x000000070d800000|  0%| F|  |TAMS 0x000000070d600000| PB 0x000000070d600000| Untracked |  0
|  69|0x000000070d800000, 0x000000070d800000, 0x000000070da00000|  0%| F|  |TAMS 0x000000070d800000| PB 0x000000070d800000| Untracked |  0
|  70|0x000000070da00000, 0x000000070da00000, 0x000000070dc00000|  0%| F|  |TAMS 0x000000070da00000| PB 0x000000070da00000| Untracked |  0
|  71|0x000000070dc00000, 0x000000070dc00000, 0x000000070de00000|  0%| F|  |TAMS 0x000000070dc00000| PB 0x000000070dc00000| Untracked |  0
|  72|0x000000070de00000, 0x000000070de00000, 0x000000070e000000|  0%| F|  |TAMS 0x000000070de00000| PB 0x000000070de00000| Untracked |  0
|  73|0x000000070e000000, 0x000000070e000000, 0x000000070e200000|  0%| F|  |TAMS 0x000000070e000000| PB 0x000000070e000000| Untracked |  0
|  74|0x000000070e200000, 0x000000070e200000, 0x000000070e400000|  0%| F|  |TAMS 0x000000070e200000| PB 0x000000070e200000| Untracked |  0
|  75|0x000000070e400000, 0x000000070e400000, 0x000000070e600000|  0%| F|  |TAMS 0x000000070e400000| PB 0x000000070e400000| Untracked |  0
|  76|0x000000070e600000, 0x000000070e600000, 0x000000070e800000|  0%| F|  |TAMS 0x000000070e600000| PB 0x000000070e600000| Untracked |  0
|  77|0x000000070e800000, 0x000000070e800000, 0x000000070ea00000|  0%| F|  |TAMS 0x000000070e800000| PB 0x000000070e800000| Untracked |  0
|  78|0x000000070ea00000, 0x000000070ea00000, 0x000000070ec00000|  0%| F|  |TAMS 0x000000070ea00000| PB 0x000000070ea00000| Untracked |  0
|  79|0x000000070ec00000, 0x000000070ec00000, 0x000000070ee00000|  0%| F|  |TAMS 0x000000070ec00000| PB 0x000000070ec00000| Untracked |  0
|  80|0x000000070ee00000, 0x000000070ee00000, 0x000000070f000000|  0%| F|  |TAMS 0x000000070ee00000| PB 0x000000070ee00000| Untracked |  0
|  81|0x000000070f000000, 0x000000070f000000, 0x000000070f200000|  0%| F|  |TAMS 0x000000070f000000| PB 0x000000070f000000| Untracked |  0
|  82|0x000000070f200000, 0x000000070f200000, 0x000000070f400000|  0%| F|  |TAMS 0x000000070f200000| PB 0x000000070f200000| Untracked |  0
|  83|0x000000070f400000, 0x000000070f400000, 0x000000070f600000|  0%| F|  |TAMS 0x000000070f400000| PB 0x000000070f400000| Untracked |  0
|  84|0x000000070f600000, 0x000000070f600000, 0x000000070f800000|  0%| F|  |TAMS 0x000000070f600000| PB 0x000000070f600000| Untracked |  0
|  85|0x000000070f800000, 0x000000070f800000, 0x000000070fa00000|  0%| F|  |TAMS 0x000000070f800000| PB 0x000000070f800000| Untracked |  0
|  86|0x000000070fa00000, 0x000000070fa00000, 0x000000070fc00000|  0%| F|  |TAMS 0x000000070fa00000| PB 0x000000070fa00000| Untracked |  0
|  87|0x000000070fc00000, 0x000000070fc00000, 0x000000070fe00000|  0%| F|  |TAMS 0x000000070fc00000| PB 0x000000070fc00000| Untracked |  0
|  88|0x000000070fe00000, 0x000000070fe00000, 0x0000000710000000|  0%| F|  |TAMS 0x000000070fe00000| PB 0x000000070fe00000| Untracked |  0
|  89|0x0000000710000000, 0x0000000710000000, 0x0000000710200000|  0%| F|  |TAMS 0x0000000710000000| PB 0x0000000710000000| Untracked |  0
|  90|0x0000000710200000, 0x0000000710200000, 0x0000000710400000|  0%| F|  |TAMS 0x0000000710200000| PB 0x0000000710200000| Untracked |  0
|  91|0x0000000710400000, 0x0000000710400000, 0x0000000710600000|  0%| F|  |TAMS 0x0000000710400000| PB 0x0000000710400000| Untracked |  0
|  92|0x0000000710600000, 0x0000000710600000, 0x0000000710800000|  0%| F|  |TAMS 0x0000000710600000| PB 0x0000000710600000| Untracked |  0
|  93|0x0000000710800000, 0x0000000710800000, 0x0000000710a00000|  0%| F|  |TAMS 0x0000000710800000| PB 0x0000000710800000| Untracked |  0
|  94|0x0000000710a00000, 0x0000000710a00000, 0x0000000710c00000|  0%| F|  |TAMS 0x0000000710a00000| PB 0x0000000710a00000| Untracked |  0
|  95|0x0000000710c00000, 0x0000000710c00000, 0x0000000710e00000|  0%| F|  |TAMS 0x0000000710c00000| PB 0x0000000710c00000| Untracked |  0
|  96|0x0000000710e00000, 0x0000000710e00000, 0x0000000711000000|  0%| F|  |TAMS 0x0000000710e00000| PB 0x0000000710e00000| Untracked |  0
|  97|0x0000000711000000, 0x0000000711000000, 0x0000000711200000|  0%| F|  |TAMS 0x0000000711000000| PB 0x0000000711000000| Untracked |  0
|  98|0x0000000711200000, 0x0000000711200000, 0x0000000711400000|  0%| F|  |TAMS 0x0000000711200000| PB 0x0000000711200000| Untracked |  0
|  99|0x0000000711400000, 0x0000000711400000, 0x0000000711600000|  0%| F|  |TAMS 0x0000000711400000| PB 0x0000000711400000| Untracked |  0
| 100|0x0000000711600000, 0x0000000711600000, 0x0000000711800000|  0%| F|  |TAMS 0x0000000711600000| PB 0x0000000711600000| Untracked |  0
| 101|0x0000000711800000, 0x0000000711800000, 0x0000000711a00000|  0%| F|  |TAMS 0x0000000711800000| PB 0x0000000711800000| Untracked |  0
| 102|0x0000000711a00000, 0x0000000711a00000, 0x0000000711c00000|  0%| F|  |TAMS 0x0000000711a00000| PB 0x0000000711a00000| Untracked |  0
| 103|0x0000000711c00000, 0x0000000711c00000, 0x0000000711e00000|  0%| F|  |TAMS 0x0000000711c00000| PB 0x0000000711c00000| Untracked |  0
| 104|0x0000000711e00000, 0x0000000711e00000, 0x0000000712000000|  0%| F|  |TAMS 0x0000000711e00000| PB 0x0000000711e00000| Untracked |  0
| 105|0x0000000712000000, 0x0000000712000000, 0x0000000712200000|  0%| F|  |TAMS 0x0000000712000000| PB 0x0000000712000000| Untracked |  0
| 106|0x0000000712200000, 0x0000000712200000, 0x0000000712400000|  0%| F|  |TAMS 0x0000000712200000| PB 0x0000000712200000| Untracked |  0
| 107|0x0000000712400000, 0x0000000712400000, 0x0000000712600000|  0%| F|  |TAMS 0x0000000712400000| PB 0x0000000712400000| Untracked |  0
| 108|0x0000000712600000, 0x0000000712600000, 0x0000000712800000|  0%| F|  |TAMS 0x0000000712600000| PB 0x0000000712600000| Untracked |  0
| 109|0x0000000712800000, 0x0000000712800000, 0x0000000712a00000|  0%| F|  |TAMS 0x0000000712800000| PB 0x0000000712800000| Untracked |  0
| 110|0x0000000712a00000, 0x0000000712a00000, 0x0000000712c00000|  0%| F|  |TAMS 0x0000000712a00000| PB 0x0000000712a00000| Untracked |  0
| 111|0x0000000712c00000, 0x0000000712c00000, 0x0000000712e00000|  0%| F|  |TAMS 0x0000000712c00000| PB 0x0000000712c00000| Untracked |  0
| 112|0x0000000712e00000, 0x0000000712e00000, 0x0000000713000000|  0%| F|  |TAMS 0x0000000712e00000| PB 0x0000000712e00000| Untracked |  0
| 113|0x0000000713000000, 0x0000000713000000, 0x0000000713200000|  0%| F|  |TAMS 0x0000000713000000| PB 0x0000000713000000| Untracked |  0
| 114|0x0000000713200000, 0x0000000713200000, 0x0000000713400000|  0%| F|  |TAMS 0x0000000713200000| PB 0x0000000713200000| Untracked |  0
| 115|0x0000000713400000, 0x0000000713400000, 0x0000000713600000|  0%| F|  |TAMS 0x0000000713400000| PB 0x0000000713400000| Untracked |  0
| 116|0x0000000713600000, 0x0000000713600000, 0x0000000713800000|  0%| F|  |TAMS 0x0000000713600000| PB 0x0000000713600000| Untracked |  0
| 117|0x0000000713800000, 0x0000000713800000, 0x0000000713a00000|  0%| F|  |TAMS 0x0000000713800000| PB 0x0000000713800000| Untracked |  0
| 118|0x0000000713a00000, 0x0000000713a00000, 0x0000000713c00000|  0%| F|  |TAMS 0x0000000713a00000| PB 0x0000000713a00000| Untracked |  0
| 119|0x0000000713c00000, 0x0000000713c00000, 0x0000000713e00000|  0%| F|  |TAMS 0x0000000713c00000| PB 0x0000000713c00000| Untracked |  0
| 120|0x0000000713e00000, 0x0000000713e00000, 0x0000000714000000|  0%| F|  |TAMS 0x0000000713e00000| PB 0x0000000713e00000| Untracked |  0
| 121|0x0000000714000000, 0x0000000714000000, 0x0000000714200000|  0%| F|  |TAMS 0x0000000714000000| PB 0x0000000714000000| Untracked |  0
| 122|0x0000000714200000, 0x0000000714200000, 0x0000000714400000|  0%| F|  |TAMS 0x0000000714200000| PB 0x0000000714200000| Untracked |  0
| 123|0x0000000714400000, 0x0000000714400000, 0x0000000714600000|  0%| F|  |TAMS 0x0000000714400000| PB 0x0000000714400000| Untracked |  0
| 124|0x0000000714600000, 0x0000000714770b40, 0x0000000714800000| 72%| E|  |TAMS 0x0000000714600000| PB 0x0000000714600000| Complete |  0
| 125|0x0000000714800000, 0x0000000714a00000, 0x0000000714a00000|100%| E|CS|TAMS 0x0000000714800000| PB 0x0000000714800000| Complete |  0

Card table byte_map: [0x000002d9b4020000,0x000002d9b4800000] _byte_map_base: 0x000002d9b07f9000

Marking Bits: (CMBitMap*) 0x000002d99b5b4910
 Bits: [0x000002d9b4800000, 0x000002d9b86c8000)

Polling page: 0x000002d9990a0000

Metaspace:

Usage:
  Non-class:    258.03 KB used.
      Class:      8.43 KB used.
       Both:    266.46 KB used.

Virtual space:
  Non-class space:       64.00 MB reserved,     320.00 KB ( <1%) committed,  1 nodes.
      Class space:        1.00 GB reserved,     128.00 KB ( <1%) committed,  1 nodes.
             Both:        1.06 GB reserved,     448.00 KB ( <1%) committed. 

Chunk freelists:
   Non-Class:  12.00 MB
       Class:  15.75 MB
        Both:  27.74 MB

MaxMetaspaceSize: unlimited
CompressedClassSpaceSize: 1.00 GB
Initial GC threshold: 21.00 MB
Current GC threshold: 21.00 MB
CDS: on
 - commit_granule_bytes: 65536.
 - commit_granule_words: 8192.
 - virtual_space_node_default_size: 8388608.
 - enlarge_chunks_in_place: 1.
 - use_allocation_guard: 0.


Internal statistics:

num_allocs_failed_limit: 0.
num_arena_births: 6.
num_arena_deaths: 0.
num_vsnodes_births: 2.
num_vsnodes_deaths: 0.
num_space_committed: 7.
num_space_uncommitted: 0.
num_chunks_returned_to_freelist: 0.
num_chunks_taken_from_freelist: 7.
num_chunk_merges: 0.
num_chunk_splits: 5.
num_chunks_enlarged: 2.
num_inconsistent_stats: 0.

CodeHeap 'non-profiled nmethods': size=119232Kb used=63Kb max_used=63Kb free=119168Kb
 bounds [0x000002d9ab810000, 0x000002d9aba80000, 0x000002d9b2c80000]
CodeHeap 'profiled nmethods': size=119104Kb used=150Kb max_used=150Kb free=118953Kb
 bounds [0x000002d9a3c80000, 0x000002d9a3ef0000, 0x000002d9ab0d0000]
CodeHeap 'non-nmethods': size=7424Kb used=1806Kb max_used=1823Kb free=5617Kb
 bounds [0x000002d9ab0d0000, 0x000002d9ab340000, 0x000002d9ab810000]
CodeCache: size=245760Kb, used=2019Kb, max_used=2036Kb, free=243738Kb
 total_blobs=560, nmethods=189, adapters=276, full_count=0
Compilation: enabled, stopped_count=0, restarted_count=0

Compilation events (20 events):
Event: 0.059 Thread 0x000002d9bb9b54b0  176       3       java.util.HashSet::<init> (16 bytes)
Event: 0.059 Thread 0x000002d9bb9b54b0 nmethod 176 0x000002d9a3ca3e88 code [0x000002d9a3ca3fe0, 0x000002d9a3ca43f0]
Event: 0.060 Thread 0x000002d9bb9a70a0 nmethod 160 0x000002d9ab81d488 code [0x000002d9ab81d580, 0x000002d9ab81d758]
Event: 0.060 Thread 0x000002d9bb9a70a0  161       4       java.util.HashMap::putVal (300 bytes)
Event: 0.060 Thread 0x000002d9bb9b54b0  179       1       java.lang.module.ResolvedModule::configuration (5 bytes)
Event: 0.060 Thread 0x000002d9bb9b54b0 nmethod 179 0x000002d9ab81de88 code [0x000002d9ab81dfa0, 0x000002d9ab81e070]
Event: 0.060 Thread 0x000002d9bb9b54b0  181       3       java.util.HashMap::isEmpty (13 bytes)
Event: 0.060 Thread 0x000002d9bb9b54b0 nmethod 181 0x000002d9a3ca4488 code [0x000002d9a3ca45a0, 0x000002d9a3ca46f8]
Event: 0.060 Thread 0x000002d9bb9b54b0  182       1       java.lang.module.ModuleDescriptor$Provides::service (5 bytes)
Event: 0.060 Thread 0x000002d9bb9b54b0 nmethod 182 0x000002d9ab81e188 code [0x000002d9ab81e2a0, 0x000002d9ab81e370]
Event: 0.064 Thread 0x000002d9bba72010  185       3       java.lang.invoke.MethodType::parameterCount (6 bytes)
Event: 0.065 Thread 0x000002d9bba72010 nmethod 185 0x000002d9a3ca4788 code [0x000002d9a3ca48a0, 0x000002d9a3ca49b8]
Event: 0.065 Thread 0x000002d9bba72010  186       3       java.lang.StringLatin1::canEncode (17 bytes)
Event: 0.065 Thread 0x000002d9bb9b54b0  187       3       java.lang.Math::max (11 bytes)
Event: 0.065 Thread 0x000002d9bba72010 nmethod 186 0x000002d9a3ca4a88 code [0x000002d9a3ca4ba0, 0x000002d9a3ca4d08]
Event: 0.065 Thread 0x000002d9bba72010  188       3       java.lang.StringLatin1::indexOf (17 bytes)
Event: 0.065 Thread 0x000002d9bb9b54b0 nmethod 187 0x000002d9a3ca4d88 code [0x000002d9a3ca4ea0, 0x000002d9a3ca4fd0]
Event: 0.065 Thread 0x000002d9bb9b54b0  189       3       jdk.internal.util.Preconditions::checkFromToIndex (24 bytes)
Event: 0.065 Thread 0x000002d9bba72010 nmethod 188 0x000002d9a3ca5088 code [0x000002d9a3ca51c0, 0x000002d9a3ca5530]
Event: 0.065 Thread 0x000002d9bb9b54b0 nmethod 189 0x000002d9a3ca5588 code [0x000002d9a3ca56c0, 0x000002d9a3ca5878]

GC Heap History (0 events):
No events

Dll operation events (4 events):
Event: 0.007 Loaded shared library C:\Program Files\Java\jdk-23\bin\java.dll
Event: 0.032 Loaded shared library C:\Program Files\Java\jdk-23\bin\jsvml.dll
Event: 0.062 Loaded shared library C:\Program Files\Java\jdk-23\bin\zip.dll
Event: 0.065 Loaded shared library C:\Program Files\Java\jdk-23\bin\instrument.dll

Deoptimization events (0 events):
No events

Classes loaded (11 events):
Event: 0.026 Loading class sun/nio/cs/MS1254
Event: 0.026 Loading class sun/nio/cs/MS1254 done
Event: 0.027 Loading class sun/nio/cs/MS1254$Holder
Event: 0.027 Loading class sun/nio/cs/MS1254$Holder done
Event: 0.051 Loading class jdk/internal/module/ModuleReferenceImpl$CachedHash
Event: 0.051 Loading class jdk/internal/module/ModuleReferenceImpl$CachedHash done
Event: 0.064 Loading class sun/instrument/InstrumentationImpl
Event: 0.064 Loading class java/lang/instrument/Instrumentation
Event: 0.064 Loading class java/lang/instrument/Instrumentation done
Event: 0.064 Loading class sun/instrument/InstrumentationImpl done
Event: 0.065 Loading class sun/instrument/TransformerManager

Classes unloaded (0 events):
No events

Classes redefined (0 events):
No events

Internal exceptions (0 events):
No events

VM Operations (2 events):
Event: 0.050 Executing VM operation: HandshakeAllThreads (Deoptimize)
Event: 0.050 Executing VM operation: HandshakeAllThreads (Deoptimize) done

Memory protections (0 events):
No events

Nmethod flushes (0 events):
No events

Events (11 events):
Event: 0.020 Thread 0x000002d9990e5210 Thread added: 0x000002d9990e5210
Event: 0.029 Thread 0x000002d9990e5210 Thread added: 0x000002d9bb99e380
Event: 0.029 Thread 0x000002d9990e5210 Thread added: 0x000002d9bb99f2a0
Event: 0.029 Thread 0x000002d9990e5210 Thread added: 0x000002d9bb9a13d0
Event: 0.029 Thread 0x000002d9990e5210 Thread added: 0x000002d9bb9a3e40
Event: 0.029 Thread 0x000002d9990e5210 Thread added: 0x000002d9bb9a49d0
Event: 0.029 Thread 0x000002d9990e5210 Thread added: 0x000002d9bb9a8770
Event: 0.030 Thread 0x000002d9990e5210 Thread added: 0x000002d9bb9a70a0
Event: 0.030 Thread 0x000002d9990e5210 Thread added: 0x000002d9bb9b54b0
Event: 0.032 Thread 0x000002d9bb9b54b0 Thread added: 0x000002d9bba72010
Event: 0.046 Thread 0x000002d9990e5210 Thread added: 0x000002d9bbad3df0


Dynamic libraries:
0x00007ff76f920000 - 0x00007ff76f930000 	C:\Program Files\Java\jdk-23\bin\java.exe
0x00007ff88cd10000 - 0x00007ff88cf27000 	C:\WINDOWS\SYSTEM32\ntdll.dll
0x00007ff88b870000 - 0x00007ff88b934000 	C:\WINDOWS\System32\KERNEL32.DLL
0x00007ff88a060000 - 0x00007ff88a430000 	C:\WINDOWS\System32\KERNELBASE.dll
0x00007ff88a580000 - 0x00007ff88a691000 	C:\WINDOWS\System32\ucrtbase.dll
0x00007ff859470000 - 0x00007ff859487000 	C:\Program Files\Java\jdk-23\bin\jli.dll
0x00007ff876220000 - 0x00007ff87623b000 	C:\Program Files\Java\jdk-23\bin\VCRUNTIME140.dll
0x00007ff88b090000 - 0x00007ff88b23e000 	C:\WINDOWS\System32\USER32.dll
0x00007ff88a6a0000 - 0x00007ff88a6c6000 	C:\WINDOWS\System32\win32u.dll
0x00007ff86fa80000 - 0x00007ff86fd12000 	C:\WINDOWS\WinSxS\amd64_microsoft.windows.common-controls_6595b64144ccf1df_6.0.22621.4830_none_270fe7d773858e80\COMCTL32.dll
0x00007ff88b250000 - 0x00007ff88b279000 	C:\WINDOWS\System32\GDI32.dll
0x00007ff88b330000 - 0x00007ff88b3d7000 	C:\WINDOWS\System32\msvcrt.dll
0x00007ff88a460000 - 0x00007ff88a57b000 	C:\WINDOWS\System32\gdi32full.dll
0x00007ff889fc0000 - 0x00007ff88a05a000 	C:\WINDOWS\System32\msvcp_win.dll
0x00007ff88bee0000 - 0x00007ff88bf11000 	C:\WINDOWS\System32\IMM32.DLL
0x00007ff8632c0000 - 0x00007ff8632cc000 	C:\Program Files\Java\jdk-23\bin\vcruntime140_1.dll
0x00007ff84bea0000 - 0x00007ff84bf2e000 	C:\Program Files\Java\jdk-23\bin\msvcp140.dll
0x00007fffa1af0000 - 0x00007fffa283f000 	C:\Program Files\Java\jdk-23\bin\server\jvm.dll
0x00007ff88b7b0000 - 0x00007ff88b861000 	C:\WINDOWS\System32\ADVAPI32.dll
0x00007ff88b680000 - 0x00007ff88b727000 	C:\WINDOWS\System32\sechost.dll
0x00007ff88a430000 - 0x00007ff88a458000 	C:\WINDOWS\System32\bcrypt.dll
0x00007ff88b940000 - 0x00007ff88ba54000 	C:\WINDOWS\System32\RPCRT4.dll
0x00007ff88b280000 - 0x00007ff88b2f1000 	C:\WINDOWS\System32\WS2_32.dll
0x00007ff87e3d0000 - 0x00007ff87e3da000 	C:\WINDOWS\SYSTEM32\VERSION.dll
0x00007ff8834f0000 - 0x00007ff883524000 	C:\WINDOWS\SYSTEM32\WINMM.dll
0x00007ff888e20000 - 0x00007ff888e6d000 	C:\WINDOWS\SYSTEM32\POWRPROF.dll
0x00007ff888e00000 - 0x00007ff888e13000 	C:\WINDOWS\SYSTEM32\UMPDC.dll
0x00007ff889050000 - 0x00007ff889068000 	C:\WINDOWS\SYSTEM32\kernel.appcore.dll
0x00007ff859580000 - 0x00007ff85958a000 	C:\Program Files\Java\jdk-23\bin\jimage.dll
0x00007ff887370000 - 0x00007ff8875a2000 	C:\WINDOWS\SYSTEM32\DBGHELP.DLL
0x00007ff88c8c0000 - 0x00007ff88cc50000 	C:\WINDOWS\System32\combase.dll
0x00007ff88aa00000 - 0x00007ff88aad7000 	C:\WINDOWS\System32\OLEAUT32.dll
0x00007ff87bbf0000 - 0x00007ff87bc22000 	C:\WINDOWS\SYSTEM32\dbgcore.DLL
0x00007ff88a980000 - 0x00007ff88a9fb000 	C:\WINDOWS\System32\bcryptPrimitives.dll
0x00007ff859790000 - 0x00007ff85979f000 	C:\Program Files\Java\jdk-23\bin\instrument.dll
0x00007ff855210000 - 0x00007ff85522e000 	C:\Program Files\Java\jdk-23\bin\java.dll
0x00007ff88aee0000 - 0x00007ff88b081000 	C:\WINDOWS\System32\ole32.dll
0x00007ff88c030000 - 0x00007ff88c8a8000 	C:\WINDOWS\System32\SHELL32.dll
0x00007ff887ed0000 - 0x00007ff8887e0000 	C:\WINDOWS\SYSTEM32\windows.storage.dll
0x00007ff887d90000 - 0x00007ff887ecf000 	C:\WINDOWS\SYSTEM32\wintypes.dll
0x00007ff88adc0000 - 0x00007ff88aeca000 	C:\WINDOWS\System32\SHCORE.dll
0x00007ff88b730000 - 0x00007ff88b78e000 	C:\WINDOWS\System32\shlwapi.dll
0x00007ff889ef0000 - 0x00007ff889f1b000 	C:\WINDOWS\SYSTEM32\profapi.dll
0x00007ff842dd0000 - 0x00007ff842ea7000 	C:\Program Files\Java\jdk-23\bin\jsvml.dll
0x00007ff84ed80000 - 0x00007ff84ed97000 	C:\Program Files\Java\jdk-23\bin\zip.dll

dbghelp: loaded successfully - version: 4.0.5 - missing functions: none
symbol engine: initialized successfully - sym options: 0x614 - pdb path: .;C:\Program Files\Java\jdk-23\bin;C:\WINDOWS\SYSTEM32;C:\WINDOWS\WinSxS\amd64_microsoft.windows.common-controls_6595b64144ccf1df_6.0.22621.4830_none_270fe7d773858e80;C:\Program Files\Java\jdk-23\bin\server

VM Arguments:
jvm_args: -javaagent:C:\Program Files\JetBrains\IntelliJ IDEA 2024.2.3\lib\idea_rt.jar=64100:C:\Program Files\JetBrains\IntelliJ IDEA 2024.2.3\bin -Dfile.encoding=UTF-8 -Dsun.stdout.encoding=UTF-8 -Dsun.stderr.encoding=UTF-8 
java_command: EntryPage
java_class_path (initial): C:\Users\Dell\Desktop\MusicPlayerApp\out\production\MusicPlayerApp;C:\Users\Dell\Desktop\MusicPlayerApp\out\artifacts\MusicPlayerApp_jar2\MusicPlayerApp.jar;C:\Users\Dell\Desktop\sqljdbc_12.8\enu\jars\mssql-jdbc-12.8.1.jre11.jar;C:\Users\Dell\Desktop\MusicPlayerApp\lib\javaee.jar
Launcher Type: SUN_STANDARD

[Global flags]
     intx CICompilerCount                          = 12                                        {product} {ergonomic}
     uint ConcGCThreads                            = 4                                         {product} {ergonomic}
     uint G1ConcRefinementThreads                  = 15                                        {product} {ergonomic}
   size_t G1HeapRegionSize                         = 2097152                                   {product} {ergonomic}
   size_t InitialHeapSize                          = 264241152                                 {product} {ergonomic}
   size_t MarkStackSize                            = 4194304                                   {product} {ergonomic}
   size_t MarkStackSizeMax                         = 536870912                                 {product} {ergonomic}
   size_t MaxHeapSize                              = 4213178368                                {product} {ergonomic}
   size_t MaxNewSize                               = 2527068160                                {product} {ergonomic}
   size_t MinHeapDeltaBytes                        = 2097152                                   {product} {ergonomic}
   size_t MinHeapSize                              = 8388608                                   {product} {ergonomic}
    uintx NonNMethodCodeHeapSize                   = 7602176                                {pd product} {ergonomic}
    uintx NonProfiledCodeHeapSize                  = 122093568                              {pd product} {ergonomic}
    uintx ProfiledCodeHeapSize                     = 121962496                              {pd product} {ergonomic}
    uintx ReservedCodeCacheSize                    = 251658240                              {pd product} {ergonomic}
     bool SegmentedCodeCache                       = true                                      {product} {ergonomic}
   size_t SoftMaxHeapSize                          = 4213178368                             {manageable} {ergonomic}
     bool UseCompressedOops                        = true                           {product lp64_product} {ergonomic}
     bool UseG1GC                                  = true                                      {product} {ergonomic}
     bool UseLargePagesIndividualAllocation        = false                                  {pd product} {ergonomic}

Logging:
Log output configuration:
 #0: stdout all=warning uptime,level,tags foldmultilines=false
 #1: stderr all=off uptime,level,tags foldmultilines=false

Environment Variables:
PATH=C:\WinAVR-20100110\bin;C:\WinAVR-20100110\utils\bin;C:\Program Files\Microsoft MPI\Bin\;C:\Program Files\Common Files\Oracle\Java\javapath;C:\Windows\system32;C:\Windows;C:\Windows\System32\Wbem;C:\Windows\System32\WindowsPowerShell\v1.0\;C:\Windows\System32\OpenSSH\;C:\Program Files\dotnet\;C:\WINDOWS\system32;C:\WINDOWS;C:\WINDOWS\System32\Wbem;C:\WINDOWS\System32\WindowsPowerShell\v1.0\;C:\WINDOWS\System32\OpenSSH\;C:\Program Files (x86)\NVIDIA Corporation\PhysX\Common;C:\Program Files\Git\cmd;C:\Program Files\NVIDIA Corporation\NVIDIA app\NvDLISR;C:\Program Files (x86)\Microsoft SQL Server\160\Tools\Binn\;D:\Microsoft SQL Server\160\Tools\Binn\;D:\Microsoft SQL Server\Client SDK\ODBC\170\Tools\Binn\;D:\Microsoft SQL Server\160\DTS\Binn\;C:\Program Files (x86)\Microsoft SQL Server\160\DTS\Binn\;D:\Microsoft SQL Server\150\Tools\Binn\;C:\Users\Dell\AppData\Local\Programs\Python\Launcher\;C:\Users\Dell\AppData\Local\Microsoft\WindowsApps;C:\Program Files\JetBrains\PyCharm Community Edition 2023.3.3\bin;;C:\Users\Dell\AppData\Local\GitHubDesktop\bin;C:\Users\Dell\AppData\Roaming\Programs\Zero Install;C:\Program Files\JetBrains\IntelliJ IDEA 2024.2.3\bin;;C:\Users\Dell\.dotnet\tools
USERNAME=Furkan Aydemir
OS=Windows_NT
PROCESSOR_IDENTIFIER=Intel64 Family 6 Model 154 Stepping 3, GenuineIntel
TMP=C:\Users\Dell\AppData\Local\Temp
TEMP=C:\Users\Dell\AppData\Local\Temp




Periodic native trim disabled

---------------  S Y S T E M  ---------------

OS:
 Windows 11 , 64 bit Build 22621 (10.0.22621.4830)
OS uptime: 0 days 9:54 hours
Hyper-V role detected

CPU: total 20 (initial active 20) (10 cores per cpu, 2 threads per core) family 6 model 154 stepping 3 microcode 0x435, cx8, cmov, fxsr, ht, mmx, 3dnowpref, sse, sse2, sse3, ssse3, sse4.1, sse4.2, popcnt, lzcnt, tsc, tscinvbit, avx, avx2, aes, erms, clmul, bmi1, bmi2, adx, sha, fma, vzeroupper, clflush, clflushopt, clwb, hv, serialize, rdtscp, rdpid, fsrm, gfni, f16c, cet_ibt, cet_ss
Processor Information for processor 0
  Max Mhz: 2300, Current Mhz: 1506, Mhz Limit: 2300
Processor Information for processor 1
  Max Mhz: 2300, Current Mhz: 1506, Mhz Limit: 2300
Processor Information for processor 2
  Max Mhz: 2300, Current Mhz: 2300, Mhz Limit: 2300
Processor Information for processor 3
  Max Mhz: 2300, Current Mhz: 2300, Mhz Limit: 2300
Processor Information for processor 4
  Max Mhz: 2300, Current Mhz: 1506, Mhz Limit: 2300
Processor Information for processor 5
  Max Mhz: 2300, Current Mhz: 2300, Mhz Limit: 2300
Processor Information for processor 6
  Max Mhz: 2300, Current Mhz: 2300, Mhz Limit: 2300
Processor Information for processor 7
  Max Mhz: 2300, Current Mhz: 1506, Mhz Limit: 2300
Processor Information for processor 8
  Max Mhz: 2300, Current Mhz: 2300, Mhz Limit: 2300
Processor Information for processor 9
  Max Mhz: 2300, Current Mhz: 2300, Mhz Limit: 2300
Processor Information for processor 10
  Max Mhz: 2300, Current Mhz: 2300, Mhz Limit: 2300
Processor Information for processor 11
  Max Mhz: 2300, Current Mhz: 2300, Mhz Limit: 2300
Processor Information for processor 12
  Max Mhz: 2300, Current Mhz: 2300, Mhz Limit: 2300
Processor Information for processor 13
  Max Mhz: 2300, Current Mhz: 2300, Mhz Limit: 2300
Processor Information for processor 14
  Max Mhz: 2300, Current Mhz: 1488, Mhz Limit: 2300
Processor Information for processor 15
  Max Mhz: 2300, Current Mhz: 1488, Mhz Limit: 2300
Processor Information for processor 16
  Max Mhz: 2300, Current Mhz: 2300, Mhz Limit: 2300
Processor Information for processor 17
  Max Mhz: 2300, Current Mhz: 2300, Mhz Limit: 2300
Processor Information for processor 18
  Max Mhz: 2300, Current Mhz: 2300, Mhz Limit: 2300
Processor Information for processor 19
  Max Mhz: 2300, Current Mhz: 1488, Mhz Limit: 2300

Memory: 4k page, system-wide physical 16068M (1493M free)
TotalPageFile size 24260M (AvailPageFile size 6M)
current process WorkingSet (physical memory assigned to process): 39M, peak: 39M
current process commit charge ("private bytes"): 352M, peak: 352M

vm_info: Java HotSpot(TM) 64-Bit Server VM (23.0.1+11-39) for windows-amd64 JRE (23.0.1+11-39), built on 2024-09-30T07:20:43Z with MS VC++ 17.6 (VS2022)

END.
